2026-04-08 13:50:27.351660[INFO][DMMotor#6] zlog version: 0.1.dev1+g3715879
2026-04-08 13:50:27.351710[INFO][DMMotor#6] zlog_cpp version: 1.0.1
2026-04-08 13:50:27.351716[INFO][DMMotor#6] AIRBOT Drivers: v0.2.9.2-manufacture
2026-04-08 13:50:27.529121[INFO][DMMotor#6]                      p_m: 0.010347
2026-04-08 13:50:27.529166[INFO][DMMotor#6]                 m_offset: -2.179787
2026-04-08 13:50:27.529175[INFO][DMMotor#6]                       k2: -1.559483
2026-04-08 13:50:27.529182[INFO][DMMotor#6]           u_phase_offset: 1986.500000
2026-04-08 13:50:27.529190[INFO][DMMotor#6]           v_phase_offset: 1986.500000
2026-04-08 13:50:27.529202[INFO][DMMotor#6]                    IQ_c1: 2500.000000
2026-04-08 13:50:27.529222[INFO][DMMotor#6]                    VL_c1: 1000.000000
2026-04-08 13:50:27.529229[INFO][DMMotor#6]                  timeout: 0
2026-04-08 13:50:27.529236[INFO][DMMotor#6]            listen_can_id: 6
2026-04-08 13:50:27.529243[INFO][DMMotor#6]          feedback_can_id: 1798
2026-04-08 13:50:27.529250[INFO][DMMotor#6]             deceleration: -2.000000
2026-04-08 13:50:27.529257[INFO][DMMotor#6]                  vel_max: 30.000000
2026-04-08 13:50:27.529265[INFO][DMMotor#6]          speed_bandwidth: 50.000000
2026-04-08 13:50:27.529275[INFO][DMMotor#6]                  inertia: 0.000023
2026-04-08 13:50:27.529281[INFO][DMMotor#6]                       k1: 0.985512
2026-04-08 13:50:27.529288[INFO][DMMotor#6]                max_speed: 600.000000
2026-04-08 13:50:27.529294[INFO][DMMotor#6]       over_current_thres: 0.800000
2026-04-08 13:50:27.529301[INFO][DMMotor#6]             k_torque_out: 0.000000
2026-04-08 13:50:27.529307[INFO][DMMotor#6]                     xout: 0.015340
2026-04-08 13:50:27.529316[INFO][DMMotor#6]       over_voltage_thres: 32.000000
2026-04-08 13:50:27.529323[INFO][DMMotor#6]             acceleration: 2.000000
2026-04-08 13:50:27.529329[INFO][DMMotor#6]                     deta: 4.000000
2026-04-08 13:50:27.529335[INFO][DMMotor#6]      under_voltage_thres: 15.000000
2026-04-08 13:50:27.529342[INFO][DMMotor#6]         hardware_version: 300V
2026-04-08 13:50:27.529348[INFO][DMMotor#6]             control_mode: 2
2026-04-08 13:50:27.529356[INFO][DMMotor#6]              kp_position: 54.000000
2026-04-08 13:50:27.529366[INFO][DMMotor#6]               fw_version: 5015
2026-04-08 13:50:27.529375[INFO][DMMotor#6]                 damp_eff: 0.000185
2026-04-08 13:50:27.529385[INFO][DMMotor#6]                 ki_speed: 0.015708
2026-04-08 13:50:27.529395[INFO][DMMotor#6]           gear_ratio_eff: 1.000000
2026-04-08 13:50:27.529407[INFO][DMMotor#6]         phase_resistance: 0.886050
2026-04-08 13:50:27.529417[INFO][DMMotor#6]         phase_inductance: 0.000366
2026-04-08 13:50:27.529426[INFO][DMMotor#6]             flux_linkage: 0.005237
2026-04-08 13:50:27.529436[INFO][DMMotor#6]               gear_ratio: 10.000000
2026-04-08 13:50:27.529445[INFO][DMMotor#6]              i_bandwidth: 1000.000000
2026-04-08 13:50:27.529455[INFO][DMMotor#6]             can_baudrate: 4
2026-04-08 13:50:27.529464[INFO][DMMotor#6]                  pos_max: 12.500000
2026-04-08 13:50:27.529474[INFO][DMMotor#6]          over_temp_thres: 100.000000
2026-04-08 13:50:27.529484[INFO][DMMotor#6]               torque_max: 10.000000
2026-04-08 13:50:27.529493[INFO][DMMotor#6]                direction: 2.000000
2026-04-08 13:50:27.529503[INFO][DMMotor#6]              ki_position: 0.000000
2026-04-08 13:50:27.529514[INFO][DMMotor#6]     number_of_pole_pairs: 14
2026-04-08 13:50:27.529523[INFO][DMMotor#6]                 kp_speed: 0.004151
2026-04-08 13:53:07.348549[INFO][DMMotor#6] zlog version: 0.1.dev1+g3715879
2026-04-08 13:53:07.348557[INFO][DMMotor#6] zlog_cpp version: 1.0.1
2026-04-08 13:53:07.348562[INFO][DMMotor#6] AIRBOT Drivers: v0.2.9.2-manufacture
2026-04-08 13:53:07.525997[INFO][DMMotor#6]                      p_m: 0.010347
2026-04-08 13:53:07.526045[INFO][DMMotor#6]                 m_offset: -2.179787
2026-04-08 13:53:07.526055[INFO][DMMotor#6]                       k2: -1.559483
2026-04-08 13:53:07.526064[INFO][DMMotor#6]           u_phase_offset: 1986.500000
2026-04-08 13:53:07.526079[INFO][DMMotor#6]           v_phase_offset: 1986.500000
2026-04-08 13:53:07.526094[INFO][DMMotor#6]                    IQ_c1: 2500.000000
2026-04-08 13:53:07.526108[INFO][DMMotor#6]                    VL_c1: 1000.000000
2026-04-08 13:53:07.526115[INFO][DMMotor#6]                  timeout: 0
2026-04-08 13:53:07.526121[INFO][DMMotor#6]            listen_can_id: 6
2026-04-08 13:53:07.526130[INFO][DMMotor#6]          feedback_can_id: 1798
2026-04-08 13:53:07.526140[INFO][DMMotor#6]             deceleration: -2.000000
2026-04-08 13:53:07.526147[INFO][DMMotor#6]                  vel_max: 30.000000
2026-04-08 13:53:07.526153[INFO][DMMotor#6]          speed_bandwidth: 50.000000
2026-04-08 13:53:07.526160[INFO][DMMotor#6]                  inertia: 0.000023
2026-04-08 13:53:07.526166[INFO][DMMotor#6]                       k1: 0.985512
2026-04-08 13:53:07.526173[INFO][DMMotor#6]                max_speed: 600.000000
2026-04-08 13:53:07.526180[INFO][DMMotor#6]       over_current_thres: 0.800000
2026-04-08 13:53:07.526186[INFO][DMMotor#6]             k_torque_out: 0.000000
2026-04-08 13:53:07.526193[INFO][DMMotor#6]                     xout: 0.004602
2026-04-08 13:53:07.526200[INFO][DMMotor#6]       over_voltage_thres: 32.000000
2026-04-08 13:53:07.526207[INFO][DMMotor#6]             acceleration: 2.000000
2026-04-08 13:53:07.526213[INFO][DMMotor#6]                     deta: 4.000000
2026-04-08 13:53:07.526220[INFO][DMMotor#6]      under_voltage_thres: 15.000000
2026-04-08 13:53:07.526227[INFO][DMMotor#6]         hardware_version: 300V
2026-04-08 13:53:07.526233[INFO][DMMotor#6]             control_mode: 1
2026-04-08 13:53:07.526240[INFO][DMMotor#6]              kp_position: 54.000000
2026-04-08 13:53:07.526246[INFO][DMMotor#6]               fw_version: 5015
2026-04-08 13:53:07.526252[INFO][DMMotor#6]                 damp_eff: 0.000185
2026-04-08 13:53:07.526259[INFO][DMMotor#6]                 ki_speed: 0.015708
2026-04-08 13:53:07.526265[INFO][DMMotor#6]           gear_ratio_eff: 1.000000
2026-04-08 13:53:07.526273[INFO][DMMotor#6]         phase_resistance: 0.886050
2026-04-08 13:53:07.526279[INFO][DMMotor#6]         phase_inductance: 0.000366
2026-04-08 13:53:07.526286[INFO][DMMotor#6]             flux_linkage: 0.005237
2026-04-08 13:53:07.526293[INFO][DMMotor#6]               gear_ratio: 10.000000
2026-04-08 13:53:07.526299[INFO][DMMotor#6]              i_bandwidth: 1000.000000
2026-04-08 13:53:07.526305[INFO][DMMotor#6]             can_baudrate: 4
2026-04-08 13:53:07.526312[INFO][DMMotor#6]                  pos_max: 12.500000
2026-04-08 13:53:07.526319[INFO][DMMotor#6]          over_temp_thres: 100.000000
2026-04-08 13:53:07.526325[INFO][DMMotor#6]               torque_max: 10.000000
2026-04-08 13:53:07.526333[INFO][DMMotor#6]                direction: 2.000000
2026-04-08 13:53:07.526342[INFO][DMMotor#6]              ki_position: 0.000000
2026-04-08 13:53:07.526349[INFO][DMMotor#6]     number_of_pole_pairs: 14
2026-04-08 13:53:07.526355[INFO][DMMotor#6]                 kp_speed: 0.004151
2026-04-08 13:53:16.297261[INFO][DMMotor#6] zlog version: 0.1.dev1+g3715879
2026-04-08 13:53:16.297271[INFO][DMMotor#6] zlog_cpp version: 1.0.1
2026-04-08 13:53:16.297277[INFO][DMMotor#6] AIRBOT Drivers: v0.2.9.2-manufacture
2026-04-08 13:53:16.474766[INFO][DMMotor#6]                      p_m: 0.010347
2026-04-08 13:53:16.474823[INFO][DMMotor#6]                 m_offset: -2.179787
2026-04-08 13:53:16.474830[INFO][DMMotor#6]                       k2: -1.559483
2026-04-08 13:53:16.474837[INFO][DMMotor#6]           u_phase_offset: 1986.500000
2026-04-08 13:53:16.474843[INFO][DMMotor#6]           v_phase_offset: 1986.500000
2026-04-08 13:53:16.474855[INFO][DMMotor#6]                    IQ_c1: 2500.000000
2026-04-08 13:53:16.474876[INFO][DMMotor#6]                    VL_c1: 1000.000000
2026-04-08 13:53:16.474887[INFO][DMMotor#6]                  timeout: 0
2026-04-08 13:53:16.474893[INFO][DMMotor#6]            listen_can_id: 6
2026-04-08 13:53:16.474898[INFO][DMMotor#6]          feedback_can_id: 1798
2026-04-08 13:53:16.474916[INFO][DMMotor#6]             deceleration: -2.000000
2026-04-08 13:53:16.474925[INFO][DMMotor#6]                  vel_max: 30.000000
2026-04-08 13:53:16.474930[INFO][DMMotor#6]          speed_bandwidth: 50.000000
2026-04-08 13:53:16.474936[INFO][DMMotor#6]                  inertia: 0.000023
2026-04-08 13:53:16.474942[INFO][DMMotor#6]                       k1: 0.985512
2026-04-08 13:53:16.474947[INFO][DMMotor#6]                max_speed: 600.000000
2026-04-08 13:53:16.474952[INFO][DMMotor#6]       over_current_thres: 0.800000
2026-04-08 13:53:16.474958[INFO][DMMotor#6]             k_torque_out: 0.000000
2026-04-08 13:53:16.474963[INFO][DMMotor#6]                     xout: 0.009204
2026-04-08 13:53:16.474972[INFO][DMMotor#6]       over_voltage_thres: 32.000000
2026-04-08 13:53:16.474977[INFO][DMMotor#6]             acceleration: 2.000000
2026-04-08 13:53:16.474983[INFO][DMMotor#6]                     deta: 4.000000
2026-04-08 13:53:16.474988[INFO][DMMotor#6]      under_voltage_thres: 15.000000
2026-04-08 13:53:16.474993[INFO][DMMotor#6]         hardware_version: 300V
2026-04-08 13:53:16.475000[INFO][DMMotor#6]             control_mode: 1
2026-04-08 13:53:16.475005[INFO][DMMotor#6]              kp_position: 54.000000
2026-04-08 13:53:16.475010[INFO][DMMotor#6]               fw_version: 5015
2026-04-08 13:53:16.475016[INFO][DMMotor#6]                 damp_eff: 0.000185
2026-04-08 13:53:16.475021[INFO][DMMotor#6]                 ki_speed: 0.015708
2026-04-08 13:53:16.475027[INFO][DMMotor#6]           gear_ratio_eff: 1.000000
2026-04-08 13:53:16.475037[INFO][DMMotor#6]         phase_resistance: 0.886050
2026-04-08 13:53:16.475042[INFO][DMMotor#6]         phase_inductance: 0.000366
2026-04-08 13:53:16.475048[INFO][DMMotor#6]             flux_linkage: 0.005237
2026-04-08 13:53:16.475053[INFO][DMMotor#6]               gear_ratio: 10.000000
2026-04-08 13:53:16.475058[INFO][DMMotor#6]              i_bandwidth: 1000.000000
2026-04-08 13:53:16.475064[INFO][DMMotor#6]             can_baudrate: 4
2026-04-08 13:53:16.475069[INFO][DMMotor#6]                  pos_max: 12.500000
2026-04-08 13:53:16.475074[INFO][DMMotor#6]          over_temp_thres: 100.000000
2026-04-08 13:53:16.475080[INFO][DMMotor#6]               torque_max: 10.000000
2026-04-08 13:53:16.475085[INFO][DMMotor#6]                direction: 2.000000
2026-04-08 13:53:16.475090[INFO][DMMotor#6]              ki_position: 0.000000
2026-04-08 13:53:16.475096[INFO][DMMotor#6]     number_of_pole_pairs: 14
2026-04-08 13:53:16.475101[INFO][DMMotor#6]                 kp_speed: 0.004151
2026-04-08 13:55:53.179528[INFO][DMMotor#6] zlog version: 0.1.dev1+g3715879
2026-04-08 13:55:53.179535[INFO][DMMotor#6] zlog_cpp version: 1.0.1
2026-04-08 13:55:53.179539[INFO][DMMotor#6] AIRBOT Drivers: v0.2.9.2-manufacture
2026-04-08 13:55:53.356970[INFO][DMMotor#6]                      p_m: 0.010309
2026-04-08 13:55:53.357017[INFO][DMMotor#6]                 m_offset: -2.179787
2026-04-08 13:55:53.357024[INFO][DMMotor#6]                       k2: -1.559483
2026-04-08 13:55:53.357030[INFO][DMMotor#6]           u_phase_offset: 1986.500000
2026-04-08 13:55:53.357054[INFO][DMMotor#6]           v_phase_offset: 1986.500000
2026-04-08 13:55:53.357074[INFO][DMMotor#6]                    IQ_c1: 2500.000000
2026-04-08 13:55:53.357088[INFO][DMMotor#6]                    VL_c1: 1000.000000
2026-04-08 13:55:53.357093[INFO][DMMotor#6]                  timeout: 0
2026-04-08 13:55:53.357099[INFO][DMMotor#6]            listen_can_id: 6
2026-04-08 13:55:53.357105[INFO][DMMotor#6]          feedback_can_id: 1798
2026-04-08 13:55:53.357110[INFO][DMMotor#6]             deceleration: -2.000000
2026-04-08 13:55:53.357115[INFO][DMMotor#6]                  vel_max: 30.000000
2026-04-08 13:55:53.357121[INFO][DMMotor#6]          speed_bandwidth: 50.000000
2026-04-08 13:55:53.357126[INFO][DMMotor#6]                  inertia: 0.000023
2026-04-08 13:55:53.357132[INFO][DMMotor#6]                       k1: 0.985512
2026-04-08 13:55:53.357138[INFO][DMMotor#6]                max_speed: 600.000000
2026-04-08 13:55:53.357145[INFO][DMMotor#6]       over_current_thres: 0.800000
2026-04-08 13:55:53.357153[INFO][DMMotor#6]             k_torque_out: 0.000000
2026-04-08 13:55:53.357158[INFO][DMMotor#6]                     xout: 0.009204
2026-04-08 13:55:53.357163[INFO][DMMotor#6]       over_voltage_thres: 32.000000
2026-04-08 13:55:53.357169[INFO][DMMotor#6]             acceleration: 2.000000
2026-04-08 13:55:53.357174[INFO][DMMotor#6]                     deta: 4.000000
2026-04-08 13:55:53.357180[INFO][DMMotor#6]      under_voltage_thres: 15.000000
2026-04-08 13:55:53.357186[INFO][DMMotor#6]         hardware_version: 300V
2026-04-08 13:55:53.357191[INFO][DMMotor#6]             control_mode: 1
2026-04-08 13:55:53.357196[INFO][DMMotor#6]              kp_position: 54.000000
2026-04-08 13:55:53.357201[INFO][DMMotor#6]               fw_version: 5015
2026-04-08 13:55:53.357206[INFO][DMMotor#6]                 damp_eff: 0.000185
2026-04-08 13:55:53.357212[INFO][DMMotor#6]                 ki_speed: 0.015708
2026-04-08 13:55:53.357218[INFO][DMMotor#6]           gear_ratio_eff: 1.000000
2026-04-08 13:55:53.357223[INFO][DMMotor#6]         phase_resistance: 0.886050
2026-04-08 13:55:53.357229[INFO][DMMotor#6]         phase_inductance: 0.000366
2026-04-08 13:55:53.357234[INFO][DMMotor#6]             flux_linkage: 0.005237
2026-04-08 13:55:53.357239[INFO][DMMotor#6]               gear_ratio: 10.000000
2026-04-08 13:55:53.357245[INFO][DMMotor#6]              i_bandwidth: 1000.000000
2026-04-08 13:55:53.357250[INFO][DMMotor#6]             can_baudrate: 4
2026-04-08 13:55:53.357256[INFO][DMMotor#6]                  pos_max: 12.500000
2026-04-08 13:55:53.357261[INFO][DMMotor#6]          over_temp_thres: 100.000000
2026-04-08 13:55:53.357266[INFO][DMMotor#6]               torque_max: 10.000000
2026-04-08 13:55:53.357271[INFO][DMMotor#6]                direction: 2.000000
2026-04-08 13:55:53.357277[INFO][DMMotor#6]              ki_position: 0.000000
2026-04-08 13:55:53.357282[INFO][DMMotor#6]     number_of_pole_pairs: 14
2026-04-08 13:55:53.357288[INFO][DMMotor#6]                 kp_speed: 0.004151
2026-04-08 14:21:57.201544[INFO][DMMotor#6] zlog version: 0.1.dev1+g3715879
2026-04-08 14:21:57.201576[INFO][DMMotor#6] zlog_cpp version: 1.0.1
2026-04-08 14:21:57.201583[INFO][DMMotor#6] AIRBOT Drivers: v0.2.9.2-manufacture
2026-04-08 14:21:57.379109[INFO][DMMotor#6]                      p_m: 0.010386
2026-04-08 14:21:57.379156[INFO][DMMotor#6]                 m_offset: -2.179787
2026-04-08 14:21:57.379173[INFO][DMMotor#6]                       k2: -1.559483
2026-04-08 14:21:57.379192[INFO][DMMotor#6]           u_phase_offset: 1986.500000
2026-04-08 14:21:57.379199[INFO][DMMotor#6]           v_phase_offset: 1986.500000
2026-04-08 14:21:57.379208[INFO][DMMotor#6]                    IQ_c1: 2500.000000
2026-04-08 14:21:57.379221[INFO][DMMotor#6]                    VL_c1: 1000.000000
2026-04-08 14:21:57.379228[INFO][DMMotor#6]                  timeout: 0
2026-04-08 14:21:57.379234[INFO][DMMotor#6]            listen_can_id: 6
2026-04-08 14:21:57.379242[INFO][DMMotor#6]          feedback_can_id: 1798
2026-04-08 14:21:57.379248[INFO][DMMotor#6]             deceleration: -2.000000
2026-04-08 14:21:57.379255[INFO][DMMotor#6]                  vel_max: 30.000000
2026-04-08 14:21:57.379262[INFO][DMMotor#6]          speed_bandwidth: 50.000000
2026-04-08 14:21:57.379269[INFO][DMMotor#6]                  inertia: 0.000023
2026-04-08 14:21:57.379275[INFO][DMMotor#6]                       k1: 0.985512
2026-04-08 14:21:57.379282[INFO][DMMotor#6]                max_speed: 600.000000
2026-04-08 14:21:57.379289[INFO][DMMotor#6]       over_current_thres: 0.800000
2026-04-08 14:21:57.379298[INFO][DMMotor#6]             k_torque_out: 0.000000
2026-04-08 14:21:57.379304[INFO][DMMotor#6]                     xout: 0.003068
2026-04-08 14:21:57.379311[INFO][DMMotor#6]       over_voltage_thres: 32.000000
2026-04-08 14:21:57.379318[INFO][DMMotor#6]             acceleration: 2.000000
2026-04-08 14:21:57.379324[INFO][DMMotor#6]                     deta: 4.000000
2026-04-08 14:21:57.379332[INFO][DMMotor#6]      under_voltage_thres: 15.000000
2026-04-08 14:21:57.379342[INFO][DMMotor#6]         hardware_version: 300V
2026-04-08 14:21:57.379348[INFO][DMMotor#6]             control_mode: 1
2026-04-08 14:21:57.379355[INFO][DMMotor#6]              kp_position: 54.000000
2026-04-08 14:21:57.379361[INFO][DMMotor#6]               fw_version: 5015
2026-04-08 14:21:57.379368[INFO][DMMotor#6]                 damp_eff: 0.000185
2026-04-08 14:21:57.379375[INFO][DMMotor#6]                 ki_speed: 0.015708
2026-04-08 14:21:57.379381[INFO][DMMotor#6]           gear_ratio_eff: 1.000000
2026-04-08 14:21:57.379388[INFO][DMMotor#6]         phase_resistance: 0.886050
2026-04-08 14:21:57.379394[INFO][DMMotor#6]         phase_inductance: 0.000366
2026-04-08 14:21:57.379401[INFO][DMMotor#6]             flux_linkage: 0.005237
2026-04-08 14:21:57.379408[INFO][DMMotor#6]               gear_ratio: 10.000000
2026-04-08 14:21:57.379414[INFO][DMMotor#6]              i_bandwidth: 1000.000000
2026-04-08 14:21:57.379421[INFO][DMMotor#6]             can_baudrate: 4
2026-04-08 14:21:57.379427[INFO][DMMotor#6]                  pos_max: 12.500000
2026-04-08 14:21:57.379434[INFO][DMMotor#6]          over_temp_thres: 100.000000
2026-04-08 14:21:57.379441[INFO][DMMotor#6]               torque_max: 10.000000
2026-04-08 14:21:57.379448[INFO][DMMotor#6]                direction: 2.000000
2026-04-08 14:21:57.379455[INFO][DMMotor#6]              ki_position: 0.000000
2026-04-08 14:21:57.379461[INFO][DMMotor#6]     number_of_pole_pairs: 14
2026-04-08 14:21:57.379467[INFO][DMMotor#6]                 kp_speed: 0.004151
2026-04-08 14:24:23.252802[INFO][DMMotor#6] zlog version: 0.1.dev1+g3715879
2026-04-08 14:24:23.252810[INFO][DMMotor#6] zlog_cpp version: 1.0.1
2026-04-08 14:24:23.252815[INFO][DMMotor#6] AIRBOT Drivers: v0.2.9.2-manufacture
2026-04-08 14:24:23.430221[INFO][DMMotor#6]                      p_m: 0.010309
2026-04-08 14:24:23.430267[INFO][DMMotor#6]                 m_offset: -2.179787
2026-04-08 14:24:23.430275[INFO][DMMotor#6]                       k2: -1.559483
2026-04-08 14:24:23.430281[INFO][DMMotor#6]           u_phase_offset: 1986.500000
2026-04-08 14:24:23.430287[INFO][DMMotor#6]           v_phase_offset: 1986.500000
2026-04-08 14:24:23.430299[INFO][DMMotor#6]                    IQ_c1: 2500.000000
2026-04-08 14:24:23.430317[INFO][DMMotor#6]                    VL_c1: 1000.000000
2026-04-08 14:24:23.430326[INFO][DMMotor#6]                  timeout: 0
2026-04-08 14:24:23.430332[INFO][DMMotor#6]            listen_can_id: 6
2026-04-08 14:24:23.430338[INFO][DMMotor#6]          feedback_can_id: 1798
2026-04-08 14:24:23.430344[INFO][DMMotor#6]             deceleration: -2.000000
2026-04-08 14:24:23.430349[INFO][DMMotor#6]                  vel_max: 30.000000
2026-04-08 14:24:23.430355[INFO][DMMotor#6]          speed_bandwidth: 50.000000
2026-04-08 14:24:23.430360[INFO][DMMotor#6]                  inertia: 0.000023
2026-04-08 14:24:23.430365[INFO][DMMotor#6]                       k1: 0.985512
2026-04-08 14:24:23.430371[INFO][DMMotor#6]                max_speed: 600.000000
2026-04-08 14:24:23.430377[INFO][DMMotor#6]       over_current_thres: 0.800000
2026-04-08 14:24:23.430383[INFO][DMMotor#6]             k_torque_out: 0.000000
2026-04-08 14:24:23.430389[INFO][DMMotor#6]                     xout: 0.007670
2026-04-08 14:24:23.430395[INFO][DMMotor#6]       over_voltage_thres: 32.000000
2026-04-08 14:24:23.430400[INFO][DMMotor#6]             acceleration: 2.000000
2026-04-08 14:24:23.430405[INFO][DMMotor#6]                     deta: 4.000000
2026-04-08 14:24:23.430411[INFO][DMMotor#6]      under_voltage_thres: 15.000000
2026-04-08 14:24:23.430416[INFO][DMMotor#6]         hardware_version: 300V
2026-04-08 14:24:23.430421[INFO][DMMotor#6]             control_mode: 1
2026-04-08 14:24:23.430427[INFO][DMMotor#6]              kp_position: 54.000000
2026-04-08 14:24:23.430432[INFO][DMMotor#6]               fw_version: 5015
2026-04-08 14:24:23.430438[INFO][DMMotor#6]                 damp_eff: 0.000185
2026-04-08 14:24:23.430443[INFO][DMMotor#6]                 ki_speed: 0.015708
2026-04-08 14:24:23.430450[INFO][DMMotor#6]           gear_ratio_eff: 1.000000
2026-04-08 14:24:23.430460[INFO][DMMotor#6]         phase_resistance: 0.886050
2026-04-08 14:24:23.430466[INFO][DMMotor#6]         phase_inductance: 0.000366
2026-04-08 14:24:23.430471[INFO][DMMotor#6]             flux_linkage: 0.005237
2026-04-08 14:24:23.430476[INFO][DMMotor#6]               gear_ratio: 10.000000
2026-04-08 14:24:23.430481[INFO][DMMotor#6]              i_bandwidth: 1000.000000
2026-04-08 14:24:23.430487[INFO][DMMotor#6]             can_baudrate: 4
2026-04-08 14:24:23.430492[INFO][DMMotor#6]                  pos_max: 12.500000
2026-04-08 14:24:23.430498[INFO][DMMotor#6]          over_temp_thres: 100.000000
2026-04-08 14:24:23.430504[INFO][DMMotor#6]               torque_max: 10.000000
2026-04-08 14:24:23.430509[INFO][DMMotor#6]                direction: 2.000000
2026-04-08 14:24:23.430515[INFO][DMMotor#6]              ki_position: 0.000000
2026-04-08 14:24:23.430520[INFO][DMMotor#6]     number_of_pole_pairs: 14
2026-04-08 14:24:23.430525[INFO][DMMotor#6]                 kp_speed: 0.004151
2026-04-08 14:28:56.188055[INFO][DMMotor#6] zlog version: 0.1.dev1+g3715879
2026-04-08 14:28:56.188066[INFO][DMMotor#6] zlog_cpp version: 1.0.1
2026-04-08 14:28:56.188072[INFO][DMMotor#6] AIRBOT Drivers: v0.2.9.2-manufacture
2026-04-08 14:28:56.365542[INFO][DMMotor#6]                      p_m: 0.010309
2026-04-08 14:28:56.365597[INFO][DMMotor#6]                 m_offset: -2.179787
2026-04-08 14:28:56.365604[INFO][DMMotor#6]                       k2: -1.559483
2026-04-08 14:28:56.365610[INFO][DMMotor#6]           u_phase_offset: 1986.500000
2026-04-08 14:28:56.365616[INFO][DMMotor#6]           v_phase_offset: 1986.500000
2026-04-08 14:28:56.365624[INFO][DMMotor#6]                    IQ_c1: 2500.000000
2026-04-08 14:28:56.365636[INFO][DMMotor#6]                    VL_c1: 1000.000000
2026-04-08 14:28:56.365655[INFO][DMMotor#6]                  timeout: 0
2026-04-08 14:28:56.365661[INFO][DMMotor#6]            listen_can_id: 6
2026-04-08 14:28:56.365667[INFO][DMMotor#6]          feedback_can_id: 1798
2026-04-08 14:28:56.365672[INFO][DMMotor#6]             deceleration: -2.000000
2026-04-08 14:28:56.365678[INFO][DMMotor#6]                  vel_max: 30.000000
2026-04-08 14:28:56.365683[INFO][DMMotor#6]          speed_bandwidth: 50.000000
2026-04-08 14:28:56.365689[INFO][DMMotor#6]                  inertia: 0.000023
2026-04-08 14:28:56.365694[INFO][DMMotor#6]                       k1: 0.985512
2026-04-08 14:28:56.365700[INFO][DMMotor#6]                max_speed: 600.000000
2026-04-08 14:28:56.365705[INFO][DMMotor#6]       over_current_thres: 0.800000
2026-04-08 14:28:56.365711[INFO][DMMotor#6]             k_torque_out: 0.000000
2026-04-08 14:28:56.365716[INFO][DMMotor#6]                     xout: 0.007670
2026-04-08 14:28:56.365722[INFO][DMMotor#6]       over_voltage_thres: 32.000000
2026-04-08 14:28:56.365727[INFO][DMMotor#6]             acceleration: 2.000000
2026-04-08 14:28:56.365732[INFO][DMMotor#6]                     deta: 4.000000
2026-04-08 14:28:56.365737[INFO][DMMotor#6]      under_voltage_thres: 15.000000
2026-04-08 14:28:56.365743[INFO][DMMotor#6]         hardware_version: 300V
2026-04-08 14:28:56.365748[INFO][DMMotor#6]             control_mode: 1
2026-04-08 14:28:56.365753[INFO][DMMotor#6]              kp_position: 54.000000
2026-04-08 14:28:56.365758[INFO][DMMotor#6]               fw_version: 5015
2026-04-08 14:28:56.365765[INFO][DMMotor#6]                 damp_eff: 0.000185
2026-04-08 14:28:56.365770[INFO][DMMotor#6]                 ki_speed: 0.015708
2026-04-08 14:28:56.365775[INFO][DMMotor#6]           gear_ratio_eff: 1.000000
2026-04-08 14:28:56.365780[INFO][DMMotor#6]         phase_resistance: 0.886050
2026-04-08 14:28:56.365786[INFO][DMMotor#6]         phase_inductance: 0.000366
2026-04-08 14:28:56.365791[INFO][DMMotor#6]             flux_linkage: 0.005237
2026-04-08 14:28:56.365796[INFO][DMMotor#6]               gear_ratio: 10.000000
2026-04-08 14:28:56.365802[INFO][DMMotor#6]              i_bandwidth: 1000.000000
2026-04-08 14:28:56.365809[INFO][DMMotor#6]             can_baudrate: 4
2026-04-08 14:28:56.365819[INFO][DMMotor#6]                  pos_max: 12.500000
2026-04-08 14:28:56.365824[INFO][DMMotor#6]          over_temp_thres: 100.000000
2026-04-08 14:28:56.365830[INFO][DMMotor#6]               torque_max: 10.000000
2026-04-08 14:28:56.365835[INFO][DMMotor#6]                direction: 2.000000
2026-04-08 14:28:56.365840[INFO][DMMotor#6]              ki_position: 0.000000
2026-04-08 14:28:56.365845[INFO][DMMotor#6]     number_of_pole_pairs: 14
2026-04-08 14:28:56.365850[INFO][DMMotor#6]                 kp_speed: 0.004151
2026-04-08 14:29:19.031523[INFO][DMMotor#6] zlog version: 0.1.dev1+g3715879
2026-04-08 14:29:19.031530[INFO][DMMotor#6] zlog_cpp version: 1.0.1
2026-04-08 14:29:19.031534[INFO][DMMotor#6] AIRBOT Drivers: v0.2.9.2-manufacture
2026-04-08 14:29:19.208973[INFO][DMMotor#6]                      p_m: 0.369493
2026-04-08 14:29:19.209030[INFO][DMMotor#6]                 m_offset: -2.179787
2026-04-08 14:29:19.209045[INFO][DMMotor#6]                       k2: -1.559483
2026-04-08 14:29:19.209055[INFO][DMMotor#6]           u_phase_offset: 1986.500000
2026-04-08 14:29:19.209062[INFO][DMMotor#6]           v_phase_offset: 1986.500000
2026-04-08 14:29:19.209073[INFO][DMMotor#6]                    IQ_c1: 2500.000000
2026-04-08 14:29:19.209089[INFO][DMMotor#6]                    VL_c1: 1000.000000
2026-04-08 14:29:19.209095[INFO][DMMotor#6]                  timeout: 0
2026-04-08 14:29:19.209100[INFO][DMMotor#6]            listen_can_id: 6
2026-04-08 14:29:19.209106[INFO][DMMotor#6]          feedback_can_id: 1798
2026-04-08 14:29:19.209111[INFO][DMMotor#6]             deceleration: -2.000000
2026-04-08 14:29:19.209117[INFO][DMMotor#6]                  vel_max: 30.000000
2026-04-08 14:29:19.209124[INFO][DMMotor#6]          speed_bandwidth: 50.000000
2026-04-08 14:29:19.209133[INFO][DMMotor#6]                  inertia: 0.000023
2026-04-08 14:29:19.209138[INFO][DMMotor#6]                       k1: 0.985512
2026-04-08 14:29:19.209143[INFO][DMMotor#6]                max_speed: 600.000000
2026-04-08 14:29:19.209148[INFO][DMMotor#6]       over_current_thres: 0.800000
2026-04-08 14:29:19.209155[INFO][DMMotor#6]             k_torque_out: 0.000000
2026-04-08 14:29:19.209160[INFO][DMMotor#6]                     xout: 0.368155
2026-04-08 14:29:19.209165[INFO][DMMotor#6]       over_voltage_thres: 32.000000
2026-04-08 14:29:19.209171[INFO][DMMotor#6]             acceleration: 2.000000
2026-04-08 14:29:19.209176[INFO][DMMotor#6]                     deta: 4.000000
2026-04-08 14:29:19.209181[INFO][DMMotor#6]      under_voltage_thres: 15.000000
2026-04-08 14:29:19.209187[INFO][DMMotor#6]         hardware_version: 300V
2026-04-08 14:29:19.209192[INFO][DMMotor#6]             control_mode: 1
2026-04-08 14:29:19.209197[INFO][DMMotor#6]              kp_position: 54.000000
2026-04-08 14:29:19.209204[INFO][DMMotor#6]               fw_version: 5015
2026-04-08 14:29:19.209209[INFO][DMMotor#6]                 damp_eff: 0.000185
2026-04-08 14:29:19.209214[INFO][DMMotor#6]                 ki_speed: 0.015708
2026-04-08 14:29:19.209219[INFO][DMMotor#6]           gear_ratio_eff: 1.000000
2026-04-08 14:29:19.209225[INFO][DMMotor#6]         phase_resistance: 0.886050
2026-04-08 14:29:19.209230[INFO][DMMotor#6]         phase_inductance: 0.000366
2026-04-08 14:29:19.209235[INFO][DMMotor#6]             flux_linkage: 0.005237
2026-04-08 14:29:19.209240[INFO][DMMotor#6]               gear_ratio: 10.000000
2026-04-08 14:29:19.209246[INFO][DMMotor#6]              i_bandwidth: 1000.000000
2026-04-08 14:29:19.209251[INFO][DMMotor#6]             can_baudrate: 4
2026-04-08 14:29:19.209257[INFO][DMMotor#6]                  pos_max: 12.500000
2026-04-08 14:29:19.209262[INFO][DMMotor#6]          over_temp_thres: 100.000000
2026-04-08 14:29:19.209267[INFO][DMMotor#6]               torque_max: 10.000000
2026-04-08 14:29:19.209273[INFO][DMMotor#6]                direction: 2.000000
2026-04-08 14:29:19.209279[INFO][DMMotor#6]              ki_position: 0.000000
2026-04-08 14:29:19.209286[INFO][DMMotor#6]     number_of_pole_pairs: 14
2026-04-08 14:29:19.209293[INFO][DMMotor#6]                 kp_speed: 0.004151
2026-04-08 14:38:32.902158[INFO][DMMotor#6] zlog version: 0.1.dev1+g3715879
2026-04-08 14:38:32.902169[INFO][DMMotor#6] zlog_cpp version: 1.0.1
2026-04-08 14:38:32.902174[INFO][DMMotor#6] AIRBOT Drivers: v0.2.9.2-manufacture
2026-04-08 14:38:33.079655[INFO][DMMotor#6]                      p_m: 2.993978
2026-04-08 14:38:33.079712[INFO][DMMotor#6]                 m_offset: -2.179787
2026-04-08 14:38:33.079720[INFO][DMMotor#6]                       k2: -1.559483
2026-04-08 14:38:33.079728[INFO][DMMotor#6]           u_phase_offset: 1986.500000
2026-04-08 14:38:33.079734[INFO][DMMotor#6]           v_phase_offset: 1986.500000
2026-04-08 14:38:33.079746[INFO][DMMotor#6]                    IQ_c1: 2500.000000
2026-04-08 14:38:33.079764[INFO][DMMotor#6]                    VL_c1: 1000.000000
2026-04-08 14:38:33.079771[INFO][DMMotor#6]                  timeout: 0
2026-04-08 14:38:33.079780[INFO][DMMotor#6]            listen_can_id: 6
2026-04-08 14:38:33.079786[INFO][DMMotor#6]          feedback_can_id: 1798
2026-04-08 14:38:33.079792[INFO][DMMotor#6]             deceleration: -2.000000
2026-04-08 14:38:33.079798[INFO][DMMotor#6]                  vel_max: 30.000000
2026-04-08 14:38:33.079804[INFO][DMMotor#6]          speed_bandwidth: 50.000000
2026-04-08 14:38:33.079810[INFO][DMMotor#6]                  inertia: 0.000023
2026-04-08 14:38:33.079816[INFO][DMMotor#6]                       k1: 0.985512
2026-04-08 14:38:33.079822[INFO][DMMotor#6]                max_speed: 600.000000
2026-04-08 14:38:33.079828[INFO][DMMotor#6]       over_current_thres: 0.800000
2026-04-08 14:38:33.079833[INFO][DMMotor#6]             k_torque_out: 0.000000
2026-04-08 14:38:33.079840[INFO][DMMotor#6]                     xout: 2.965185
2026-04-08 14:38:33.079846[INFO][DMMotor#6]       over_voltage_thres: 32.000000
2026-04-08 14:38:33.079852[INFO][DMMotor#6]             acceleration: 2.000000
2026-04-08 14:38:33.079857[INFO][DMMotor#6]                     deta: 4.000000
2026-04-08 14:38:33.079864[INFO][DMMotor#6]      under_voltage_thres: 15.000000
2026-04-08 14:38:33.079869[INFO][DMMotor#6]         hardware_version: 300V
2026-04-08 14:38:33.079876[INFO][DMMotor#6]             control_mode: 4
2026-04-08 14:38:33.079881[INFO][DMMotor#6]              kp_position: 54.000000
2026-04-08 14:38:33.079887[INFO][DMMotor#6]               fw_version: 5015
2026-04-08 14:38:33.079892[INFO][DMMotor#6]                 damp_eff: 0.000185
2026-04-08 14:38:33.079899[INFO][DMMotor#6]                 ki_speed: 0.015708
2026-04-08 14:38:33.079905[INFO][DMMotor#6]           gear_ratio_eff: 1.000000
2026-04-08 14:38:33.079911[INFO][DMMotor#6]         phase_resistance: 0.886050
2026-04-08 14:38:33.079917[INFO][DMMotor#6]         phase_inductance: 0.000366
2026-04-08 14:38:33.079922[INFO][DMMotor#6]             flux_linkage: 0.005237
2026-04-08 14:38:33.079928[INFO][DMMotor#6]               gear_ratio: 10.000000
2026-04-08 14:38:33.079934[INFO][DMMotor#6]              i_bandwidth: 1000.000000
2026-04-08 14:38:33.079941[INFO][DMMotor#6]             can_baudrate: 4
2026-04-08 14:38:33.079951[INFO][DMMotor#6]                  pos_max: 12.500000
2026-04-08 14:38:33.079957[INFO][DMMotor#6]          over_temp_thres: 100.000000
2026-04-08 14:38:33.079963[INFO][DMMotor#6]               torque_max: 10.000000
2026-04-08 14:38:33.079968[INFO][DMMotor#6]                direction: 2.000000
2026-04-08 14:38:33.079974[INFO][DMMotor#6]              ki_position: 0.000000
2026-04-08 14:38:33.079980[INFO][DMMotor#6]     number_of_pole_pairs: 14
2026-04-08 14:38:33.079986[INFO][DMMotor#6]                 kp_speed: 0.004151
2026-04-08 15:07:13.842943[INFO][DMMotor#6] zlog version: 0.1.dev1+g3715879
2026-04-08 15:07:13.842951[INFO][DMMotor#6] zlog_cpp version: 1.0.1
2026-04-08 15:07:13.842955[INFO][DMMotor#6] AIRBOT Drivers: v0.2.9.2-manufacture
2026-04-08 15:07:14.020339[INFO][DMMotor#6]                      p_m: 2.445996
2026-04-08 15:07:14.020406[INFO][DMMotor#6]                 m_offset: -2.179787
2026-04-08 15:07:14.020422[INFO][DMMotor#6]                       k2: -1.559483
2026-04-08 15:07:14.020441[INFO][DMMotor#6]           u_phase_offset: 1986.500000
2026-04-08 15:07:14.020450[INFO][DMMotor#6]           v_phase_offset: 1986.500000
2026-04-08 15:07:14.020458[INFO][DMMotor#6]                    IQ_c1: 2500.000000
2026-04-08 15:07:14.020471[INFO][DMMotor#6]                    VL_c1: 1000.000000
2026-04-08 15:07:14.020477[INFO][DMMotor#6]                  timeout: 0
2026-04-08 15:07:14.020483[INFO][DMMotor#6]            listen_can_id: 6
2026-04-08 15:07:14.020490[INFO][DMMotor#6]          feedback_can_id: 1798
2026-04-08 15:07:14.020496[INFO][DMMotor#6]             deceleration: -2.000000
2026-04-08 15:07:14.020502[INFO][DMMotor#6]                  vel_max: 30.000000
2026-04-08 15:07:14.020508[INFO][DMMotor#6]          speed_bandwidth: 50.000000
2026-04-08 15:07:14.020515[INFO][DMMotor#6]                  inertia: 0.000023
2026-04-08 15:07:14.020522[INFO][DMMotor#6]                       k1: 0.985512
2026-04-08 15:07:14.020529[INFO][DMMotor#6]                max_speed: 600.000000
2026-04-08 15:07:14.020535[INFO][DMMotor#6]       over_current_thres: 0.800000
2026-04-08 15:07:14.020541[INFO][DMMotor#6]             k_torque_out: 0.000000
2026-04-08 15:07:14.020548[INFO][DMMotor#6]                     xout: 2.422156
2026-04-08 15:07:14.020555[INFO][DMMotor#6]       over_voltage_thres: 32.000000
2026-04-08 15:07:14.020561[INFO][DMMotor#6]             acceleration: 2.000000
2026-04-08 15:07:14.020569[INFO][DMMotor#6]                     deta: 4.000000
2026-04-08 15:07:14.020579[INFO][DMMotor#6]      under_voltage_thres: 15.000000
2026-04-08 15:07:14.020588[INFO][DMMotor#6]         hardware_version: 300V
2026-04-08 15:07:14.020594[INFO][DMMotor#6]             control_mode: 1
2026-04-08 15:07:14.020600[INFO][DMMotor#6]              kp_position: 54.000000
2026-04-08 15:07:14.020609[INFO][DMMotor#6]               fw_version: 5015
2026-04-08 15:07:14.020618[INFO][DMMotor#6]                 damp_eff: 0.000185
2026-04-08 15:07:14.020626[INFO][DMMotor#6]                 ki_speed: 0.015708
2026-04-08 15:07:14.020631[INFO][DMMotor#6]           gear_ratio_eff: 1.000000
2026-04-08 15:07:14.020637[INFO][DMMotor#6]         phase_resistance: 0.886050
2026-04-08 15:07:14.020644[INFO][DMMotor#6]         phase_inductance: 0.000366
2026-04-08 15:07:14.020650[INFO][DMMotor#6]             flux_linkage: 0.005237
2026-04-08 15:07:14.020660[INFO][DMMotor#6]               gear_ratio: 10.000000
2026-04-08 15:07:14.020670[INFO][DMMotor#6]              i_bandwidth: 1000.000000
2026-04-08 15:07:14.020677[INFO][DMMotor#6]             can_baudrate: 4
2026-04-08 15:07:14.020684[INFO][DMMotor#6]                  pos_max: 12.500000
2026-04-08 15:07:14.020691[INFO][DMMotor#6]          over_temp_thres: 100.000000
2026-04-08 15:07:14.020698[INFO][DMMotor#6]               torque_max: 10.000000
2026-04-08 15:07:14.020704[INFO][DMMotor#6]                direction: 2.000000
2026-04-08 15:07:14.020711[INFO][DMMotor#6]              ki_position: 0.000000
2026-04-08 15:07:14.020718[INFO][DMMotor#6]     number_of_pole_pairs: 14
2026-04-08 15:07:14.020724[INFO][DMMotor#6]                 kp_speed: 0.004151
2026-04-08 15:07:21.861547[INFO][DMMotor#6] zlog version: 0.1.dev1+g3715879
2026-04-08 15:07:21.861557[INFO][DMMotor#6] zlog_cpp version: 1.0.1
2026-04-08 15:07:21.861562[INFO][DMMotor#6] AIRBOT Drivers: v0.2.9.2-manufacture
2026-04-08 15:07:22.039106[INFO][DMMotor#6]                      p_m: 2.767086
2026-04-08 15:07:22.039161[INFO][DMMotor#6]                 m_offset: -2.179787
2026-04-08 15:07:22.039170[INFO][DMMotor#6]                       k2: -1.559483
2026-04-08 15:07:22.039179[INFO][DMMotor#6]           u_phase_offset: 1986.500000
2026-04-08 15:07:22.039186[INFO][DMMotor#6]           v_phase_offset: 1986.500000
2026-04-08 15:07:22.039193[INFO][DMMotor#6]                    IQ_c1: 2500.000000
2026-04-08 15:07:22.039210[INFO][DMMotor#6]                    VL_c1: 1000.000000
2026-04-08 15:07:22.039230[INFO][DMMotor#6]                  timeout: 0
2026-04-08 15:07:22.039240[INFO][DMMotor#6]            listen_can_id: 6
2026-04-08 15:07:22.039252[INFO][DMMotor#6]          feedback_can_id: 1798
2026-04-08 15:07:22.039260[INFO][DMMotor#6]             deceleration: -2.000000
2026-04-08 15:07:22.039267[INFO][DMMotor#6]                  vel_max: 30.000000
2026-04-08 15:07:22.039275[INFO][DMMotor#6]          speed_bandwidth: 50.000000
2026-04-08 15:07:22.039283[INFO][DMMotor#6]                  inertia: 0.000023
2026-04-08 15:07:22.039291[INFO][DMMotor#6]                       k1: 0.985512
2026-04-08 15:07:22.039298[INFO][DMMotor#6]                max_speed: 600.000000
2026-04-08 15:07:22.039306[INFO][DMMotor#6]       over_current_thres: 0.800000
2026-04-08 15:07:22.039313[INFO][DMMotor#6]             k_torque_out: 0.000000
2026-04-08 15:07:22.039320[INFO][DMMotor#6]                     xout: 2.735088
2026-04-08 15:07:22.039328[INFO][DMMotor#6]       over_voltage_thres: 32.000000
2026-04-08 15:07:22.039335[INFO][DMMotor#6]             acceleration: 2.000000
2026-04-08 15:07:22.039342[INFO][DMMotor#6]                     deta: 4.000000
2026-04-08 15:07:22.039350[INFO][DMMotor#6]      under_voltage_thres: 15.000000
2026-04-08 15:07:22.039357[INFO][DMMotor#6]         hardware_version: 300V
2026-04-08 15:07:22.039364[INFO][DMMotor#6]             control_mode: 1
2026-04-08 15:07:22.039371[INFO][DMMotor#6]              kp_position: 54.000000
2026-04-08 15:07:22.039378[INFO][DMMotor#6]               fw_version: 5015
2026-04-08 15:07:22.039385[INFO][DMMotor#6]                 damp_eff: 0.000185
2026-04-08 15:07:22.039393[INFO][DMMotor#6]                 ki_speed: 0.015708
2026-04-08 15:07:22.039400[INFO][DMMotor#6]           gear_ratio_eff: 1.000000
2026-04-08 15:07:22.039407[INFO][DMMotor#6]         phase_resistance: 0.886050
2026-04-08 15:07:22.039417[INFO][DMMotor#6]         phase_inductance: 0.000366
2026-04-08 15:07:22.039427[INFO][DMMotor#6]             flux_linkage: 0.005237
2026-04-08 15:07:22.039435[INFO][DMMotor#6]               gear_ratio: 10.000000
2026-04-08 15:07:22.039442[INFO][DMMotor#6]              i_bandwidth: 1000.000000
2026-04-08 15:07:22.039453[INFO][DMMotor#6]             can_baudrate: 4
2026-04-08 15:07:22.039463[INFO][DMMotor#6]                  pos_max: 12.500000
2026-04-08 15:07:22.039471[INFO][DMMotor#6]          over_temp_thres: 100.000000
2026-04-08 15:07:22.039478[INFO][DMMotor#6]               torque_max: 10.000000
2026-04-08 15:07:22.039485[INFO][DMMotor#6]                direction: 2.000000
2026-04-08 15:07:22.039492[INFO][DMMotor#6]              ki_position: 0.000000
2026-04-08 15:07:22.039499[INFO][DMMotor#6]     number_of_pole_pairs: 14
2026-04-08 15:07:22.039509[INFO][DMMotor#6]                 kp_speed: 0.004151
