2026-04-08 13:50:27.173217[INFO][DMMotor#5] zlog version: 0.1.dev1+g3715879
2026-04-08 13:50:27.173248[INFO][DMMotor#5] zlog_cpp version: 1.0.1
2026-04-08 13:50:27.173254[INFO][DMMotor#5] AIRBOT Drivers: v0.2.9.2-manufacture
2026-04-08 13:50:27.350716[INFO][DMMotor#5]                      p_m: -0.075310
2026-04-08 13:50:27.350756[INFO][DMMotor#5]                 m_offset: 2.155243
2026-04-08 13:50:27.350763[INFO][DMMotor#5]                       k2: 1.590172
2026-04-08 13:50:27.350775[INFO][DMMotor#5]           u_phase_offset: 2086.000000
2026-04-08 13:50:27.350791[INFO][DMMotor#5]           v_phase_offset: 2088.500000
2026-04-08 13:50:27.350796[INFO][DMMotor#5]                    IQ_c1: 2500.000000
2026-04-08 13:50:27.350802[INFO][DMMotor#5]                    VL_c1: 1000.000000
2026-04-08 13:50:27.350808[INFO][DMMotor#5]                  timeout: 0
2026-04-08 13:50:27.350813[INFO][DMMotor#5]            listen_can_id: 5
2026-04-08 13:50:27.350820[INFO][DMMotor#5]          feedback_can_id: 1797
2026-04-08 13:50:27.350830[INFO][DMMotor#5]             deceleration: -2.000000
2026-04-08 13:50:27.350835[INFO][DMMotor#5]                  vel_max: 30.000000
2026-04-08 13:50:27.350841[INFO][DMMotor#5]          speed_bandwidth: 50.000000
2026-04-08 13:50:27.350846[INFO][DMMotor#5]                  inertia: 0.000022
2026-04-08 13:50:27.350853[INFO][DMMotor#5]                       k1: 1.011729
2026-04-08 13:50:27.350862[INFO][DMMotor#5]                max_speed: 600.000000
2026-04-08 13:50:27.350867[INFO][DMMotor#5]       over_current_thres: 0.800000
2026-04-08 13:50:27.350872[INFO][DMMotor#5]             k_torque_out: 0.000000
2026-04-08 13:50:27.350877[INFO][DMMotor#5]                     xout: -0.069029
2026-04-08 13:50:27.350883[INFO][DMMotor#5]       over_voltage_thres: 32.000000
2026-04-08 13:50:27.350888[INFO][DMMotor#5]             acceleration: 2.000000
2026-04-08 13:50:27.350893[INFO][DMMotor#5]                     deta: 4.000000
2026-04-08 13:50:27.350898[INFO][DMMotor#5]      under_voltage_thres: 15.000000
2026-04-08 13:50:27.350904[INFO][DMMotor#5]         hardware_version: 300V
2026-04-08 13:50:27.350909[INFO][DMMotor#5]             control_mode: 2
2026-04-08 13:50:27.350914[INFO][DMMotor#5]              kp_position: 54.000000
2026-04-08 13:50:27.350920[INFO][DMMotor#5]               fw_version: 5015
2026-04-08 13:50:27.350926[INFO][DMMotor#5]                 damp_eff: 0.000262
2026-04-08 13:50:27.350931[INFO][DMMotor#5]                 ki_speed: 0.039270
2026-04-08 13:50:27.350936[INFO][DMMotor#5]           gear_ratio_eff: 1.000000
2026-04-08 13:50:27.350941[INFO][DMMotor#5]         phase_resistance: 0.915341
2026-04-08 13:50:27.350947[INFO][DMMotor#5]         phase_inductance: 0.000372
2026-04-08 13:50:27.350952[INFO][DMMotor#5]             flux_linkage: 0.005244
2026-04-08 13:50:27.350957[INFO][DMMotor#5]               gear_ratio: 10.000000
2026-04-08 13:50:27.350963[INFO][DMMotor#5]              i_bandwidth: 1000.000000
2026-04-08 13:50:27.350968[INFO][DMMotor#5]             can_baudrate: 4
2026-04-08 13:50:27.350974[INFO][DMMotor#5]                  pos_max: 12.500000
2026-04-08 13:50:27.350980[INFO][DMMotor#5]          over_temp_thres: 100.000000
2026-04-08 13:50:27.350986[INFO][DMMotor#5]               torque_max: 10.000000
2026-04-08 13:50:27.350990[INFO][DMMotor#5]                direction: 1.000000
2026-04-08 13:50:27.350995[INFO][DMMotor#5]              ki_position: 0.000000
2026-04-08 13:50:27.351001[INFO][DMMotor#5]     number_of_pole_pairs: 14
2026-04-08 13:50:27.351007[INFO][DMMotor#5]                 kp_speed: 0.003856
2026-04-08 13:53:07.170157[INFO][DMMotor#5] zlog version: 0.1.dev1+g3715879
2026-04-08 13:53:07.170168[INFO][DMMotor#5] zlog_cpp version: 1.0.1
2026-04-08 13:53:07.170174[INFO][DMMotor#5] AIRBOT Drivers: v0.2.9.2-manufacture
2026-04-08 13:53:07.347612[INFO][DMMotor#5]                      p_m: -0.075310
2026-04-08 13:53:07.347667[INFO][DMMotor#5]                 m_offset: 2.155243
2026-04-08 13:53:07.347674[INFO][DMMotor#5]                       k2: 1.590172
2026-04-08 13:53:07.347687[INFO][DMMotor#5]           u_phase_offset: 2086.000000
2026-04-08 13:53:07.347709[INFO][DMMotor#5]           v_phase_offset: 2088.500000
2026-04-08 13:53:07.347718[INFO][DMMotor#5]                    IQ_c1: 2500.000000
2026-04-08 13:53:07.347723[INFO][DMMotor#5]                    VL_c1: 1000.000000
2026-04-08 13:53:07.347730[INFO][DMMotor#5]                  timeout: 0
2026-04-08 13:53:07.347736[INFO][DMMotor#5]            listen_can_id: 5
2026-04-08 13:53:07.347742[INFO][DMMotor#5]          feedback_can_id: 1797
2026-04-08 13:53:07.347748[INFO][DMMotor#5]             deceleration: -2.000000
2026-04-08 13:53:07.347753[INFO][DMMotor#5]                  vel_max: 30.000000
2026-04-08 13:53:07.347758[INFO][DMMotor#5]          speed_bandwidth: 50.000000
2026-04-08 13:53:07.347763[INFO][DMMotor#5]                  inertia: 0.000022
2026-04-08 13:53:07.347769[INFO][DMMotor#5]                       k1: 1.011729
2026-04-08 13:53:07.347774[INFO][DMMotor#5]                max_speed: 600.000000
2026-04-08 13:53:07.347779[INFO][DMMotor#5]       over_current_thres: 0.800000
2026-04-08 13:53:07.347785[INFO][DMMotor#5]             k_torque_out: 0.000000
2026-04-08 13:53:07.347791[INFO][DMMotor#5]                     xout: -0.069029
2026-04-08 13:53:07.347796[INFO][DMMotor#5]       over_voltage_thres: 32.000000
2026-04-08 13:53:07.347801[INFO][DMMotor#5]             acceleration: 2.000000
2026-04-08 13:53:07.347806[INFO][DMMotor#5]                     deta: 4.000000
2026-04-08 13:53:07.347812[INFO][DMMotor#5]      under_voltage_thres: 15.000000
2026-04-08 13:53:07.347818[INFO][DMMotor#5]         hardware_version: 300V
2026-04-08 13:53:07.347823[INFO][DMMotor#5]             control_mode: 1
2026-04-08 13:53:07.347829[INFO][DMMotor#5]              kp_position: 54.000000
2026-04-08 13:53:07.347834[INFO][DMMotor#5]               fw_version: 5015
2026-04-08 13:53:07.347839[INFO][DMMotor#5]                 damp_eff: 0.000262
2026-04-08 13:53:07.347844[INFO][DMMotor#5]                 ki_speed: 0.039270
2026-04-08 13:53:07.347849[INFO][DMMotor#5]           gear_ratio_eff: 1.000000
2026-04-08 13:53:07.347854[INFO][DMMotor#5]         phase_resistance: 0.915341
2026-04-08 13:53:07.347859[INFO][DMMotor#5]         phase_inductance: 0.000372
2026-04-08 13:53:07.347865[INFO][DMMotor#5]             flux_linkage: 0.005244
2026-04-08 13:53:07.347870[INFO][DMMotor#5]               gear_ratio: 10.000000
2026-04-08 13:53:07.347875[INFO][DMMotor#5]              i_bandwidth: 1000.000000
2026-04-08 13:53:07.347880[INFO][DMMotor#5]             can_baudrate: 4
2026-04-08 13:53:07.347885[INFO][DMMotor#5]                  pos_max: 12.500000
2026-04-08 13:53:07.347890[INFO][DMMotor#5]          over_temp_thres: 100.000000
2026-04-08 13:53:07.347895[INFO][DMMotor#5]               torque_max: 10.000000
2026-04-08 13:53:07.347900[INFO][DMMotor#5]                direction: 1.000000
2026-04-08 13:53:07.347906[INFO][DMMotor#5]              ki_position: 0.000000
2026-04-08 13:53:07.347911[INFO][DMMotor#5]     number_of_pole_pairs: 14
2026-04-08 13:53:07.347916[INFO][DMMotor#5]                 kp_speed: 0.003856
2026-04-08 13:53:16.118896[INFO][DMMotor#5] zlog version: 0.1.dev1+g3715879
2026-04-08 13:53:16.118905[INFO][DMMotor#5] zlog_cpp version: 1.0.1
2026-04-08 13:53:16.118909[INFO][DMMotor#5] AIRBOT Drivers: v0.2.9.2-manufacture
2026-04-08 13:53:16.296325[INFO][DMMotor#5]                      p_m: -0.075349
2026-04-08 13:53:16.296385[INFO][DMMotor#5]                 m_offset: 2.155243
2026-04-08 13:53:16.296394[INFO][DMMotor#5]                       k2: 1.590172
2026-04-08 13:53:16.296409[INFO][DMMotor#5]           u_phase_offset: 2086.000000
2026-04-08 13:53:16.296432[INFO][DMMotor#5]           v_phase_offset: 2088.500000
2026-04-08 13:53:16.296446[INFO][DMMotor#5]                    IQ_c1: 2500.000000
2026-04-08 13:53:16.296453[INFO][DMMotor#5]                    VL_c1: 1000.000000
2026-04-08 13:53:16.296461[INFO][DMMotor#5]                  timeout: 0
2026-04-08 13:53:16.296467[INFO][DMMotor#5]            listen_can_id: 5
2026-04-08 13:53:16.296474[INFO][DMMotor#5]          feedback_can_id: 1797
2026-04-08 13:53:16.296487[INFO][DMMotor#5]             deceleration: -2.000000
2026-04-08 13:53:16.296496[INFO][DMMotor#5]                  vel_max: 30.000000
2026-04-08 13:53:16.296503[INFO][DMMotor#5]          speed_bandwidth: 50.000000
2026-04-08 13:53:16.296511[INFO][DMMotor#5]                  inertia: 0.000022
2026-04-08 13:53:16.296518[INFO][DMMotor#5]                       k1: 1.011729
2026-04-08 13:53:16.296527[INFO][DMMotor#5]                max_speed: 600.000000
2026-04-08 13:53:16.296533[INFO][DMMotor#5]       over_current_thres: 0.800000
2026-04-08 13:53:16.296541[INFO][DMMotor#5]             k_torque_out: 0.000000
2026-04-08 13:53:16.296548[INFO][DMMotor#5]                     xout: -0.064427
2026-04-08 13:53:16.296555[INFO][DMMotor#5]       over_voltage_thres: 32.000000
2026-04-08 13:53:16.296562[INFO][DMMotor#5]             acceleration: 2.000000
2026-04-08 13:53:16.296571[INFO][DMMotor#5]                     deta: 4.000000
2026-04-08 13:53:16.296577[INFO][DMMotor#5]      under_voltage_thres: 15.000000
2026-04-08 13:53:16.296587[INFO][DMMotor#5]         hardware_version: 300V
2026-04-08 13:53:16.296596[INFO][DMMotor#5]             control_mode: 1
2026-04-08 13:53:16.296603[INFO][DMMotor#5]              kp_position: 54.000000
2026-04-08 13:53:16.296611[INFO][DMMotor#5]               fw_version: 5015
2026-04-08 13:53:16.296618[INFO][DMMotor#5]                 damp_eff: 0.000262
2026-04-08 13:53:16.296625[INFO][DMMotor#5]                 ki_speed: 0.039270
2026-04-08 13:53:16.296631[INFO][DMMotor#5]           gear_ratio_eff: 1.000000
2026-04-08 13:53:16.296641[INFO][DMMotor#5]         phase_resistance: 0.915341
2026-04-08 13:53:16.296649[INFO][DMMotor#5]         phase_inductance: 0.000372
2026-04-08 13:53:16.296657[INFO][DMMotor#5]             flux_linkage: 0.005244
2026-04-08 13:53:16.296664[INFO][DMMotor#5]               gear_ratio: 10.000000
2026-04-08 13:53:16.296671[INFO][DMMotor#5]              i_bandwidth: 1000.000000
2026-04-08 13:53:16.296678[INFO][DMMotor#5]             can_baudrate: 4
2026-04-08 13:53:16.296685[INFO][DMMotor#5]                  pos_max: 12.500000
2026-04-08 13:53:16.296692[INFO][DMMotor#5]          over_temp_thres: 100.000000
2026-04-08 13:53:16.296699[INFO][DMMotor#5]               torque_max: 10.000000
2026-04-08 13:53:16.296706[INFO][DMMotor#5]                direction: 1.000000
2026-04-08 13:53:16.296714[INFO][DMMotor#5]              ki_position: 0.000000
2026-04-08 13:53:16.296722[INFO][DMMotor#5]     number_of_pole_pairs: 14
2026-04-08 13:53:16.296728[INFO][DMMotor#5]                 kp_speed: 0.003856
2026-04-08 13:55:53.001064[INFO][DMMotor#5] zlog version: 0.1.dev1+g3715879
2026-04-08 13:55:53.001088[INFO][DMMotor#5] zlog_cpp version: 1.0.1
2026-04-08 13:55:53.001095[INFO][DMMotor#5] AIRBOT Drivers: v0.2.9.2-manufacture
2026-04-08 13:55:53.178593[INFO][DMMotor#5]                      p_m: -0.075272
2026-04-08 13:55:53.178645[INFO][DMMotor#5]                 m_offset: 2.155243
2026-04-08 13:55:53.178662[INFO][DMMotor#5]                       k2: 1.590172
2026-04-08 13:55:53.178686[INFO][DMMotor#5]           u_phase_offset: 2086.000000
2026-04-08 13:55:53.178701[INFO][DMMotor#5]           v_phase_offset: 2088.500000
2026-04-08 13:55:53.178709[INFO][DMMotor#5]                    IQ_c1: 2500.000000
2026-04-08 13:55:53.178717[INFO][DMMotor#5]                    VL_c1: 1000.000000
2026-04-08 13:55:53.178726[INFO][DMMotor#5]                  timeout: 0
2026-04-08 13:55:53.178733[INFO][DMMotor#5]            listen_can_id: 5
2026-04-08 13:55:53.178742[INFO][DMMotor#5]          feedback_can_id: 1797
2026-04-08 13:55:53.178747[INFO][DMMotor#5]             deceleration: -2.000000
2026-04-08 13:55:53.178753[INFO][DMMotor#5]                  vel_max: 30.000000
2026-04-08 13:55:53.178758[INFO][DMMotor#5]          speed_bandwidth: 50.000000
2026-04-08 13:55:53.178763[INFO][DMMotor#5]                  inertia: 0.000022
2026-04-08 13:55:53.178768[INFO][DMMotor#5]                       k1: 1.011729
2026-04-08 13:55:53.178773[INFO][DMMotor#5]                max_speed: 600.000000
2026-04-08 13:55:53.178781[INFO][DMMotor#5]       over_current_thres: 0.800000
2026-04-08 13:55:53.178790[INFO][DMMotor#5]             k_torque_out: 0.000000
2026-04-08 13:55:53.178795[INFO][DMMotor#5]                     xout: -0.065961
2026-04-08 13:55:53.178801[INFO][DMMotor#5]       over_voltage_thres: 32.000000
2026-04-08 13:55:53.178806[INFO][DMMotor#5]             acceleration: 2.000000
2026-04-08 13:55:53.178811[INFO][DMMotor#5]                     deta: 4.000000
2026-04-08 13:55:53.178816[INFO][DMMotor#5]      under_voltage_thres: 15.000000
2026-04-08 13:55:53.178821[INFO][DMMotor#5]         hardware_version: 300V
2026-04-08 13:55:53.178826[INFO][DMMotor#5]             control_mode: 1
2026-04-08 13:55:53.178832[INFO][DMMotor#5]              kp_position: 54.000000
2026-04-08 13:55:53.178838[INFO][DMMotor#5]               fw_version: 5015
2026-04-08 13:55:53.178843[INFO][DMMotor#5]                 damp_eff: 0.000262
2026-04-08 13:55:53.178849[INFO][DMMotor#5]                 ki_speed: 0.039270
2026-04-08 13:55:53.178854[INFO][DMMotor#5]           gear_ratio_eff: 1.000000
2026-04-08 13:55:53.178859[INFO][DMMotor#5]         phase_resistance: 0.915341
2026-04-08 13:55:53.178865[INFO][DMMotor#5]         phase_inductance: 0.000372
2026-04-08 13:55:53.178870[INFO][DMMotor#5]             flux_linkage: 0.005244
2026-04-08 13:55:53.178876[INFO][DMMotor#5]               gear_ratio: 10.000000
2026-04-08 13:55:53.178881[INFO][DMMotor#5]              i_bandwidth: 1000.000000
2026-04-08 13:55:53.178886[INFO][DMMotor#5]             can_baudrate: 4
2026-04-08 13:55:53.178891[INFO][DMMotor#5]                  pos_max: 12.500000
2026-04-08 13:55:53.178896[INFO][DMMotor#5]          over_temp_thres: 100.000000
2026-04-08 13:55:53.178902[INFO][DMMotor#5]               torque_max: 10.000000
2026-04-08 13:55:53.178907[INFO][DMMotor#5]                direction: 1.000000
2026-04-08 13:55:53.178913[INFO][DMMotor#5]              ki_position: 0.000000
2026-04-08 13:55:53.178918[INFO][DMMotor#5]     number_of_pole_pairs: 14
2026-04-08 13:55:53.178923[INFO][DMMotor#5]                 kp_speed: 0.003856
2026-04-08 14:21:57.022584[INFO][DMMotor#5] zlog version: 0.1.dev1+g3715879
2026-04-08 14:21:57.022597[INFO][DMMotor#5] zlog_cpp version: 1.0.1
2026-04-08 14:21:57.022605[INFO][DMMotor#5] AIRBOT Drivers: v0.2.9.2-manufacture
2026-04-08 14:21:57.200610[INFO][DMMotor#5]                      p_m: -0.075234
2026-04-08 14:21:57.200679[INFO][DMMotor#5]                 m_offset: 2.155243
2026-04-08 14:21:57.200688[INFO][DMMotor#5]                       k2: 1.590172
2026-04-08 14:21:57.200702[INFO][DMMotor#5]           u_phase_offset: 2086.000000
2026-04-08 14:21:57.200717[INFO][DMMotor#5]           v_phase_offset: 2088.500000
2026-04-08 14:21:57.200726[INFO][DMMotor#5]                    IQ_c1: 2500.000000
2026-04-08 14:21:57.200733[INFO][DMMotor#5]                    VL_c1: 1000.000000
2026-04-08 14:21:57.200741[INFO][DMMotor#5]                  timeout: 0
2026-04-08 14:21:57.200748[INFO][DMMotor#5]            listen_can_id: 5
2026-04-08 14:21:57.200755[INFO][DMMotor#5]          feedback_can_id: 1797
2026-04-08 14:21:57.200763[INFO][DMMotor#5]             deceleration: -2.000000
2026-04-08 14:21:57.200770[INFO][DMMotor#5]                  vel_max: 30.000000
2026-04-08 14:21:57.200777[INFO][DMMotor#5]          speed_bandwidth: 50.000000
2026-04-08 14:21:57.200785[INFO][DMMotor#5]                  inertia: 0.000022
2026-04-08 14:21:57.200792[INFO][DMMotor#5]                       k1: 1.011729
2026-04-08 14:21:57.200800[INFO][DMMotor#5]                max_speed: 600.000000
2026-04-08 14:21:57.200808[INFO][DMMotor#5]       over_current_thres: 0.800000
2026-04-08 14:21:57.200814[INFO][DMMotor#5]             k_torque_out: 0.000000
2026-04-08 14:21:57.200822[INFO][DMMotor#5]                     xout: -0.065961
2026-04-08 14:21:57.200830[INFO][DMMotor#5]       over_voltage_thres: 32.000000
2026-04-08 14:21:57.200837[INFO][DMMotor#5]             acceleration: 2.000000
2026-04-08 14:21:57.200845[INFO][DMMotor#5]                     deta: 4.000000
2026-04-08 14:21:57.200857[INFO][DMMotor#5]      under_voltage_thres: 15.000000
2026-04-08 14:21:57.200869[INFO][DMMotor#5]         hardware_version: 300V
2026-04-08 14:21:57.200876[INFO][DMMotor#5]             control_mode: 1
2026-04-08 14:21:57.200883[INFO][DMMotor#5]              kp_position: 54.000000
2026-04-08 14:21:57.200893[INFO][DMMotor#5]               fw_version: 5015
2026-04-08 14:21:57.200902[INFO][DMMotor#5]                 damp_eff: 0.000262
2026-04-08 14:21:57.200910[INFO][DMMotor#5]                 ki_speed: 0.039270
2026-04-08 14:21:57.200920[INFO][DMMotor#5]           gear_ratio_eff: 1.000000
2026-04-08 14:21:57.200928[INFO][DMMotor#5]         phase_resistance: 0.915341
2026-04-08 14:21:57.200936[INFO][DMMotor#5]         phase_inductance: 0.000372
2026-04-08 14:21:57.200943[INFO][DMMotor#5]             flux_linkage: 0.005244
2026-04-08 14:21:57.200950[INFO][DMMotor#5]               gear_ratio: 10.000000
2026-04-08 14:21:57.200957[INFO][DMMotor#5]              i_bandwidth: 1000.000000
2026-04-08 14:21:57.200964[INFO][DMMotor#5]             can_baudrate: 4
2026-04-08 14:21:57.200972[INFO][DMMotor#5]                  pos_max: 12.500000
2026-04-08 14:21:57.200979[INFO][DMMotor#5]          over_temp_thres: 100.000000
2026-04-08 14:21:57.200987[INFO][DMMotor#5]               torque_max: 10.000000
2026-04-08 14:21:57.200995[INFO][DMMotor#5]                direction: 1.000000
2026-04-08 14:21:57.201002[INFO][DMMotor#5]              ki_position: 0.000000
2026-04-08 14:21:57.201009[INFO][DMMotor#5]     number_of_pole_pairs: 14
2026-04-08 14:21:57.201017[INFO][DMMotor#5]                 kp_speed: 0.003856
2026-04-08 14:24:23.074326[INFO][DMMotor#5] zlog version: 0.1.dev1+g3715879
2026-04-08 14:24:23.074336[INFO][DMMotor#5] zlog_cpp version: 1.0.1
2026-04-08 14:24:23.074341[INFO][DMMotor#5] AIRBOT Drivers: v0.2.9.2-manufacture
2026-04-08 14:24:23.251875[INFO][DMMotor#5]                      p_m: -0.075310
2026-04-08 14:24:23.251928[INFO][DMMotor#5]                 m_offset: 2.155243
2026-04-08 14:24:23.251937[INFO][DMMotor#5]                       k2: 1.590172
2026-04-08 14:24:23.251951[INFO][DMMotor#5]           u_phase_offset: 2086.000000
2026-04-08 14:24:23.251971[INFO][DMMotor#5]           v_phase_offset: 2088.500000
2026-04-08 14:24:23.251978[INFO][DMMotor#5]                    IQ_c1: 2500.000000
2026-04-08 14:24:23.251985[INFO][DMMotor#5]                    VL_c1: 1000.000000
2026-04-08 14:24:23.251992[INFO][DMMotor#5]                  timeout: 0
2026-04-08 14:24:23.251999[INFO][DMMotor#5]            listen_can_id: 5
2026-04-08 14:24:23.252007[INFO][DMMotor#5]          feedback_can_id: 1797
2026-04-08 14:24:23.252014[INFO][DMMotor#5]             deceleration: -2.000000
2026-04-08 14:24:23.252021[INFO][DMMotor#5]                  vel_max: 30.000000
2026-04-08 14:24:23.252027[INFO][DMMotor#5]          speed_bandwidth: 50.000000
2026-04-08 14:24:23.252040[INFO][DMMotor#5]                  inertia: 0.000022
2026-04-08 14:24:23.252047[INFO][DMMotor#5]                       k1: 1.011729
2026-04-08 14:24:23.252053[INFO][DMMotor#5]                max_speed: 600.000000
2026-04-08 14:24:23.252061[INFO][DMMotor#5]       over_current_thres: 0.800000
2026-04-08 14:24:23.252068[INFO][DMMotor#5]             k_torque_out: 0.000000
2026-04-08 14:24:23.252076[INFO][DMMotor#5]                     xout: -0.069029
2026-04-08 14:24:23.252083[INFO][DMMotor#5]       over_voltage_thres: 32.000000
2026-04-08 14:24:23.252090[INFO][DMMotor#5]             acceleration: 2.000000
2026-04-08 14:24:23.252096[INFO][DMMotor#5]                     deta: 4.000000
2026-04-08 14:24:23.252103[INFO][DMMotor#5]      under_voltage_thres: 15.000000
2026-04-08 14:24:23.252110[INFO][DMMotor#5]         hardware_version: 300V
2026-04-08 14:24:23.252117[INFO][DMMotor#5]             control_mode: 1
2026-04-08 14:24:23.252124[INFO][DMMotor#5]              kp_position: 54.000000
2026-04-08 14:24:23.252132[INFO][DMMotor#5]               fw_version: 5015
2026-04-08 14:24:23.252139[INFO][DMMotor#5]                 damp_eff: 0.000262
2026-04-08 14:24:23.252146[INFO][DMMotor#5]                 ki_speed: 0.039270
2026-04-08 14:24:23.252156[INFO][DMMotor#5]           gear_ratio_eff: 1.000000
2026-04-08 14:24:23.252166[INFO][DMMotor#5]         phase_resistance: 0.915341
2026-04-08 14:24:23.252173[INFO][DMMotor#5]         phase_inductance: 0.000372
2026-04-08 14:24:23.252180[INFO][DMMotor#5]             flux_linkage: 0.005244
2026-04-08 14:24:23.252187[INFO][DMMotor#5]               gear_ratio: 10.000000
2026-04-08 14:24:23.252193[INFO][DMMotor#5]              i_bandwidth: 1000.000000
2026-04-08 14:24:23.252200[INFO][DMMotor#5]             can_baudrate: 4
2026-04-08 14:24:23.252206[INFO][DMMotor#5]                  pos_max: 12.500000
2026-04-08 14:24:23.252214[INFO][DMMotor#5]          over_temp_thres: 100.000000
2026-04-08 14:24:23.252221[INFO][DMMotor#5]               torque_max: 10.000000
2026-04-08 14:24:23.252228[INFO][DMMotor#5]                direction: 1.000000
2026-04-08 14:24:23.252235[INFO][DMMotor#5]              ki_position: 0.000000
2026-04-08 14:24:23.252241[INFO][DMMotor#5]     number_of_pole_pairs: 14
2026-04-08 14:24:23.252248[INFO][DMMotor#5]                 kp_speed: 0.003856
2026-04-08 14:28:56.009634[INFO][DMMotor#5] zlog version: 0.1.dev1+g3715879
2026-04-08 14:28:56.009641[INFO][DMMotor#5] zlog_cpp version: 1.0.1
2026-04-08 14:28:56.009645[INFO][DMMotor#5] AIRBOT Drivers: v0.2.9.2-manufacture
2026-04-08 14:28:56.187114[INFO][DMMotor#5]                      p_m: -0.075310
2026-04-08 14:28:56.187182[INFO][DMMotor#5]                 m_offset: 2.155243
2026-04-08 14:28:56.187192[INFO][DMMotor#5]                       k2: 1.590172
2026-04-08 14:28:56.187200[INFO][DMMotor#5]           u_phase_offset: 2086.000000
2026-04-08 14:28:56.187215[INFO][DMMotor#5]           v_phase_offset: 2088.500000
2026-04-08 14:28:56.187238[INFO][DMMotor#5]                    IQ_c1: 2500.000000
2026-04-08 14:28:56.187246[INFO][DMMotor#5]                    VL_c1: 1000.000000
2026-04-08 14:28:56.187254[INFO][DMMotor#5]                  timeout: 0
2026-04-08 14:28:56.187262[INFO][DMMotor#5]            listen_can_id: 5
2026-04-08 14:28:56.187270[INFO][DMMotor#5]          feedback_can_id: 1797
2026-04-08 14:28:56.187278[INFO][DMMotor#5]             deceleration: -2.000000
2026-04-08 14:28:56.187286[INFO][DMMotor#5]                  vel_max: 30.000000
2026-04-08 14:28:56.187294[INFO][DMMotor#5]          speed_bandwidth: 50.000000
2026-04-08 14:28:56.187302[INFO][DMMotor#5]                  inertia: 0.000022
2026-04-08 14:28:56.187309[INFO][DMMotor#5]                       k1: 1.011729
2026-04-08 14:28:56.187318[INFO][DMMotor#5]                max_speed: 600.000000
2026-04-08 14:28:56.187326[INFO][DMMotor#5]       over_current_thres: 0.800000
2026-04-08 14:28:56.187334[INFO][DMMotor#5]             k_torque_out: 0.000000
2026-04-08 14:28:56.187342[INFO][DMMotor#5]                     xout: -0.065961
2026-04-08 14:28:56.187350[INFO][DMMotor#5]       over_voltage_thres: 32.000000
2026-04-08 14:28:56.187358[INFO][DMMotor#5]             acceleration: 2.000000
2026-04-08 14:28:56.187365[INFO][DMMotor#5]                     deta: 4.000000
2026-04-08 14:28:56.187373[INFO][DMMotor#5]      under_voltage_thres: 15.000000
2026-04-08 14:28:56.187381[INFO][DMMotor#5]         hardware_version: 300V
2026-04-08 14:28:56.187388[INFO][DMMotor#5]             control_mode: 1
2026-04-08 14:28:56.187397[INFO][DMMotor#5]              kp_position: 54.000000
2026-04-08 14:28:56.187405[INFO][DMMotor#5]               fw_version: 5015
2026-04-08 14:28:56.187413[INFO][DMMotor#5]                 damp_eff: 0.000262
2026-04-08 14:28:56.187421[INFO][DMMotor#5]                 ki_speed: 0.039270
2026-04-08 14:28:56.187429[INFO][DMMotor#5]           gear_ratio_eff: 1.000000
2026-04-08 14:28:56.187436[INFO][DMMotor#5]         phase_resistance: 0.915341
2026-04-08 14:28:56.187444[INFO][DMMotor#5]         phase_inductance: 0.000372
2026-04-08 14:28:56.187452[INFO][DMMotor#5]             flux_linkage: 0.005244
2026-04-08 14:28:56.187460[INFO][DMMotor#5]               gear_ratio: 10.000000
2026-04-08 14:28:56.187468[INFO][DMMotor#5]              i_bandwidth: 1000.000000
2026-04-08 14:28:56.187478[INFO][DMMotor#5]             can_baudrate: 4
2026-04-08 14:28:56.187490[INFO][DMMotor#5]                  pos_max: 12.500000
2026-04-08 14:28:56.187498[INFO][DMMotor#5]          over_temp_thres: 100.000000
2026-04-08 14:28:56.187506[INFO][DMMotor#5]               torque_max: 10.000000
2026-04-08 14:28:56.187514[INFO][DMMotor#5]                direction: 1.000000
2026-04-08 14:28:56.187522[INFO][DMMotor#5]              ki_position: 0.000000
2026-04-08 14:28:56.187529[INFO][DMMotor#5]     number_of_pole_pairs: 14
2026-04-08 14:28:56.187537[INFO][DMMotor#5]                 kp_speed: 0.003856
2026-04-08 14:29:18.853102[INFO][DMMotor#5] zlog version: 0.1.dev1+g3715879
2026-04-08 14:29:18.853112[INFO][DMMotor#5] zlog_cpp version: 1.0.1
2026-04-08 14:29:18.853116[INFO][DMMotor#5] AIRBOT Drivers: v0.2.9.2-manufacture
2026-04-08 14:29:19.030590[INFO][DMMotor#5]                      p_m: 1.519020
2026-04-08 14:29:19.030658[INFO][DMMotor#5]                 m_offset: 2.155243
2026-04-08 14:29:19.030666[INFO][DMMotor#5]                       k2: 1.590172
2026-04-08 14:29:19.030678[INFO][DMMotor#5]           u_phase_offset: 2086.000000
2026-04-08 14:29:19.030695[INFO][DMMotor#5]           v_phase_offset: 2088.500000
2026-04-08 14:29:19.030700[INFO][DMMotor#5]                    IQ_c1: 2500.000000
2026-04-08 14:29:19.030706[INFO][DMMotor#5]                    VL_c1: 1000.000000
2026-04-08 14:29:19.030711[INFO][DMMotor#5]                  timeout: 0
2026-04-08 14:29:19.030716[INFO][DMMotor#5]            listen_can_id: 5
2026-04-08 14:29:19.030722[INFO][DMMotor#5]          feedback_can_id: 1797
2026-04-08 14:29:19.030729[INFO][DMMotor#5]             deceleration: -2.000000
2026-04-08 14:29:19.030738[INFO][DMMotor#5]                  vel_max: 30.000000
2026-04-08 14:29:19.030743[INFO][DMMotor#5]          speed_bandwidth: 50.000000
2026-04-08 14:29:19.030748[INFO][DMMotor#5]                  inertia: 0.000022
2026-04-08 14:29:19.030753[INFO][DMMotor#5]                       k1: 1.011729
2026-04-08 14:29:19.030758[INFO][DMMotor#5]                max_speed: 600.000000
2026-04-08 14:29:19.030764[INFO][DMMotor#5]       over_current_thres: 0.800000
2026-04-08 14:29:19.030769[INFO][DMMotor#5]             k_torque_out: 0.000000
2026-04-08 14:29:19.030774[INFO][DMMotor#5]                     xout: 1.541651
2026-04-08 14:29:19.030780[INFO][DMMotor#5]       over_voltage_thres: 32.000000
2026-04-08 14:29:19.030785[INFO][DMMotor#5]             acceleration: 2.000000
2026-04-08 14:29:19.030791[INFO][DMMotor#5]                     deta: 4.000000
2026-04-08 14:29:19.030796[INFO][DMMotor#5]      under_voltage_thres: 15.000000
2026-04-08 14:29:19.030801[INFO][DMMotor#5]         hardware_version: 300V
2026-04-08 14:29:19.030807[INFO][DMMotor#5]             control_mode: 1
2026-04-08 14:29:19.030812[INFO][DMMotor#5]              kp_position: 54.000000
2026-04-08 14:29:19.030817[INFO][DMMotor#5]               fw_version: 5015
2026-04-08 14:29:19.030822[INFO][DMMotor#5]                 damp_eff: 0.000262
2026-04-08 14:29:19.030829[INFO][DMMotor#5]                 ki_speed: 0.039270
2026-04-08 14:29:19.030834[INFO][DMMotor#5]           gear_ratio_eff: 1.000000
2026-04-08 14:29:19.030839[INFO][DMMotor#5]         phase_resistance: 0.915341
2026-04-08 14:29:19.030844[INFO][DMMotor#5]         phase_inductance: 0.000372
2026-04-08 14:29:19.030850[INFO][DMMotor#5]             flux_linkage: 0.005244
2026-04-08 14:29:19.030855[INFO][DMMotor#5]               gear_ratio: 10.000000
2026-04-08 14:29:19.030860[INFO][DMMotor#5]              i_bandwidth: 1000.000000
2026-04-08 14:29:19.030865[INFO][DMMotor#5]             can_baudrate: 4
2026-04-08 14:29:19.030870[INFO][DMMotor#5]                  pos_max: 12.500000
2026-04-08 14:29:19.030876[INFO][DMMotor#5]          over_temp_thres: 100.000000
2026-04-08 14:29:19.030881[INFO][DMMotor#5]               torque_max: 10.000000
2026-04-08 14:29:19.030886[INFO][DMMotor#5]                direction: 1.000000
2026-04-08 14:29:19.030891[INFO][DMMotor#5]              ki_position: 0.000000
2026-04-08 14:29:19.030898[INFO][DMMotor#5]     number_of_pole_pairs: 14
2026-04-08 14:29:19.030905[INFO][DMMotor#5]                 kp_speed: 0.003856
2026-04-08 14:38:32.723698[INFO][DMMotor#5] zlog version: 0.1.dev1+g3715879
2026-04-08 14:38:32.723708[INFO][DMMotor#5] zlog_cpp version: 1.0.1
2026-04-08 14:38:32.723712[INFO][DMMotor#5] AIRBOT Drivers: v0.2.9.2-manufacture
2026-04-08 14:38:32.901234[INFO][DMMotor#5]                      p_m: 1.545044
2026-04-08 14:38:32.901278[INFO][DMMotor#5]                 m_offset: 2.155243
2026-04-08 14:38:32.901286[INFO][DMMotor#5]                       k2: 1.590172
2026-04-08 14:38:32.901299[INFO][DMMotor#5]           u_phase_offset: 2086.000000
2026-04-08 14:38:32.901319[INFO][DMMotor#5]           v_phase_offset: 2088.500000
2026-04-08 14:38:32.901325[INFO][DMMotor#5]                    IQ_c1: 2500.000000
2026-04-08 14:38:32.901331[INFO][DMMotor#5]                    VL_c1: 1000.000000
2026-04-08 14:38:32.901337[INFO][DMMotor#5]                  timeout: 0
2026-04-08 14:38:32.901343[INFO][DMMotor#5]            listen_can_id: 5
2026-04-08 14:38:32.901349[INFO][DMMotor#5]          feedback_can_id: 1797
2026-04-08 14:38:32.901359[INFO][DMMotor#5]             deceleration: -2.000000
2026-04-08 14:38:32.901365[INFO][DMMotor#5]                  vel_max: 30.000000
2026-04-08 14:38:32.901371[INFO][DMMotor#5]          speed_bandwidth: 50.000000
2026-04-08 14:38:32.901377[INFO][DMMotor#5]                  inertia: 0.000022
2026-04-08 14:38:32.901383[INFO][DMMotor#5]                       k1: 1.011729
2026-04-08 14:38:32.901389[INFO][DMMotor#5]                max_speed: 600.000000
2026-04-08 14:38:32.901395[INFO][DMMotor#5]       over_current_thres: 0.800000
2026-04-08 14:38:32.901400[INFO][DMMotor#5]             k_torque_out: 0.000000
2026-04-08 14:38:32.901407[INFO][DMMotor#5]                     xout: 1.569262
2026-04-08 14:38:32.901412[INFO][DMMotor#5]       over_voltage_thres: 32.000000
2026-04-08 14:38:32.901417[INFO][DMMotor#5]             acceleration: 2.000000
2026-04-08 14:38:32.901425[INFO][DMMotor#5]                     deta: 4.000000
2026-04-08 14:38:32.901431[INFO][DMMotor#5]      under_voltage_thres: 15.000000
2026-04-08 14:38:32.901437[INFO][DMMotor#5]         hardware_version: 300V
2026-04-08 14:38:32.901443[INFO][DMMotor#5]             control_mode: 4
2026-04-08 14:38:32.901448[INFO][DMMotor#5]              kp_position: 54.000000
2026-04-08 14:38:32.901454[INFO][DMMotor#5]               fw_version: 5015
2026-04-08 14:38:32.901460[INFO][DMMotor#5]                 damp_eff: 0.000262
2026-04-08 14:38:32.901467[INFO][DMMotor#5]                 ki_speed: 0.039270
2026-04-08 14:38:32.901472[INFO][DMMotor#5]           gear_ratio_eff: 1.000000
2026-04-08 14:38:32.901478[INFO][DMMotor#5]         phase_resistance: 0.915341
2026-04-08 14:38:32.901485[INFO][DMMotor#5]         phase_inductance: 0.000372
2026-04-08 14:38:32.901491[INFO][DMMotor#5]             flux_linkage: 0.005244
2026-04-08 14:38:32.901498[INFO][DMMotor#5]               gear_ratio: 10.000000
2026-04-08 14:38:32.901509[INFO][DMMotor#5]              i_bandwidth: 1000.000000
2026-04-08 14:38:32.901514[INFO][DMMotor#5]             can_baudrate: 4
2026-04-08 14:38:32.901520[INFO][DMMotor#5]                  pos_max: 12.500000
2026-04-08 14:38:32.901526[INFO][DMMotor#5]          over_temp_thres: 100.000000
2026-04-08 14:38:32.901533[INFO][DMMotor#5]               torque_max: 10.000000
2026-04-08 14:38:32.901538[INFO][DMMotor#5]                direction: 1.000000
2026-04-08 14:38:32.901544[INFO][DMMotor#5]              ki_position: 0.000000
2026-04-08 14:38:32.901550[INFO][DMMotor#5]     number_of_pole_pairs: 14
2026-04-08 14:38:32.901556[INFO][DMMotor#5]                 kp_speed: 0.003856
2026-04-08 15:07:13.664587[INFO][DMMotor#5] zlog version: 0.1.dev1+g3715879
2026-04-08 15:07:13.664595[INFO][DMMotor#5] zlog_cpp version: 1.0.1
2026-04-08 15:07:13.664599[INFO][DMMotor#5] AIRBOT Drivers: v0.2.9.2-manufacture
2026-04-08 15:07:13.842009[INFO][DMMotor#5]                      p_m: 1.437719
2026-04-08 15:07:13.842070[INFO][DMMotor#5]                 m_offset: 2.155243
2026-04-08 15:07:13.842084[INFO][DMMotor#5]                       k2: 1.590172
2026-04-08 15:07:13.842105[INFO][DMMotor#5]           u_phase_offset: 2086.000000
2026-04-08 15:07:13.842116[INFO][DMMotor#5]           v_phase_offset: 2088.500000
2026-04-08 15:07:13.842121[INFO][DMMotor#5]                    IQ_c1: 2500.000000
2026-04-08 15:07:13.842127[INFO][DMMotor#5]                    VL_c1: 1000.000000
2026-04-08 15:07:13.842132[INFO][DMMotor#5]                  timeout: 0
2026-04-08 15:07:13.842137[INFO][DMMotor#5]            listen_can_id: 5
2026-04-08 15:07:13.842143[INFO][DMMotor#5]          feedback_can_id: 1797
2026-04-08 15:07:13.842148[INFO][DMMotor#5]             deceleration: -2.000000
2026-04-08 15:07:13.842153[INFO][DMMotor#5]                  vel_max: 30.000000
2026-04-08 15:07:13.842159[INFO][DMMotor#5]          speed_bandwidth: 50.000000
2026-04-08 15:07:13.842164[INFO][DMMotor#5]                  inertia: 0.000022
2026-04-08 15:07:13.842169[INFO][DMMotor#5]                       k1: 1.011729
2026-04-08 15:07:13.842175[INFO][DMMotor#5]                max_speed: 600.000000
2026-04-08 15:07:13.842181[INFO][DMMotor#5]       over_current_thres: 0.800000
2026-04-08 15:07:13.842186[INFO][DMMotor#5]             k_torque_out: 0.000000
2026-04-08 15:07:13.842191[INFO][DMMotor#5]                     xout: 1.452680
2026-04-08 15:07:13.842196[INFO][DMMotor#5]       over_voltage_thres: 32.000000
2026-04-08 15:07:13.842202[INFO][DMMotor#5]             acceleration: 2.000000
2026-04-08 15:07:13.842211[INFO][DMMotor#5]                     deta: 4.000000
2026-04-08 15:07:13.842216[INFO][DMMotor#5]      under_voltage_thres: 15.000000
2026-04-08 15:07:13.842221[INFO][DMMotor#5]         hardware_version: 300V
2026-04-08 15:07:13.842226[INFO][DMMotor#5]             control_mode: 1
2026-04-08 15:07:13.842231[INFO][DMMotor#5]              kp_position: 54.000000
2026-04-08 15:07:13.842237[INFO][DMMotor#5]               fw_version: 5015
2026-04-08 15:07:13.842243[INFO][DMMotor#5]                 damp_eff: 0.000262
2026-04-08 15:07:13.842248[INFO][DMMotor#5]                 ki_speed: 0.039270
2026-04-08 15:07:13.842253[INFO][DMMotor#5]           gear_ratio_eff: 1.000000
2026-04-08 15:07:13.842258[INFO][DMMotor#5]         phase_resistance: 0.915341
2026-04-08 15:07:13.842263[INFO][DMMotor#5]         phase_inductance: 0.000372
2026-04-08 15:07:13.842268[INFO][DMMotor#5]             flux_linkage: 0.005244
2026-04-08 15:07:13.842277[INFO][DMMotor#5]               gear_ratio: 10.000000
2026-04-08 15:07:13.842282[INFO][DMMotor#5]              i_bandwidth: 1000.000000
2026-04-08 15:07:13.842287[INFO][DMMotor#5]             can_baudrate: 4
2026-04-08 15:07:13.842292[INFO][DMMotor#5]                  pos_max: 12.500000
2026-04-08 15:07:13.842297[INFO][DMMotor#5]          over_temp_thres: 100.000000
2026-04-08 15:07:13.842302[INFO][DMMotor#5]               torque_max: 10.000000
2026-04-08 15:07:13.842308[INFO][DMMotor#5]                direction: 1.000000
2026-04-08 15:07:13.842314[INFO][DMMotor#5]              ki_position: 0.000000
2026-04-08 15:07:13.842319[INFO][DMMotor#5]     number_of_pole_pairs: 14
2026-04-08 15:07:13.842324[INFO][DMMotor#5]                 kp_speed: 0.003856
2026-04-08 15:07:21.683054[INFO][DMMotor#5] zlog version: 0.1.dev1+g3715879
2026-04-08 15:07:21.683063[INFO][DMMotor#5] zlog_cpp version: 1.0.1
2026-04-08 15:07:21.683069[INFO][DMMotor#5] AIRBOT Drivers: v0.2.9.2-manufacture
2026-04-08 15:07:21.860609[INFO][DMMotor#5]                      p_m: -1.794874
2026-04-08 15:07:21.860638[INFO][DMMotor#5]                 m_offset: 2.155243
2026-04-08 15:07:21.860647[INFO][DMMotor#5]                       k2: 1.590172
2026-04-08 15:07:21.860655[INFO][DMMotor#5]           u_phase_offset: 2086.000000
2026-04-08 15:07:21.860666[INFO][DMMotor#5]           v_phase_offset: 2088.500000
2026-04-08 15:07:21.860678[INFO][DMMotor#5]                    IQ_c1: 2500.000000
2026-04-08 15:07:21.860685[INFO][DMMotor#5]                    VL_c1: 1000.000000
2026-04-08 15:07:21.860693[INFO][DMMotor#5]                  timeout: 0
2026-04-08 15:07:21.860701[INFO][DMMotor#5]            listen_can_id: 5
2026-04-08 15:07:21.860711[INFO][DMMotor#5]          feedback_can_id: 1797
2026-04-08 15:07:21.860718[INFO][DMMotor#5]             deceleration: -2.000000
2026-04-08 15:07:21.860727[INFO][DMMotor#5]                  vel_max: 30.000000
2026-04-08 15:07:21.860738[INFO][DMMotor#5]          speed_bandwidth: 50.000000
2026-04-08 15:07:21.860746[INFO][DMMotor#5]                  inertia: 0.000022
2026-04-08 15:07:21.860753[INFO][DMMotor#5]                       k1: 1.011729
2026-04-08 15:07:21.860760[INFO][DMMotor#5]                max_speed: 600.000000
2026-04-08 15:07:21.860768[INFO][DMMotor#5]       over_current_thres: 0.800000
2026-04-08 15:07:21.860775[INFO][DMMotor#5]             k_torque_out: 0.000000
2026-04-08 15:07:21.860783[INFO][DMMotor#5]                     xout: -1.773282
2026-04-08 15:07:21.860790[INFO][DMMotor#5]       over_voltage_thres: 32.000000
2026-04-08 15:07:21.860797[INFO][DMMotor#5]             acceleration: 2.000000
2026-04-08 15:07:21.860805[INFO][DMMotor#5]                     deta: 4.000000
2026-04-08 15:07:21.860812[INFO][DMMotor#5]      under_voltage_thres: 15.000000
2026-04-08 15:07:21.860820[INFO][DMMotor#5]         hardware_version: 300V
2026-04-08 15:07:21.860828[INFO][DMMotor#5]             control_mode: 1
2026-04-08 15:07:21.860835[INFO][DMMotor#5]              kp_position: 54.000000
2026-04-08 15:07:21.860842[INFO][DMMotor#5]               fw_version: 5015
2026-04-08 15:07:21.860850[INFO][DMMotor#5]                 damp_eff: 0.000262
2026-04-08 15:07:21.860857[INFO][DMMotor#5]                 ki_speed: 0.039270
2026-04-08 15:07:21.860866[INFO][DMMotor#5]           gear_ratio_eff: 1.000000
2026-04-08 15:07:21.860874[INFO][DMMotor#5]         phase_resistance: 0.915341
2026-04-08 15:07:21.860881[INFO][DMMotor#5]         phase_inductance: 0.000372
2026-04-08 15:07:21.860888[INFO][DMMotor#5]             flux_linkage: 0.005244
2026-04-08 15:07:21.860896[INFO][DMMotor#5]               gear_ratio: 10.000000
2026-04-08 15:07:21.860904[INFO][DMMotor#5]              i_bandwidth: 1000.000000
2026-04-08 15:07:21.860911[INFO][DMMotor#5]             can_baudrate: 4
2026-04-08 15:07:21.860917[INFO][DMMotor#5]                  pos_max: 12.500000
2026-04-08 15:07:21.860924[INFO][DMMotor#5]          over_temp_thres: 100.000000
2026-04-08 15:07:21.860932[INFO][DMMotor#5]               torque_max: 10.000000
2026-04-08 15:07:21.860939[INFO][DMMotor#5]                direction: 1.000000
2026-04-08 15:07:21.860947[INFO][DMMotor#5]              ki_position: 0.000000
2026-04-08 15:07:21.860954[INFO][DMMotor#5]     number_of_pole_pairs: 14
2026-04-08 15:07:21.860960[INFO][DMMotor#5]                 kp_speed: 0.003856
