2026-04-08 13:50:26.994726[INFO][DMMotor#4] zlog version: 0.1.dev1+g3715879
2026-04-08 13:50:26.994806[INFO][DMMotor#4] zlog_cpp version: 1.0.1
2026-04-08 13:50:26.994813[INFO][DMMotor#4] AIRBOT Drivers: v0.2.9.2-manufacture
2026-04-08 13:50:27.172283[INFO][DMMotor#4]                      p_m: 0.008798
2026-04-08 13:50:27.172329[INFO][DMMotor#4]                 m_offset: -2.251884
2026-04-08 13:50:27.172344[INFO][DMMotor#4]                       k2: 1.548672
2026-04-08 13:50:27.172351[INFO][DMMotor#4]           u_phase_offset: 1979.000000
2026-04-08 13:50:27.172357[INFO][DMMotor#4]           v_phase_offset: 1986.000000
2026-04-08 13:50:27.172364[INFO][DMMotor#4]                    IQ_c1: 2500.000000
2026-04-08 13:50:27.172371[INFO][DMMotor#4]                    VL_c1: 1000.000000
2026-04-08 13:50:27.172378[INFO][DMMotor#4]                  timeout: 0
2026-04-08 13:50:27.172388[INFO][DMMotor#4]            listen_can_id: 4
2026-04-08 13:50:27.172394[INFO][DMMotor#4]          feedback_can_id: 1796
2026-04-08 13:50:27.172399[INFO][DMMotor#4]             deceleration: -2.000000
2026-04-08 13:50:27.172405[INFO][DMMotor#4]                  vel_max: 30.000000
2026-04-08 13:50:27.172410[INFO][DMMotor#4]          speed_bandwidth: 50.000000
2026-04-08 13:50:27.172416[INFO][DMMotor#4]                  inertia: 0.000022
2026-04-08 13:50:27.172421[INFO][DMMotor#4]                       k1: 0.996687
2026-04-08 13:50:27.172426[INFO][DMMotor#4]                max_speed: 600.000000
2026-04-08 13:50:27.172434[INFO][DMMotor#4]       over_current_thres: 0.800000
2026-04-08 13:50:27.172439[INFO][DMMotor#4]             k_torque_out: 0.000000
2026-04-08 13:50:27.172444[INFO][DMMotor#4]                     xout: 0.009204
2026-04-08 13:50:27.172451[INFO][DMMotor#4]       over_voltage_thres: 32.000000
2026-04-08 13:50:27.172456[INFO][DMMotor#4]             acceleration: 2.000000
2026-04-08 13:50:27.172461[INFO][DMMotor#4]                     deta: 4.000000
2026-04-08 13:50:27.172467[INFO][DMMotor#4]      under_voltage_thres: 15.000000
2026-04-08 13:50:27.172472[INFO][DMMotor#4]         hardware_version: 300V
2026-04-08 13:50:27.172478[INFO][DMMotor#4]             control_mode: 2
2026-04-08 13:50:27.172483[INFO][DMMotor#4]              kp_position: 54.000000
2026-04-08 13:50:27.172490[INFO][DMMotor#4]               fw_version: 5015
2026-04-08 13:50:27.172495[INFO][DMMotor#4]                 damp_eff: 0.000373
2026-04-08 13:50:27.172502[INFO][DMMotor#4]                 ki_speed: 0.039270
2026-04-08 13:50:27.172507[INFO][DMMotor#4]           gear_ratio_eff: 1.000000
2026-04-08 13:50:27.172512[INFO][DMMotor#4]         phase_resistance: 0.954745
2026-04-08 13:50:27.172517[INFO][DMMotor#4]         phase_inductance: 0.000367
2026-04-08 13:50:27.172523[INFO][DMMotor#4]             flux_linkage: 0.005287
2026-04-08 13:50:27.172528[INFO][DMMotor#4]               gear_ratio: 10.000000
2026-04-08 13:50:27.172533[INFO][DMMotor#4]              i_bandwidth: 1000.000000
2026-04-08 13:50:27.172539[INFO][DMMotor#4]             can_baudrate: 4
2026-04-08 13:50:27.172544[INFO][DMMotor#4]                  pos_max: 12.500000
2026-04-08 13:50:27.172550[INFO][DMMotor#4]          over_temp_thres: 100.000000
2026-04-08 13:50:27.172556[INFO][DMMotor#4]               torque_max: 10.000000
2026-04-08 13:50:27.172561[INFO][DMMotor#4]                direction: 1.000000
2026-04-08 13:50:27.172566[INFO][DMMotor#4]              ki_position: 0.000000
2026-04-08 13:50:27.172572[INFO][DMMotor#4]     number_of_pole_pairs: 14
2026-04-08 13:50:27.172579[INFO][DMMotor#4]                 kp_speed: 0.003875
2026-04-08 13:53:06.817507[INFO][DMMotor#4] zlog version: 0.1.dev1+g3715879
2026-04-08 13:53:06.817514[INFO][DMMotor#4] zlog_cpp version: 1.0.1
2026-04-08 13:53:06.817520[INFO][DMMotor#4] AIRBOT Drivers: v0.2.9.2-manufacture
2026-04-08 13:53:07.169228[INFO][DMMotor#4]                      p_m: 0.008759
2026-04-08 13:53:07.169302[INFO][DMMotor#4]                 m_offset: -2.251884
2026-04-08 13:53:07.169324[INFO][DMMotor#4]                       k2: 1.548672
2026-04-08 13:53:07.169333[INFO][DMMotor#4]           u_phase_offset: 1979.000000
2026-04-08 13:53:07.169343[INFO][DMMotor#4]           v_phase_offset: 1986.000000
2026-04-08 13:53:07.169356[INFO][DMMotor#4]                    IQ_c1: 2500.000000
2026-04-08 13:53:07.169364[INFO][DMMotor#4]                    VL_c1: 1000.000000
2026-04-08 13:53:07.169371[INFO][DMMotor#4]                  timeout: 0
2026-04-08 13:53:07.169378[INFO][DMMotor#4]            listen_can_id: 4
2026-04-08 13:53:07.169385[INFO][DMMotor#4]          feedback_can_id: 1796
2026-04-08 13:53:07.169392[INFO][DMMotor#4]             deceleration: -2.000000
2026-04-08 13:53:07.169399[INFO][DMMotor#4]                  vel_max: 30.000000
2026-04-08 13:53:07.169405[INFO][DMMotor#4]          speed_bandwidth: 50.000000
2026-04-08 13:53:07.169412[INFO][DMMotor#4]                  inertia: 0.000022
2026-04-08 13:53:07.169420[INFO][DMMotor#4]                       k1: 0.996687
2026-04-08 13:53:07.169427[INFO][DMMotor#4]                max_speed: 600.000000
2026-04-08 13:53:07.169434[INFO][DMMotor#4]       over_current_thres: 0.800000
2026-04-08 13:53:07.169441[INFO][DMMotor#4]             k_torque_out: 0.000000
2026-04-08 13:53:07.169448[INFO][DMMotor#4]                     xout: 0.007670
2026-04-08 13:53:07.169455[INFO][DMMotor#4]       over_voltage_thres: 32.000000
2026-04-08 13:53:07.169462[INFO][DMMotor#4]             acceleration: 2.000000
2026-04-08 13:53:07.169468[INFO][DMMotor#4]                     deta: 4.000000
2026-04-08 13:53:07.169475[INFO][DMMotor#4]      under_voltage_thres: 15.000000
2026-04-08 13:53:07.169482[INFO][DMMotor#4]         hardware_version: 300V
2026-04-08 13:53:07.169489[INFO][DMMotor#4]             control_mode: 1
2026-04-08 13:53:07.169496[INFO][DMMotor#4]              kp_position: 54.000000
2026-04-08 13:53:07.169502[INFO][DMMotor#4]               fw_version: 5015
2026-04-08 13:53:07.169509[INFO][DMMotor#4]                 damp_eff: 0.000373
2026-04-08 13:53:07.169515[INFO][DMMotor#4]                 ki_speed: 0.039270
2026-04-08 13:53:07.169522[INFO][DMMotor#4]           gear_ratio_eff: 1.000000
2026-04-08 13:53:07.169529[INFO][DMMotor#4]         phase_resistance: 0.954745
2026-04-08 13:53:07.169536[INFO][DMMotor#4]         phase_inductance: 0.000367
2026-04-08 13:53:07.169543[INFO][DMMotor#4]             flux_linkage: 0.005287
2026-04-08 13:53:07.169549[INFO][DMMotor#4]               gear_ratio: 10.000000
2026-04-08 13:53:07.169556[INFO][DMMotor#4]              i_bandwidth: 1000.000000
2026-04-08 13:53:07.169563[INFO][DMMotor#4]             can_baudrate: 4
2026-04-08 13:53:07.169571[INFO][DMMotor#4]                  pos_max: 12.500000
2026-04-08 13:53:07.169578[INFO][DMMotor#4]          over_temp_thres: 100.000000
2026-04-08 13:53:07.169584[INFO][DMMotor#4]               torque_max: 10.000000
2026-04-08 13:53:07.169591[INFO][DMMotor#4]                direction: 1.000000
2026-04-08 13:53:07.169597[INFO][DMMotor#4]              ki_position: 0.000000
2026-04-08 13:53:07.169604[INFO][DMMotor#4]     number_of_pole_pairs: 14
2026-04-08 13:53:07.169610[INFO][DMMotor#4]                 kp_speed: 0.003875
2026-04-08 13:53:15.940523[INFO][DMMotor#4] zlog version: 0.1.dev1+g3715879
2026-04-08 13:53:15.940530[INFO][DMMotor#4] zlog_cpp version: 1.0.1
2026-04-08 13:53:15.940534[INFO][DMMotor#4] AIRBOT Drivers: v0.2.9.2-manufacture
2026-04-08 13:53:16.117969[INFO][DMMotor#4]                      p_m: 0.008759
2026-04-08 13:53:16.118024[INFO][DMMotor#4]                 m_offset: -2.251884
2026-04-08 13:53:16.118059[INFO][DMMotor#4]                       k2: 1.548672
2026-04-08 13:53:16.118070[INFO][DMMotor#4]           u_phase_offset: 1979.000000
2026-04-08 13:53:16.118075[INFO][DMMotor#4]           v_phase_offset: 1986.000000
2026-04-08 13:53:16.118080[INFO][DMMotor#4]                    IQ_c1: 2500.000000
2026-04-08 13:53:16.118088[INFO][DMMotor#4]                    VL_c1: 1000.000000
2026-04-08 13:53:16.118093[INFO][DMMotor#4]                  timeout: 0
2026-04-08 13:53:16.118098[INFO][DMMotor#4]            listen_can_id: 4
2026-04-08 13:53:16.118104[INFO][DMMotor#4]          feedback_can_id: 1796
2026-04-08 13:53:16.118111[INFO][DMMotor#4]             deceleration: -2.000000
2026-04-08 13:53:16.118117[INFO][DMMotor#4]                  vel_max: 30.000000
2026-04-08 13:53:16.118122[INFO][DMMotor#4]          speed_bandwidth: 50.000000
2026-04-08 13:53:16.118128[INFO][DMMotor#4]                  inertia: 0.000022
2026-04-08 13:53:16.118134[INFO][DMMotor#4]                       k1: 0.996687
2026-04-08 13:53:16.118140[INFO][DMMotor#4]                max_speed: 600.000000
2026-04-08 13:53:16.118145[INFO][DMMotor#4]       over_current_thres: 0.800000
2026-04-08 13:53:16.118150[INFO][DMMotor#4]             k_torque_out: 0.000000
2026-04-08 13:53:16.118156[INFO][DMMotor#4]                     xout: 0.009204
2026-04-08 13:53:16.118161[INFO][DMMotor#4]       over_voltage_thres: 32.000000
2026-04-08 13:53:16.118166[INFO][DMMotor#4]             acceleration: 2.000000
2026-04-08 13:53:16.118171[INFO][DMMotor#4]                     deta: 4.000000
2026-04-08 13:53:16.118177[INFO][DMMotor#4]      under_voltage_thres: 15.000000
2026-04-08 13:53:16.118183[INFO][DMMotor#4]         hardware_version: 300V
2026-04-08 13:53:16.118188[INFO][DMMotor#4]             control_mode: 1
2026-04-08 13:53:16.118193[INFO][DMMotor#4]              kp_position: 54.000000
2026-04-08 13:53:16.118198[INFO][DMMotor#4]               fw_version: 5015
2026-04-08 13:53:16.118204[INFO][DMMotor#4]                 damp_eff: 0.000373
2026-04-08 13:53:16.118209[INFO][DMMotor#4]                 ki_speed: 0.039270
2026-04-08 13:53:16.118214[INFO][DMMotor#4]           gear_ratio_eff: 1.000000
2026-04-08 13:53:16.118219[INFO][DMMotor#4]         phase_resistance: 0.954745
2026-04-08 13:53:16.118224[INFO][DMMotor#4]         phase_inductance: 0.000367
2026-04-08 13:53:16.118230[INFO][DMMotor#4]             flux_linkage: 0.005287
2026-04-08 13:53:16.118236[INFO][DMMotor#4]               gear_ratio: 10.000000
2026-04-08 13:53:16.118241[INFO][DMMotor#4]              i_bandwidth: 1000.000000
2026-04-08 13:53:16.118246[INFO][DMMotor#4]             can_baudrate: 4
2026-04-08 13:53:16.118252[INFO][DMMotor#4]                  pos_max: 12.500000
2026-04-08 13:53:16.118257[INFO][DMMotor#4]          over_temp_thres: 100.000000
2026-04-08 13:53:16.118263[INFO][DMMotor#4]               torque_max: 10.000000
2026-04-08 13:53:16.118268[INFO][DMMotor#4]                direction: 1.000000
2026-04-08 13:53:16.118273[INFO][DMMotor#4]              ki_position: 0.000000
2026-04-08 13:53:16.118279[INFO][DMMotor#4]     number_of_pole_pairs: 14
2026-04-08 13:53:16.118285[INFO][DMMotor#4]                 kp_speed: 0.003875
2026-04-08 13:55:52.822654[INFO][DMMotor#4] zlog version: 0.1.dev1+g3715879
2026-04-08 13:55:52.822663[INFO][DMMotor#4] zlog_cpp version: 1.0.1
2026-04-08 13:55:52.822669[INFO][DMMotor#4] AIRBOT Drivers: v0.2.9.2-manufacture
2026-04-08 13:55:53.000113[INFO][DMMotor#4]                      p_m: 0.008876
2026-04-08 13:55:53.000194[INFO][DMMotor#4]                 m_offset: -2.251884
2026-04-08 13:55:53.000210[INFO][DMMotor#4]                       k2: 1.548672
2026-04-08 13:55:53.000220[INFO][DMMotor#4]           u_phase_offset: 1979.000000
2026-04-08 13:55:53.000229[INFO][DMMotor#4]           v_phase_offset: 1986.000000
2026-04-08 13:55:53.000237[INFO][DMMotor#4]                    IQ_c1: 2500.000000
2026-04-08 13:55:53.000245[INFO][DMMotor#4]                    VL_c1: 1000.000000
2026-04-08 13:55:53.000253[INFO][DMMotor#4]                  timeout: 0
2026-04-08 13:55:53.000261[INFO][DMMotor#4]            listen_can_id: 4
2026-04-08 13:55:53.000269[INFO][DMMotor#4]          feedback_can_id: 1796
2026-04-08 13:55:53.000279[INFO][DMMotor#4]             deceleration: -2.000000
2026-04-08 13:55:53.000290[INFO][DMMotor#4]                  vel_max: 30.000000
2026-04-08 13:55:53.000298[INFO][DMMotor#4]          speed_bandwidth: 50.000000
2026-04-08 13:55:53.000305[INFO][DMMotor#4]                  inertia: 0.000022
2026-04-08 13:55:53.000313[INFO][DMMotor#4]                       k1: 0.996687
2026-04-08 13:55:53.000320[INFO][DMMotor#4]                max_speed: 600.000000
2026-04-08 13:55:53.000329[INFO][DMMotor#4]       over_current_thres: 0.800000
2026-04-08 13:55:53.000340[INFO][DMMotor#4]             k_torque_out: 0.000000
2026-04-08 13:55:53.000347[INFO][DMMotor#4]                     xout: 0.009204
2026-04-08 13:55:53.000355[INFO][DMMotor#4]       over_voltage_thres: 32.000000
2026-04-08 13:55:53.000362[INFO][DMMotor#4]             acceleration: 2.000000
2026-04-08 13:55:53.000370[INFO][DMMotor#4]                     deta: 4.000000
2026-04-08 13:55:53.000378[INFO][DMMotor#4]      under_voltage_thres: 15.000000
2026-04-08 13:55:53.000386[INFO][DMMotor#4]         hardware_version: 300V
2026-04-08 13:55:53.000393[INFO][DMMotor#4]             control_mode: 1
2026-04-08 13:55:53.000401[INFO][DMMotor#4]              kp_position: 54.000000
2026-04-08 13:55:53.000409[INFO][DMMotor#4]               fw_version: 5015
2026-04-08 13:55:53.000416[INFO][DMMotor#4]                 damp_eff: 0.000373
2026-04-08 13:55:53.000423[INFO][DMMotor#4]                 ki_speed: 0.039270
2026-04-08 13:55:53.000431[INFO][DMMotor#4]           gear_ratio_eff: 1.000000
2026-04-08 13:55:53.000438[INFO][DMMotor#4]         phase_resistance: 0.954745
2026-04-08 13:55:53.000446[INFO][DMMotor#4]         phase_inductance: 0.000367
2026-04-08 13:55:53.000453[INFO][DMMotor#4]             flux_linkage: 0.005287
2026-04-08 13:55:53.000461[INFO][DMMotor#4]               gear_ratio: 10.000000
2026-04-08 13:55:53.000469[INFO][DMMotor#4]              i_bandwidth: 1000.000000
2026-04-08 13:55:53.000476[INFO][DMMotor#4]             can_baudrate: 4
2026-04-08 13:55:53.000484[INFO][DMMotor#4]                  pos_max: 12.500000
2026-04-08 13:55:53.000491[INFO][DMMotor#4]          over_temp_thres: 100.000000
2026-04-08 13:55:53.000499[INFO][DMMotor#4]               torque_max: 10.000000
2026-04-08 13:55:53.000506[INFO][DMMotor#4]                direction: 1.000000
2026-04-08 13:55:53.000513[INFO][DMMotor#4]              ki_position: 0.000000
2026-04-08 13:55:53.000521[INFO][DMMotor#4]     number_of_pole_pairs: 14
2026-04-08 13:55:53.000529[INFO][DMMotor#4]                 kp_speed: 0.003875
2026-04-08 14:21:56.844207[INFO][DMMotor#4] zlog version: 0.1.dev1+g3715879
2026-04-08 14:21:56.844218[INFO][DMMotor#4] zlog_cpp version: 1.0.1
2026-04-08 14:21:56.844224[INFO][DMMotor#4] AIRBOT Drivers: v0.2.9.2-manufacture
2026-04-08 14:21:57.021643[INFO][DMMotor#4]                      p_m: 0.008876
2026-04-08 14:21:57.021707[INFO][DMMotor#4]                 m_offset: -2.251884
2026-04-08 14:21:57.021736[INFO][DMMotor#4]                       k2: 1.548672
2026-04-08 14:21:57.021748[INFO][DMMotor#4]           u_phase_offset: 1979.000000
2026-04-08 14:21:57.021759[INFO][DMMotor#4]           v_phase_offset: 1986.000000
2026-04-08 14:21:57.021770[INFO][DMMotor#4]                    IQ_c1: 2500.000000
2026-04-08 14:21:57.021782[INFO][DMMotor#4]                    VL_c1: 1000.000000
2026-04-08 14:21:57.021793[INFO][DMMotor#4]                  timeout: 0
2026-04-08 14:21:57.021803[INFO][DMMotor#4]            listen_can_id: 4
2026-04-08 14:21:57.021815[INFO][DMMotor#4]          feedback_can_id: 1796
2026-04-08 14:21:57.021826[INFO][DMMotor#4]             deceleration: -2.000000
2026-04-08 14:21:57.021837[INFO][DMMotor#4]                  vel_max: 30.000000
2026-04-08 14:21:57.021848[INFO][DMMotor#4]          speed_bandwidth: 50.000000
2026-04-08 14:21:57.021860[INFO][DMMotor#4]                  inertia: 0.000022
2026-04-08 14:21:57.021871[INFO][DMMotor#4]                       k1: 0.996687
2026-04-08 14:21:57.021882[INFO][DMMotor#4]                max_speed: 600.000000
2026-04-08 14:21:57.021893[INFO][DMMotor#4]       over_current_thres: 0.800000
2026-04-08 14:21:57.021904[INFO][DMMotor#4]             k_torque_out: 0.000000
2026-04-08 14:21:57.021915[INFO][DMMotor#4]                     xout: 0.009204
2026-04-08 14:21:57.021926[INFO][DMMotor#4]       over_voltage_thres: 32.000000
2026-04-08 14:21:57.021938[INFO][DMMotor#4]             acceleration: 2.000000
2026-04-08 14:21:57.021948[INFO][DMMotor#4]                     deta: 4.000000
2026-04-08 14:21:57.021960[INFO][DMMotor#4]      under_voltage_thres: 15.000000
2026-04-08 14:21:57.021973[INFO][DMMotor#4]         hardware_version: 300V
2026-04-08 14:21:57.021989[INFO][DMMotor#4]             control_mode: 1
2026-04-08 14:21:57.022000[INFO][DMMotor#4]              kp_position: 54.000000
2026-04-08 14:21:57.022013[INFO][DMMotor#4]               fw_version: 5015
2026-04-08 14:21:57.022025[INFO][DMMotor#4]                 damp_eff: 0.000373
2026-04-08 14:21:57.022043[INFO][DMMotor#4]                 ki_speed: 0.039270
2026-04-08 14:21:57.022054[INFO][DMMotor#4]           gear_ratio_eff: 1.000000
2026-04-08 14:21:57.022065[INFO][DMMotor#4]         phase_resistance: 0.954745
2026-04-08 14:21:57.022076[INFO][DMMotor#4]         phase_inductance: 0.000367
2026-04-08 14:21:57.022087[INFO][DMMotor#4]             flux_linkage: 0.005287
2026-04-08 14:21:57.022098[INFO][DMMotor#4]               gear_ratio: 10.000000
2026-04-08 14:21:57.022108[INFO][DMMotor#4]              i_bandwidth: 1000.000000
2026-04-08 14:21:57.022119[INFO][DMMotor#4]             can_baudrate: 4
2026-04-08 14:21:57.022130[INFO][DMMotor#4]                  pos_max: 12.500000
2026-04-08 14:21:57.022142[INFO][DMMotor#4]          over_temp_thres: 100.000000
2026-04-08 14:21:57.022153[INFO][DMMotor#4]               torque_max: 10.000000
2026-04-08 14:21:57.022164[INFO][DMMotor#4]                direction: 1.000000
2026-04-08 14:21:57.022176[INFO][DMMotor#4]              ki_position: 0.000000
2026-04-08 14:21:57.022186[INFO][DMMotor#4]     number_of_pole_pairs: 14
2026-04-08 14:21:57.022198[INFO][DMMotor#4]                 kp_speed: 0.003875
2026-04-08 14:24:22.895755[INFO][DMMotor#4] zlog version: 0.1.dev1+g3715879
2026-04-08 14:24:22.895763[INFO][DMMotor#4] zlog_cpp version: 1.0.1
2026-04-08 14:24:22.895771[INFO][DMMotor#4] AIRBOT Drivers: v0.2.9.2-manufacture
2026-04-08 14:24:23.073391[INFO][DMMotor#4]                      p_m: 0.008914
2026-04-08 14:24:23.073440[INFO][DMMotor#4]                 m_offset: -2.251884
2026-04-08 14:24:23.073457[INFO][DMMotor#4]                       k2: 1.548672
2026-04-08 14:24:23.073465[INFO][DMMotor#4]           u_phase_offset: 1979.000000
2026-04-08 14:24:23.073472[INFO][DMMotor#4]           v_phase_offset: 1986.000000
2026-04-08 14:24:23.073479[INFO][DMMotor#4]                    IQ_c1: 2500.000000
2026-04-08 14:24:23.073486[INFO][DMMotor#4]                    VL_c1: 1000.000000
2026-04-08 14:24:23.073493[INFO][DMMotor#4]                  timeout: 0
2026-04-08 14:24:23.073503[INFO][DMMotor#4]            listen_can_id: 4
2026-04-08 14:24:23.073510[INFO][DMMotor#4]          feedback_can_id: 1796
2026-04-08 14:24:23.073517[INFO][DMMotor#4]             deceleration: -2.000000
2026-04-08 14:24:23.073524[INFO][DMMotor#4]                  vel_max: 30.000000
2026-04-08 14:24:23.073531[INFO][DMMotor#4]          speed_bandwidth: 50.000000
2026-04-08 14:24:23.073538[INFO][DMMotor#4]                  inertia: 0.000022
2026-04-08 14:24:23.073544[INFO][DMMotor#4]                       k1: 0.996687
2026-04-08 14:24:23.073551[INFO][DMMotor#4]                max_speed: 600.000000
2026-04-08 14:24:23.073558[INFO][DMMotor#4]       over_current_thres: 0.800000
2026-04-08 14:24:23.073565[INFO][DMMotor#4]             k_torque_out: 0.000000
2026-04-08 14:24:23.073573[INFO][DMMotor#4]                     xout: 0.007670
2026-04-08 14:24:23.073580[INFO][DMMotor#4]       over_voltage_thres: 32.000000
2026-04-08 14:24:23.073587[INFO][DMMotor#4]             acceleration: 2.000000
2026-04-08 14:24:23.073593[INFO][DMMotor#4]                     deta: 4.000000
2026-04-08 14:24:23.073600[INFO][DMMotor#4]      under_voltage_thres: 15.000000
2026-04-08 14:24:23.073606[INFO][DMMotor#4]         hardware_version: 300V
2026-04-08 14:24:23.073614[INFO][DMMotor#4]             control_mode: 1
2026-04-08 14:24:23.073621[INFO][DMMotor#4]              kp_position: 54.000000
2026-04-08 14:24:23.073628[INFO][DMMotor#4]               fw_version: 5015
2026-04-08 14:24:23.073635[INFO][DMMotor#4]                 damp_eff: 0.000373
2026-04-08 14:24:23.073641[INFO][DMMotor#4]                 ki_speed: 0.039270
2026-04-08 14:24:23.073650[INFO][DMMotor#4]           gear_ratio_eff: 1.000000
2026-04-08 14:24:23.073660[INFO][DMMotor#4]         phase_resistance: 0.954745
2026-04-08 14:24:23.073667[INFO][DMMotor#4]         phase_inductance: 0.000367
2026-04-08 14:24:23.073674[INFO][DMMotor#4]             flux_linkage: 0.005287
2026-04-08 14:24:23.073682[INFO][DMMotor#4]               gear_ratio: 10.000000
2026-04-08 14:24:23.073689[INFO][DMMotor#4]              i_bandwidth: 1000.000000
2026-04-08 14:24:23.073696[INFO][DMMotor#4]             can_baudrate: 4
2026-04-08 14:24:23.073703[INFO][DMMotor#4]                  pos_max: 12.500000
2026-04-08 14:24:23.073710[INFO][DMMotor#4]          over_temp_thres: 100.000000
2026-04-08 14:24:23.073716[INFO][DMMotor#4]               torque_max: 10.000000
2026-04-08 14:24:23.073723[INFO][DMMotor#4]                direction: 1.000000
2026-04-08 14:24:23.073730[INFO][DMMotor#4]              ki_position: 0.000000
2026-04-08 14:24:23.073737[INFO][DMMotor#4]     number_of_pole_pairs: 14
2026-04-08 14:24:23.073744[INFO][DMMotor#4]                 kp_speed: 0.003875
2026-04-08 14:28:55.831252[INFO][DMMotor#4] zlog version: 0.1.dev1+g3715879
2026-04-08 14:28:55.831266[INFO][DMMotor#4] zlog_cpp version: 1.0.1
2026-04-08 14:28:55.831273[INFO][DMMotor#4] AIRBOT Drivers: v0.2.9.2-manufacture
2026-04-08 14:28:56.008703[INFO][DMMotor#4]                      p_m: 0.008914
2026-04-08 14:28:56.008745[INFO][DMMotor#4]                 m_offset: -2.251884
2026-04-08 14:28:56.008755[INFO][DMMotor#4]                       k2: 1.548672
2026-04-08 14:28:56.008771[INFO][DMMotor#4]           u_phase_offset: 1979.000000
2026-04-08 14:28:56.008777[INFO][DMMotor#4]           v_phase_offset: 1986.000000
2026-04-08 14:28:56.008782[INFO][DMMotor#4]                    IQ_c1: 2500.000000
2026-04-08 14:28:56.008788[INFO][DMMotor#4]                    VL_c1: 1000.000000
2026-04-08 14:28:56.008793[INFO][DMMotor#4]                  timeout: 0
2026-04-08 14:28:56.008798[INFO][DMMotor#4]            listen_can_id: 4
2026-04-08 14:28:56.008804[INFO][DMMotor#4]          feedback_can_id: 1796
2026-04-08 14:28:56.008810[INFO][DMMotor#4]             deceleration: -2.000000
2026-04-08 14:28:56.008815[INFO][DMMotor#4]                  vel_max: 30.000000
2026-04-08 14:28:56.008821[INFO][DMMotor#4]          speed_bandwidth: 50.000000
2026-04-08 14:28:56.008826[INFO][DMMotor#4]                  inertia: 0.000022
2026-04-08 14:28:56.008831[INFO][DMMotor#4]                       k1: 0.996687
2026-04-08 14:28:56.008836[INFO][DMMotor#4]                max_speed: 600.000000
2026-04-08 14:28:56.008842[INFO][DMMotor#4]       over_current_thres: 0.800000
2026-04-08 14:28:56.008847[INFO][DMMotor#4]             k_torque_out: 0.000000
2026-04-08 14:28:56.008853[INFO][DMMotor#4]                     xout: 0.009204
2026-04-08 14:28:56.008858[INFO][DMMotor#4]       over_voltage_thres: 32.000000
2026-04-08 14:28:56.008864[INFO][DMMotor#4]             acceleration: 2.000000
2026-04-08 14:28:56.008869[INFO][DMMotor#4]                     deta: 4.000000
2026-04-08 14:28:56.008874[INFO][DMMotor#4]      under_voltage_thres: 15.000000
2026-04-08 14:28:56.008879[INFO][DMMotor#4]         hardware_version: 300V
2026-04-08 14:28:56.008884[INFO][DMMotor#4]             control_mode: 1
2026-04-08 14:28:56.008890[INFO][DMMotor#4]              kp_position: 54.000000
2026-04-08 14:28:56.008895[INFO][DMMotor#4]               fw_version: 5015
2026-04-08 14:28:56.008900[INFO][DMMotor#4]                 damp_eff: 0.000373
2026-04-08 14:28:56.008905[INFO][DMMotor#4]                 ki_speed: 0.039270
2026-04-08 14:28:56.008911[INFO][DMMotor#4]           gear_ratio_eff: 1.000000
2026-04-08 14:28:56.008916[INFO][DMMotor#4]         phase_resistance: 0.954745
2026-04-08 14:28:56.008921[INFO][DMMotor#4]         phase_inductance: 0.000367
2026-04-08 14:28:56.008927[INFO][DMMotor#4]             flux_linkage: 0.005287
2026-04-08 14:28:56.008932[INFO][DMMotor#4]               gear_ratio: 10.000000
2026-04-08 14:28:56.008937[INFO][DMMotor#4]              i_bandwidth: 1000.000000
2026-04-08 14:28:56.008944[INFO][DMMotor#4]             can_baudrate: 4
2026-04-08 14:28:56.008953[INFO][DMMotor#4]                  pos_max: 12.500000
2026-04-08 14:28:56.008958[INFO][DMMotor#4]          over_temp_thres: 100.000000
2026-04-08 14:28:56.008963[INFO][DMMotor#4]               torque_max: 10.000000
2026-04-08 14:28:56.008968[INFO][DMMotor#4]                direction: 1.000000
2026-04-08 14:28:56.008974[INFO][DMMotor#4]              ki_position: 0.000000
2026-04-08 14:28:56.008979[INFO][DMMotor#4]     number_of_pole_pairs: 14
2026-04-08 14:28:56.008984[INFO][DMMotor#4]                 kp_speed: 0.003875
2026-04-08 14:29:18.674828[INFO][DMMotor#4] zlog version: 0.1.dev1+g3715879
2026-04-08 14:29:18.674837[INFO][DMMotor#4] zlog_cpp version: 1.0.1
2026-04-08 14:29:18.674842[INFO][DMMotor#4] AIRBOT Drivers: v0.2.9.2-manufacture
2026-04-08 14:29:18.852180[INFO][DMMotor#4]                      p_m: -1.611074
2026-04-08 14:29:18.852243[INFO][DMMotor#4]                 m_offset: -2.251884
2026-04-08 14:29:18.852264[INFO][DMMotor#4]                       k2: 1.548672
2026-04-08 14:29:18.852273[INFO][DMMotor#4]           u_phase_offset: 1979.000000
2026-04-08 14:29:18.852281[INFO][DMMotor#4]           v_phase_offset: 1986.000000
2026-04-08 14:29:18.852288[INFO][DMMotor#4]                    IQ_c1: 2500.000000
2026-04-08 14:29:18.852295[INFO][DMMotor#4]                    VL_c1: 1000.000000
2026-04-08 14:29:18.852302[INFO][DMMotor#4]                  timeout: 0
2026-04-08 14:29:18.852312[INFO][DMMotor#4]            listen_can_id: 4
2026-04-08 14:29:18.852322[INFO][DMMotor#4]          feedback_can_id: 1796
2026-04-08 14:29:18.852329[INFO][DMMotor#4]             deceleration: -2.000000
2026-04-08 14:29:18.852337[INFO][DMMotor#4]                  vel_max: 30.000000
2026-04-08 14:29:18.852344[INFO][DMMotor#4]          speed_bandwidth: 50.000000
2026-04-08 14:29:18.852353[INFO][DMMotor#4]                  inertia: 0.000022
2026-04-08 14:29:18.852362[INFO][DMMotor#4]                       k1: 0.996687
2026-04-08 14:29:18.852369[INFO][DMMotor#4]                max_speed: 600.000000
2026-04-08 14:29:18.852376[INFO][DMMotor#4]       over_current_thres: 0.800000
2026-04-08 14:29:18.852384[INFO][DMMotor#4]             k_torque_out: 0.000000
2026-04-08 14:29:18.852391[INFO][DMMotor#4]                     xout: -1.615282
2026-04-08 14:29:18.852398[INFO][DMMotor#4]       over_voltage_thres: 32.000000
2026-04-08 14:29:18.852406[INFO][DMMotor#4]             acceleration: 2.000000
2026-04-08 14:29:18.852413[INFO][DMMotor#4]                     deta: 4.000000
2026-04-08 14:29:18.852420[INFO][DMMotor#4]      under_voltage_thres: 15.000000
2026-04-08 14:29:18.852428[INFO][DMMotor#4]         hardware_version: 300V
2026-04-08 14:29:18.852435[INFO][DMMotor#4]             control_mode: 1
2026-04-08 14:29:18.852442[INFO][DMMotor#4]              kp_position: 54.000000
2026-04-08 14:29:18.852449[INFO][DMMotor#4]               fw_version: 5015
2026-04-08 14:29:18.852456[INFO][DMMotor#4]                 damp_eff: 0.000373
2026-04-08 14:29:18.852462[INFO][DMMotor#4]                 ki_speed: 0.039270
2026-04-08 14:29:18.852470[INFO][DMMotor#4]           gear_ratio_eff: 1.000000
2026-04-08 14:29:18.852477[INFO][DMMotor#4]         phase_resistance: 0.954745
2026-04-08 14:29:18.852484[INFO][DMMotor#4]         phase_inductance: 0.000367
2026-04-08 14:29:18.852491[INFO][DMMotor#4]             flux_linkage: 0.005287
2026-04-08 14:29:18.852498[INFO][DMMotor#4]               gear_ratio: 10.000000
2026-04-08 14:29:18.852505[INFO][DMMotor#4]              i_bandwidth: 1000.000000
2026-04-08 14:29:18.852511[INFO][DMMotor#4]             can_baudrate: 4
2026-04-08 14:29:18.852519[INFO][DMMotor#4]                  pos_max: 12.500000
2026-04-08 14:29:18.852526[INFO][DMMotor#4]          over_temp_thres: 100.000000
2026-04-08 14:29:18.852533[INFO][DMMotor#4]               torque_max: 10.000000
2026-04-08 14:29:18.852540[INFO][DMMotor#4]                direction: 1.000000
2026-04-08 14:29:18.852547[INFO][DMMotor#4]              ki_position: 0.000000
2026-04-08 14:29:18.852555[INFO][DMMotor#4]     number_of_pole_pairs: 14
2026-04-08 14:29:18.852565[INFO][DMMotor#4]                 kp_speed: 0.003875
2026-04-08 14:38:32.545245[INFO][DMMotor#4] zlog version: 0.1.dev1+g3715879
2026-04-08 14:38:32.545253[INFO][DMMotor#4] zlog_cpp version: 1.0.1
2026-04-08 14:38:32.545258[INFO][DMMotor#4] AIRBOT Drivers: v0.2.9.2-manufacture
2026-04-08 14:38:32.722762[INFO][DMMotor#4]                      p_m: -1.722804
2026-04-08 14:38:32.722815[INFO][DMMotor#4]                 m_offset: -2.251884
2026-04-08 14:38:32.722835[INFO][DMMotor#4]                       k2: 1.548672
2026-04-08 14:38:32.722843[INFO][DMMotor#4]           u_phase_offset: 1979.000000
2026-04-08 14:38:32.722850[INFO][DMMotor#4]           v_phase_offset: 1986.000000
2026-04-08 14:38:32.722855[INFO][DMMotor#4]                    IQ_c1: 2500.000000
2026-04-08 14:38:32.722865[INFO][DMMotor#4]                    VL_c1: 1000.000000
2026-04-08 14:38:32.722872[INFO][DMMotor#4]                  timeout: 0
2026-04-08 14:38:32.722877[INFO][DMMotor#4]            listen_can_id: 4
2026-04-08 14:38:32.722883[INFO][DMMotor#4]          feedback_can_id: 1796
2026-04-08 14:38:32.722890[INFO][DMMotor#4]             deceleration: -2.000000
2026-04-08 14:38:32.722896[INFO][DMMotor#4]                  vel_max: 30.000000
2026-04-08 14:38:32.722901[INFO][DMMotor#4]          speed_bandwidth: 50.000000
2026-04-08 14:38:32.722907[INFO][DMMotor#4]                  inertia: 0.000022
2026-04-08 14:38:32.722914[INFO][DMMotor#4]                       k1: 0.996687
2026-04-08 14:38:32.722920[INFO][DMMotor#4]                max_speed: 600.000000
2026-04-08 14:38:32.722927[INFO][DMMotor#4]       over_current_thres: 0.800000
2026-04-08 14:38:32.722934[INFO][DMMotor#4]             k_torque_out: 0.000000
2026-04-08 14:38:32.722939[INFO][DMMotor#4]                     xout: -1.730330
2026-04-08 14:38:32.722946[INFO][DMMotor#4]       over_voltage_thres: 32.000000
2026-04-08 14:38:32.722952[INFO][DMMotor#4]             acceleration: 2.000000
2026-04-08 14:38:32.722957[INFO][DMMotor#4]                     deta: 4.000000
2026-04-08 14:38:32.722963[INFO][DMMotor#4]      under_voltage_thres: 15.000000
2026-04-08 14:38:32.722969[INFO][DMMotor#4]         hardware_version: 300V
2026-04-08 14:38:32.722975[INFO][DMMotor#4]             control_mode: 4
2026-04-08 14:38:32.722981[INFO][DMMotor#4]              kp_position: 54.000000
2026-04-08 14:38:32.722987[INFO][DMMotor#4]               fw_version: 5015
2026-04-08 14:38:32.722994[INFO][DMMotor#4]                 damp_eff: 0.000373
2026-04-08 14:38:32.722999[INFO][DMMotor#4]                 ki_speed: 0.039270
2026-04-08 14:38:32.723005[INFO][DMMotor#4]           gear_ratio_eff: 1.000000
2026-04-08 14:38:32.723011[INFO][DMMotor#4]         phase_resistance: 0.954745
2026-04-08 14:38:32.723020[INFO][DMMotor#4]         phase_inductance: 0.000367
2026-04-08 14:38:32.723029[INFO][DMMotor#4]             flux_linkage: 0.005287
2026-04-08 14:38:32.723038[INFO][DMMotor#4]               gear_ratio: 10.000000
2026-04-08 14:38:32.723044[INFO][DMMotor#4]              i_bandwidth: 1000.000000
2026-04-08 14:38:32.723050[INFO][DMMotor#4]             can_baudrate: 4
2026-04-08 14:38:32.723056[INFO][DMMotor#4]                  pos_max: 12.500000
2026-04-08 14:38:32.723063[INFO][DMMotor#4]          over_temp_thres: 100.000000
2026-04-08 14:38:32.723069[INFO][DMMotor#4]               torque_max: 10.000000
2026-04-08 14:38:32.723075[INFO][DMMotor#4]                direction: 1.000000
2026-04-08 14:38:32.723080[INFO][DMMotor#4]              ki_position: 0.000000
2026-04-08 14:38:32.723086[INFO][DMMotor#4]     number_of_pole_pairs: 14
2026-04-08 14:38:32.723092[INFO][DMMotor#4]                 kp_speed: 0.003875
2026-04-08 15:07:13.486183[INFO][DMMotor#4] zlog version: 0.1.dev1+g3715879
2026-04-08 15:07:13.486190[INFO][DMMotor#4] zlog_cpp version: 1.0.1
2026-04-08 15:07:13.486194[INFO][DMMotor#4] AIRBOT Drivers: v0.2.9.2-manufacture
2026-04-08 15:07:13.663653[INFO][DMMotor#4]                      p_m: -1.413646
2026-04-08 15:07:13.663699[INFO][DMMotor#4]                 m_offset: -2.251884
2026-04-08 15:07:13.663720[INFO][DMMotor#4]                       k2: 1.548672
2026-04-08 15:07:13.663732[INFO][DMMotor#4]           u_phase_offset: 1979.000000
2026-04-08 15:07:13.663740[INFO][DMMotor#4]           v_phase_offset: 1986.000000
2026-04-08 15:07:13.663746[INFO][DMMotor#4]                    IQ_c1: 2500.000000
2026-04-08 15:07:13.663753[INFO][DMMotor#4]                    VL_c1: 1000.000000
2026-04-08 15:07:13.663760[INFO][DMMotor#4]                  timeout: 0
2026-04-08 15:07:13.663766[INFO][DMMotor#4]            listen_can_id: 4
2026-04-08 15:07:13.663774[INFO][DMMotor#4]          feedback_can_id: 1796
2026-04-08 15:07:13.663781[INFO][DMMotor#4]             deceleration: -2.000000
2026-04-08 15:07:13.663788[INFO][DMMotor#4]                  vel_max: 30.000000
2026-04-08 15:07:13.663794[INFO][DMMotor#4]          speed_bandwidth: 50.000000
2026-04-08 15:07:13.663801[INFO][DMMotor#4]                  inertia: 0.000022
2026-04-08 15:07:13.663809[INFO][DMMotor#4]                       k1: 0.996687
2026-04-08 15:07:13.663815[INFO][DMMotor#4]                max_speed: 600.000000
2026-04-08 15:07:13.663822[INFO][DMMotor#4]       over_current_thres: 0.800000
2026-04-08 15:07:13.663829[INFO][DMMotor#4]             k_torque_out: 0.000000
2026-04-08 15:07:13.663837[INFO][DMMotor#4]                     xout: -1.428136
2026-04-08 15:07:13.663845[INFO][DMMotor#4]       over_voltage_thres: 32.000000
2026-04-08 15:07:13.663851[INFO][DMMotor#4]             acceleration: 2.000000
2026-04-08 15:07:13.663858[INFO][DMMotor#4]                     deta: 4.000000
2026-04-08 15:07:13.663865[INFO][DMMotor#4]      under_voltage_thres: 15.000000
2026-04-08 15:07:13.663872[INFO][DMMotor#4]         hardware_version: 300V
2026-04-08 15:07:13.663879[INFO][DMMotor#4]             control_mode: 1
2026-04-08 15:07:13.663886[INFO][DMMotor#4]              kp_position: 54.000000
2026-04-08 15:07:13.663892[INFO][DMMotor#4]               fw_version: 5015
2026-04-08 15:07:13.663899[INFO][DMMotor#4]                 damp_eff: 0.000373
2026-04-08 15:07:13.663906[INFO][DMMotor#4]                 ki_speed: 0.039270
2026-04-08 15:07:13.663912[INFO][DMMotor#4]           gear_ratio_eff: 1.000000
2026-04-08 15:07:13.663918[INFO][DMMotor#4]         phase_resistance: 0.954745
2026-04-08 15:07:13.663925[INFO][DMMotor#4]         phase_inductance: 0.000367
2026-04-08 15:07:13.663932[INFO][DMMotor#4]             flux_linkage: 0.005287
2026-04-08 15:07:13.663939[INFO][DMMotor#4]               gear_ratio: 10.000000
2026-04-08 15:07:13.663945[INFO][DMMotor#4]              i_bandwidth: 1000.000000
2026-04-08 15:07:13.663952[INFO][DMMotor#4]             can_baudrate: 4
2026-04-08 15:07:13.663958[INFO][DMMotor#4]                  pos_max: 12.500000
2026-04-08 15:07:13.663965[INFO][DMMotor#4]          over_temp_thres: 100.000000
2026-04-08 15:07:13.663971[INFO][DMMotor#4]               torque_max: 10.000000
2026-04-08 15:07:13.663978[INFO][DMMotor#4]                direction: 1.000000
2026-04-08 15:07:13.663985[INFO][DMMotor#4]              ki_position: 0.000000
2026-04-08 15:07:13.663991[INFO][DMMotor#4]     number_of_pole_pairs: 14
2026-04-08 15:07:13.663998[INFO][DMMotor#4]                 kp_speed: 0.003875
2026-04-08 15:07:21.504540[INFO][DMMotor#4] zlog version: 0.1.dev1+g3715879
2026-04-08 15:07:21.504548[INFO][DMMotor#4] zlog_cpp version: 1.0.1
2026-04-08 15:07:21.504553[INFO][DMMotor#4] AIRBOT Drivers: v0.2.9.2-manufacture
2026-04-08 15:07:21.682105[INFO][DMMotor#4]                      p_m: 1.569827
2026-04-08 15:07:21.682135[INFO][DMMotor#4]                 m_offset: -2.251884
2026-04-08 15:07:21.682146[INFO][DMMotor#4]                       k2: 1.548672
2026-04-08 15:07:21.682161[INFO][DMMotor#4]           u_phase_offset: 1979.000000
2026-04-08 15:07:21.682168[INFO][DMMotor#4]           v_phase_offset: 1986.000000
2026-04-08 15:07:21.682176[INFO][DMMotor#4]                    IQ_c1: 2500.000000
2026-04-08 15:07:21.682184[INFO][DMMotor#4]                    VL_c1: 1000.000000
2026-04-08 15:07:21.682194[INFO][DMMotor#4]                  timeout: 0
2026-04-08 15:07:21.682203[INFO][DMMotor#4]            listen_can_id: 4
2026-04-08 15:07:21.682215[INFO][DMMotor#4]          feedback_can_id: 1796
2026-04-08 15:07:21.682223[INFO][DMMotor#4]             deceleration: -2.000000
2026-04-08 15:07:21.682230[INFO][DMMotor#4]                  vel_max: 30.000000
2026-04-08 15:07:21.682237[INFO][DMMotor#4]          speed_bandwidth: 50.000000
2026-04-08 15:07:21.682245[INFO][DMMotor#4]                  inertia: 0.000022
2026-04-08 15:07:21.682253[INFO][DMMotor#4]                       k1: 0.996687
2026-04-08 15:07:21.682261[INFO][DMMotor#4]                max_speed: 600.000000
2026-04-08 15:07:21.682269[INFO][DMMotor#4]       over_current_thres: 0.800000
2026-04-08 15:07:21.682278[INFO][DMMotor#4]             k_torque_out: 0.000000
2026-04-08 15:07:21.682287[INFO][DMMotor#4]                     xout: 1.561592
2026-04-08 15:07:21.682296[INFO][DMMotor#4]       over_voltage_thres: 32.000000
2026-04-08 15:07:21.682303[INFO][DMMotor#4]             acceleration: 2.000000
2026-04-08 15:07:21.682310[INFO][DMMotor#4]                     deta: 4.000000
2026-04-08 15:07:21.682319[INFO][DMMotor#4]      under_voltage_thres: 15.000000
2026-04-08 15:07:21.682325[INFO][DMMotor#4]         hardware_version: 300V
2026-04-08 15:07:21.682332[INFO][DMMotor#4]             control_mode: 1
2026-04-08 15:07:21.682339[INFO][DMMotor#4]              kp_position: 54.000000
2026-04-08 15:07:21.682347[INFO][DMMotor#4]               fw_version: 5015
2026-04-08 15:07:21.682356[INFO][DMMotor#4]                 damp_eff: 0.000373
2026-04-08 15:07:21.682365[INFO][DMMotor#4]                 ki_speed: 0.039270
2026-04-08 15:07:21.682373[INFO][DMMotor#4]           gear_ratio_eff: 1.000000
2026-04-08 15:07:21.682381[INFO][DMMotor#4]         phase_resistance: 0.954745
2026-04-08 15:07:21.682389[INFO][DMMotor#4]         phase_inductance: 0.000367
2026-04-08 15:07:21.682396[INFO][DMMotor#4]             flux_linkage: 0.005287
2026-04-08 15:07:21.682403[INFO][DMMotor#4]               gear_ratio: 10.000000
2026-04-08 15:07:21.682411[INFO][DMMotor#4]              i_bandwidth: 1000.000000
2026-04-08 15:07:21.682418[INFO][DMMotor#4]             can_baudrate: 4
2026-04-08 15:07:21.682426[INFO][DMMotor#4]                  pos_max: 12.500000
2026-04-08 15:07:21.682433[INFO][DMMotor#4]          over_temp_thres: 100.000000
2026-04-08 15:07:21.682440[INFO][DMMotor#4]               torque_max: 10.000000
2026-04-08 15:07:21.682448[INFO][DMMotor#4]                direction: 1.000000
2026-04-08 15:07:21.682455[INFO][DMMotor#4]              ki_position: 0.000000
2026-04-08 15:07:21.682465[INFO][DMMotor#4]     number_of_pole_pairs: 14
2026-04-08 15:07:21.682475[INFO][DMMotor#4]                 kp_speed: 0.003875
