2026-04-08 13:48:51.851199[INFO][ODMotor#1] zlog version: 0.1.dev1+g3715879
2026-04-08 13:48:51.851223[INFO][ODMotor#1] zlog_cpp version: 1.0.1
2026-04-08 13:48:51.851231[INFO][ODMotor#1] AIRBOT Drivers: v0.2.9.2-manufacture
2026-04-08 13:48:52.158482[INFO][ODMotor#1]                  timeout: 500
2026-04-08 13:48:52.158526[INFO][ODMotor#1]         m_ntc_motor_beta: 3950.000000
2026-04-08 13:48:52.158535[INFO][ODMotor#1]              angle_ratio: 36.000000
2026-04-08 13:48:52.158544[INFO][ODMotor#1]               gear_ratio: 36.000000
2026-04-08 13:48:52.158552[INFO][ODMotor#1]                   pos_ki: 0.000000
2026-04-08 13:48:52.158559[INFO][ODMotor#1]            pos_kd_filter: 0.200000
2026-04-08 13:48:52.158568[INFO][ODMotor#1]                   vel_kd: 1.400000
2026-04-08 13:48:52.158575[INFO][ODMotor#1]                   pos_kd: 0.000040
2026-04-08 13:48:52.158583[INFO][ODMotor#1]                   pos_kp: 0.006000
2026-04-08 13:48:52.158590[INFO][ODMotor#1]               resistance: 0.280000
2026-04-08 13:48:52.158598[INFO][ODMotor#1]         manufacture_flag: vvvvvv----------
2026-04-08 13:48:52.158605[INFO][ODMotor#1]                   vel_ki: 0.100000
2026-04-08 13:48:52.158612[INFO][ODMotor#1]               product_sn: PZ25C02402000244
2026-04-08 13:48:52.158621[INFO][ODMotor#1]               board_name: vesc-motor-control
2026-04-08 13:48:52.158628[INFO][ODMotor#1]                 board_sn: DJ25FL012421327D
2026-04-08 13:48:52.158636[INFO][ODMotor#1]                   vel_kp: 0.006000
2026-04-08 13:48:52.158645[INFO][ODMotor#1]               fw_version: 0.4.1.15
2026-04-08 13:48:52.158653[INFO][ODMotor#1]                    power: 0.000269
2026-04-08 13:48:52.158661[INFO][ODMotor#1]                   torque: 0.000000
2026-04-08 13:48:52.158671[INFO][ODMotor#1]          encoder_initial: 54.184570
2026-04-08 13:48:52.158678[INFO][ODMotor#1]                 board_id: 16777216
2026-04-08 13:48:52.158685[INFO][ODMotor#1]              encoder_raw: 54.162598
2026-04-08 13:48:52.158693[INFO][ODMotor#1]               position_1: -0.000021
2026-04-08 13:48:52.158701[INFO][ODMotor#1]             pos_kp_store: 0.006000
2026-04-08 13:48:52.158708[INFO][ODMotor#1]               hw_version: 0.3.0.0
2026-04-08 13:48:52.158715[INFO][ODMotor#1]             pos_ki_store: 0.000000
2026-04-08 13:48:52.158723[INFO][ODMotor#1]               pole_pairs: 14
2026-04-08 13:48:52.158731[INFO][ODMotor#1]             pos_kd_store: 0.000040
2026-04-08 13:48:52.158738[INFO][ODMotor#1]                 position: -0.000075
2026-04-08 13:48:52.158746[INFO][ODMotor#1]             vel_kp_store: 0.006000
2026-04-08 13:48:52.158753[INFO][ODMotor#1]             vel_ki_store: 0.100000
2026-04-08 13:48:52.158760[INFO][ODMotor#1]      pos_kd_filter_store: 0.200000
2026-04-08 13:48:52.158773[INFO][ODMotor#1]             vel_kd_store: 1.400000
2026-04-08 13:48:52.158787[INFO][ODMotor#1]            torque_factor: 1
2026-04-08 13:48:52.158797[INFO][ODMotor#1]            vel_kd_filter: 1.000000
2026-04-08 13:48:52.158807[INFO][ODMotor#1]      vel_kd_filter_store: 1.000000
2026-04-08 13:48:52.158815[INFO][ODMotor#1]               inductance: 0.000010
2026-04-08 13:48:52.158823[INFO][ODMotor#1]                 velocity: 0.001925
2026-04-08 13:49:00.952094[INFO][ODMotor#1] zlog version: 0.1.dev1+g3715879
2026-04-08 13:49:00.952101[INFO][ODMotor#1] zlog_cpp version: 1.0.1
2026-04-08 13:49:00.952107[INFO][ODMotor#1] AIRBOT Drivers: v0.2.9.2-manufacture
2026-04-08 13:49:01.105239[INFO][ODMotor#1]                  timeout: 500
2026-04-08 13:49:01.105293[INFO][ODMotor#1]         m_ntc_motor_beta: 3950.000000
2026-04-08 13:49:01.105300[INFO][ODMotor#1]              angle_ratio: 36.000000
2026-04-08 13:49:01.105306[INFO][ODMotor#1]               gear_ratio: 36.000000
2026-04-08 13:49:01.105312[INFO][ODMotor#1]                   pos_ki: 0.000000
2026-04-08 13:49:01.105320[INFO][ODMotor#1]            pos_kd_filter: 0.200000
2026-04-08 13:49:01.105325[INFO][ODMotor#1]                   pos_kd: 0.000040
2026-04-08 13:49:01.105330[INFO][ODMotor#1]                   pos_kp: 0.006000
2026-04-08 13:49:01.105341[INFO][ODMotor#1]               resistance: 0.280000
2026-04-08 13:49:01.105354[INFO][ODMotor#1]         manufacture_flag: vvvvvv----------
2026-04-08 13:49:01.105359[INFO][ODMotor#1]                   vel_ki: 0.100000
2026-04-08 13:49:01.105364[INFO][ODMotor#1]               product_sn: PZ25C02402000244
2026-04-08 13:49:01.105369[INFO][ODMotor#1]               board_name: vesc-motor-control
2026-04-08 13:49:01.105374[INFO][ODMotor#1]                 board_sn: DJ25FL012421327D
2026-04-08 13:49:01.105379[INFO][ODMotor#1]                   vel_kp: 0.006000
2026-04-08 13:49:01.105386[INFO][ODMotor#1]               fw_version: 0.4.1.15
2026-04-08 13:49:01.105391[INFO][ODMotor#1]                    power: 0.000000
2026-04-08 13:49:01.105396[INFO][ODMotor#1]                   torque: 0.000000
2026-04-08 13:49:01.105402[INFO][ODMotor#1]               pole_pairs: 14
2026-04-08 13:49:01.105408[INFO][ODMotor#1]             pos_kd_store: 0.000000
2026-04-08 13:49:01.105413[INFO][ODMotor#1]          encoder_initial: 54.184570
2026-04-08 13:49:01.105418[INFO][ODMotor#1]                   vel_kd: 1.400000
2026-04-08 13:49:01.105424[INFO][ODMotor#1]                 board_id: 16777216
2026-04-08 13:49:01.105434[INFO][ODMotor#1]              encoder_raw: 54.206543
2026-04-08 13:49:01.105440[INFO][ODMotor#1]               position_1: -0.000021
2026-04-08 13:49:01.105445[INFO][ODMotor#1]             pos_kp_store: 0.000000
2026-04-08 13:49:01.105450[INFO][ODMotor#1]               hw_version: 0.3.0.0
2026-04-08 13:49:01.105454[INFO][ODMotor#1]             pos_ki_store: 0.000000
2026-04-08 13:49:01.105460[INFO][ODMotor#1]                 position: -0.000043
2026-04-08 13:49:01.105465[INFO][ODMotor#1]             vel_kp_store: 0.000000
2026-04-08 13:49:01.105471[INFO][ODMotor#1]             vel_ki_store: 0.000000
2026-04-08 13:49:01.105476[INFO][ODMotor#1]      pos_kd_filter_store: 0.000000
2026-04-08 13:49:01.105481[INFO][ODMotor#1]             vel_kd_store: 0.000000
2026-04-08 13:49:01.105488[INFO][ODMotor#1]            torque_factor: 1
2026-04-08 13:49:01.105499[INFO][ODMotor#1]            vel_kd_filter: 1.000000
2026-04-08 13:49:01.105504[INFO][ODMotor#1]      vel_kd_filter_store: 0.000000
2026-04-08 13:49:01.105509[INFO][ODMotor#1]               inductance: 0.000010
2026-04-08 13:49:01.105516[INFO][ODMotor#1]                 velocity: -0.009283
2026-04-08 13:49:04.807243[INFO][ODMotor#1] zlog version: 0.1.dev1+g3715879
2026-04-08 13:49:04.807252[INFO][ODMotor#1] zlog_cpp version: 1.0.1
2026-04-08 13:49:04.807257[INFO][ODMotor#1] AIRBOT Drivers: v0.2.9.2-manufacture
2026-04-08 13:49:05.114378[INFO][ODMotor#1]                  timeout: 500
2026-04-08 13:49:05.114430[INFO][ODMotor#1]         m_ntc_motor_beta: 3950.000000
2026-04-08 13:49:05.114437[INFO][ODMotor#1]              angle_ratio: 36.000000
2026-04-08 13:49:05.114442[INFO][ODMotor#1]               gear_ratio: 36.000000
2026-04-08 13:49:05.114448[INFO][ODMotor#1]                   pos_ki: 0.000000
2026-04-08 13:49:05.114453[INFO][ODMotor#1]            pos_kd_filter: 0.200000
2026-04-08 13:49:05.114458[INFO][ODMotor#1]                   vel_kd: 1.400000
2026-04-08 13:49:05.114463[INFO][ODMotor#1]                   pos_kd: 0.000040
2026-04-08 13:49:05.114468[INFO][ODMotor#1]                   pos_kp: 0.006000
2026-04-08 13:49:05.114473[INFO][ODMotor#1]               resistance: 0.280000
2026-04-08 13:49:05.114479[INFO][ODMotor#1]         manufacture_flag: vvvvvv----------
2026-04-08 13:49:05.114484[INFO][ODMotor#1]                   vel_ki: 0.100000
2026-04-08 13:49:05.114488[INFO][ODMotor#1]               product_sn: PZ25C02402000244
2026-04-08 13:49:05.114493[INFO][ODMotor#1]               board_name: vesc-motor-control
2026-04-08 13:49:05.114497[INFO][ODMotor#1]                 board_sn: DJ25FL012421327D
2026-04-08 13:49:05.114502[INFO][ODMotor#1]                   vel_kp: 0.006000
2026-04-08 13:49:05.114508[INFO][ODMotor#1]               fw_version: 0.4.1.15
2026-04-08 13:49:05.114513[INFO][ODMotor#1]                    power: 0.000000
2026-04-08 13:49:05.114523[INFO][ODMotor#1]                   torque: 0.000000
2026-04-08 13:49:05.114540[INFO][ODMotor#1]          encoder_initial: 54.184570
2026-04-08 13:49:05.114547[INFO][ODMotor#1]                 board_id: 16777216
2026-04-08 13:49:05.114551[INFO][ODMotor#1]              encoder_raw: 54.140625
2026-04-08 13:49:05.114556[INFO][ODMotor#1]               position_1: -0.000043
2026-04-08 13:49:05.114561[INFO][ODMotor#1]             pos_kp_store: 0.000000
2026-04-08 13:49:05.114566[INFO][ODMotor#1]               hw_version: 0.3.0.0
2026-04-08 13:49:05.114570[INFO][ODMotor#1]             pos_ki_store: 0.000000
2026-04-08 13:49:05.114575[INFO][ODMotor#1]               pole_pairs: 14
2026-04-08 13:49:05.114580[INFO][ODMotor#1]             pos_kd_store: 0.000000
2026-04-08 13:49:05.114585[INFO][ODMotor#1]                 position: -0.000043
2026-04-08 13:49:05.114590[INFO][ODMotor#1]             vel_kp_store: 0.000000
2026-04-08 13:49:05.114595[INFO][ODMotor#1]             vel_ki_store: 0.000000
2026-04-08 13:49:05.114600[INFO][ODMotor#1]      pos_kd_filter_store: 0.000000
2026-04-08 13:49:05.114607[INFO][ODMotor#1]             vel_kd_store: 0.000000
2026-04-08 13:49:05.114618[INFO][ODMotor#1]            torque_factor: 1
2026-04-08 13:49:05.114622[INFO][ODMotor#1]            vel_kd_filter: 1.000000
2026-04-08 13:49:05.114627[INFO][ODMotor#1]      vel_kd_filter_store: 0.000000
2026-04-08 13:49:05.114633[INFO][ODMotor#1]               inductance: 0.000010
2026-04-08 13:49:05.114638[INFO][ODMotor#1]                 velocity: -0.015697
2026-04-08 13:49:06.196702[INFO][ODMotor#1] zlog version: 0.1.dev1+g3715879
2026-04-08 13:49:06.196716[INFO][ODMotor#1] zlog_cpp version: 1.0.1
2026-04-08 13:49:06.196725[INFO][ODMotor#1] AIRBOT Drivers: v0.2.9.2-manufacture
2026-04-08 13:50:26.380108[INFO][ODMotor#1] zlog version: 0.1.dev1+g3715879
2026-04-08 13:50:26.380133[INFO][ODMotor#1] zlog_cpp version: 1.0.1
2026-04-08 13:50:26.380137[INFO][ODMotor#1] AIRBOT Drivers: v0.2.9.2-manufacture
2026-04-08 13:50:26.687379[INFO][ODMotor#1]                  timeout: 500
2026-04-08 13:50:26.687412[INFO][ODMotor#1]         m_ntc_motor_beta: 3950.000000
2026-04-08 13:50:26.687419[INFO][ODMotor#1]              angle_ratio: 36.000000
2026-04-08 13:50:26.687424[INFO][ODMotor#1]               gear_ratio: 36.000000
2026-04-08 13:50:26.687432[INFO][ODMotor#1]                   pos_ki: 0.000000
2026-04-08 13:50:26.687439[INFO][ODMotor#1]            pos_kd_filter: 0.200000
2026-04-08 13:50:26.687445[INFO][ODMotor#1]                   vel_kd: 1.400000
2026-04-08 13:50:26.687450[INFO][ODMotor#1]                   pos_kd: 0.000040
2026-04-08 13:50:26.687455[INFO][ODMotor#1]                   pos_kp: 0.006000
2026-04-08 13:50:26.687461[INFO][ODMotor#1]               resistance: 0.280000
2026-04-08 13:50:26.687467[INFO][ODMotor#1]         manufacture_flag: vvvvvv----------
2026-04-08 13:50:26.687474[INFO][ODMotor#1]                   vel_ki: 0.100000
2026-04-08 13:50:26.687479[INFO][ODMotor#1]               product_sn: PZ25C02402000244
2026-04-08 13:50:26.687486[INFO][ODMotor#1]               board_name: vesc-motor-control
2026-04-08 13:50:26.687494[INFO][ODMotor#1]                 board_sn: DJ25FL012421327D
2026-04-08 13:50:26.687499[INFO][ODMotor#1]                   vel_kp: 0.006000
2026-04-08 13:50:26.687505[INFO][ODMotor#1]               fw_version: 0.4.1.15
2026-04-08 13:50:26.687510[INFO][ODMotor#1]                    power: 0.000000
2026-04-08 13:50:26.687517[INFO][ODMotor#1]                   torque: 0.000000
2026-04-08 13:50:26.687522[INFO][ODMotor#1]          encoder_initial: 54.184570
2026-04-08 13:50:26.687527[INFO][ODMotor#1]                 board_id: 16777216
2026-04-08 13:50:26.687533[INFO][ODMotor#1]              encoder_raw: 54.162598
2026-04-08 13:50:26.687538[INFO][ODMotor#1]               position_1: -0.000043
2026-04-08 13:50:26.687544[INFO][ODMotor#1]             pos_kp_store: 0.000000
2026-04-08 13:50:26.687549[INFO][ODMotor#1]               hw_version: 0.3.0.0
2026-04-08 13:50:26.687554[INFO][ODMotor#1]             pos_ki_store: 0.000000
2026-04-08 13:50:26.687563[INFO][ODMotor#1]               pole_pairs: 14
2026-04-08 13:50:26.687577[INFO][ODMotor#1]             pos_kd_store: 0.000000
2026-04-08 13:50:26.687581[INFO][ODMotor#1]                 position: -0.000043
2026-04-08 13:50:26.687587[INFO][ODMotor#1]             vel_kp_store: 0.000000
2026-04-08 13:50:26.687592[INFO][ODMotor#1]             vel_ki_store: 0.000000
2026-04-08 13:50:26.687597[INFO][ODMotor#1]      pos_kd_filter_store: 0.000000
2026-04-08 13:50:26.687605[INFO][ODMotor#1]             vel_kd_store: 0.000000
2026-04-08 13:50:26.687615[INFO][ODMotor#1]            torque_factor: 1
2026-04-08 13:50:26.687620[INFO][ODMotor#1]            vel_kd_filter: 1.000000
2026-04-08 13:50:26.687625[INFO][ODMotor#1]      vel_kd_filter_store: 0.000000
2026-04-08 13:50:26.687631[INFO][ODMotor#1]               inductance: 0.000010
2026-04-08 13:50:26.687635[INFO][ODMotor#1]                 velocity: -0.005637
2026-04-08 13:50:27.530098[WARN][ODMotor#1] Motor 1 does not support explicit enabling
2026-04-08 13:53:06.202955[INFO][ODMotor#1] zlog version: 0.1.dev1+g3715879
2026-04-08 13:53:06.202971[INFO][ODMotor#1] zlog_cpp version: 1.0.1
2026-04-08 13:53:06.202979[INFO][ODMotor#1] AIRBOT Drivers: v0.2.9.2-manufacture
2026-04-08 13:53:06.510112[INFO][ODMotor#1]                  timeout: 500
2026-04-08 13:53:06.510156[INFO][ODMotor#1]         m_ntc_motor_beta: 3950.000000
2026-04-08 13:53:06.510165[INFO][ODMotor#1]              angle_ratio: 36.000000
2026-04-08 13:53:06.510175[INFO][ODMotor#1]               gear_ratio: 36.000000
2026-04-08 13:53:06.510182[INFO][ODMotor#1]                   pos_ki: 0.000000
2026-04-08 13:53:06.510191[INFO][ODMotor#1]            pos_kd_filter: 0.200000
2026-04-08 13:53:06.510199[INFO][ODMotor#1]                   vel_kd: 1.400000
2026-04-08 13:53:06.510206[INFO][ODMotor#1]                   pos_kd: 0.000040
2026-04-08 13:53:06.510213[INFO][ODMotor#1]                   pos_kp: 0.006000
2026-04-08 13:53:06.510220[INFO][ODMotor#1]               resistance: 0.280000
2026-04-08 13:53:06.510228[INFO][ODMotor#1]         manufacture_flag: vvvvvv----------
2026-04-08 13:53:06.510236[INFO][ODMotor#1]                   vel_ki: 0.100000
2026-04-08 13:53:06.510243[INFO][ODMotor#1]               product_sn: PZ25C02402000244
2026-04-08 13:53:06.510250[INFO][ODMotor#1]               board_name: vesc-motor-control
2026-04-08 13:53:06.510257[INFO][ODMotor#1]                 board_sn: DJ25FL012421327D
2026-04-08 13:53:06.510264[INFO][ODMotor#1]                   vel_kp: 0.006000
2026-04-08 13:53:06.510273[INFO][ODMotor#1]               fw_version: 0.4.1.15
2026-04-08 13:53:06.510283[INFO][ODMotor#1]                    power: 0.000000
2026-04-08 13:53:06.510291[INFO][ODMotor#1]                   torque: 0.000000
2026-04-08 13:53:06.510298[INFO][ODMotor#1]          encoder_initial: 54.184570
2026-04-08 13:53:06.510305[INFO][ODMotor#1]                 board_id: 16777216
2026-04-08 13:53:06.510312[INFO][ODMotor#1]              encoder_raw: 54.184570
2026-04-08 13:53:06.510319[INFO][ODMotor#1]               position_1: -0.000043
2026-04-08 13:53:06.510327[INFO][ODMotor#1]             pos_kp_store: 0.000000
2026-04-08 13:53:06.510335[INFO][ODMotor#1]               hw_version: 0.3.0.0
2026-04-08 13:53:06.510342[INFO][ODMotor#1]             pos_ki_store: 0.000000
2026-04-08 13:53:06.510350[INFO][ODMotor#1]               pole_pairs: 14
2026-04-08 13:53:06.510357[INFO][ODMotor#1]             pos_kd_store: 0.000000
2026-04-08 13:53:06.510363[INFO][ODMotor#1]                 position: -0.000032
2026-04-08 13:53:06.510370[INFO][ODMotor#1]             vel_kp_store: 0.000000
2026-04-08 13:53:06.510378[INFO][ODMotor#1]             vel_ki_store: 0.000000
2026-04-08 13:53:06.510386[INFO][ODMotor#1]      pos_kd_filter_store: 0.000000
2026-04-08 13:53:06.510399[INFO][ODMotor#1]             vel_kd_store: 0.000000
2026-04-08 13:53:06.510418[INFO][ODMotor#1]            torque_factor: 1
2026-04-08 13:53:06.510426[INFO][ODMotor#1]            vel_kd_filter: 1.000000
2026-04-08 13:53:06.510433[INFO][ODMotor#1]      vel_kd_filter_store: 0.000000
2026-04-08 13:53:06.510442[INFO][ODMotor#1]               inductance: 0.000010
2026-04-08 13:53:06.510456[INFO][ODMotor#1]                 velocity: 0.001117
2026-04-08 13:53:07.526958[WARN][ODMotor#1] Motor 1 does not support explicit enabling
2026-04-08 13:53:15.326139[INFO][ODMotor#1] zlog version: 0.1.dev1+g3715879
2026-04-08 13:53:15.326158[INFO][ODMotor#1] zlog_cpp version: 1.0.1
2026-04-08 13:53:15.326169[INFO][ODMotor#1] AIRBOT Drivers: v0.2.9.2-manufacture
2026-04-08 13:53:15.633283[INFO][ODMotor#1]                  timeout: 500
2026-04-08 13:53:15.633341[INFO][ODMotor#1]         m_ntc_motor_beta: 3950.000000
2026-04-08 13:53:15.633350[INFO][ODMotor#1]              angle_ratio: 36.000000
2026-04-08 13:53:15.633357[INFO][ODMotor#1]               gear_ratio: 36.000000
2026-04-08 13:53:15.633364[INFO][ODMotor#1]                   pos_ki: 0.000000
2026-04-08 13:53:15.633371[INFO][ODMotor#1]            pos_kd_filter: 0.200000
2026-04-08 13:53:15.633378[INFO][ODMotor#1]                   vel_kd: 1.400000
2026-04-08 13:53:15.633385[INFO][ODMotor#1]                   pos_kd: 0.000040
2026-04-08 13:53:15.633391[INFO][ODMotor#1]                   pos_kp: 0.006000
2026-04-08 13:53:15.633398[INFO][ODMotor#1]               resistance: 0.280000
2026-04-08 13:53:15.633405[INFO][ODMotor#1]         manufacture_flag: vvvvvv----------
2026-04-08 13:53:15.633411[INFO][ODMotor#1]                   vel_ki: 0.100000
2026-04-08 13:53:15.633418[INFO][ODMotor#1]               product_sn: PZ25C02402000244
2026-04-08 13:53:15.633424[INFO][ODMotor#1]               board_name: vesc-motor-control
2026-04-08 13:53:15.633431[INFO][ODMotor#1]                 board_sn: DJ25FL012421327D
2026-04-08 13:53:15.633438[INFO][ODMotor#1]                   vel_kp: 0.006000
2026-04-08 13:53:15.633445[INFO][ODMotor#1]               fw_version: 0.4.1.15
2026-04-08 13:53:15.633452[INFO][ODMotor#1]                    power: 0.000000
2026-04-08 13:53:15.633459[INFO][ODMotor#1]                   torque: 0.000000
2026-04-08 13:53:15.633468[INFO][ODMotor#1]          encoder_initial: 54.184570
2026-04-08 13:53:15.633475[INFO][ODMotor#1]                 board_id: 16777216
2026-04-08 13:53:15.633482[INFO][ODMotor#1]              encoder_raw: 54.250488
2026-04-08 13:53:15.633488[INFO][ODMotor#1]               position_1: -0.000032
2026-04-08 13:53:15.633495[INFO][ODMotor#1]             pos_kp_store: 0.000000
2026-04-08 13:53:15.633501[INFO][ODMotor#1]               hw_version: 0.3.0.0
2026-04-08 13:53:15.633507[INFO][ODMotor#1]             pos_ki_store: 0.000000
2026-04-08 13:53:15.633514[INFO][ODMotor#1]               pole_pairs: 14
2026-04-08 13:53:15.633520[INFO][ODMotor#1]             pos_kd_store: 0.000000
2026-04-08 13:53:15.633527[INFO][ODMotor#1]                 position: -0.000032
2026-04-08 13:53:15.633533[INFO][ODMotor#1]             vel_kp_store: 0.000000
2026-04-08 13:53:15.633539[INFO][ODMotor#1]             vel_ki_store: 0.000000
2026-04-08 13:53:15.633546[INFO][ODMotor#1]      pos_kd_filter_store: 0.000000
2026-04-08 13:53:15.633561[INFO][ODMotor#1]             vel_kd_store: 0.000000
2026-04-08 13:53:15.633577[INFO][ODMotor#1]            torque_factor: 1
2026-04-08 13:53:15.633584[INFO][ODMotor#1]            vel_kd_filter: 1.000000
2026-04-08 13:53:15.633593[INFO][ODMotor#1]      vel_kd_filter_store: 0.000000
2026-04-08 13:53:15.633598[INFO][ODMotor#1]               inductance: 0.000010
2026-04-08 13:53:15.633603[INFO][ODMotor#1]                 velocity: 0.003124
2026-04-08 13:53:16.475732[WARN][ODMotor#1] Motor 1 does not support explicit enabling
2026-04-08 13:55:52.208001[INFO][ODMotor#1] zlog version: 0.1.dev1+g3715879
2026-04-08 13:55:52.208019[INFO][ODMotor#1] zlog_cpp version: 1.0.1
2026-04-08 13:55:52.208030[INFO][ODMotor#1] AIRBOT Drivers: v0.2.9.2-manufacture
2026-04-08 13:55:52.515265[INFO][ODMotor#1]                  timeout: 500
2026-04-08 13:55:52.515319[INFO][ODMotor#1]         m_ntc_motor_beta: 3950.000000
2026-04-08 13:55:52.515329[INFO][ODMotor#1]              angle_ratio: 36.000000
2026-04-08 13:55:52.515337[INFO][ODMotor#1]               gear_ratio: 36.000000
2026-04-08 13:55:52.515350[INFO][ODMotor#1]                   pos_ki: 0.000000
2026-04-08 13:55:52.515363[INFO][ODMotor#1]            pos_kd_filter: 0.200000
2026-04-08 13:55:52.515371[INFO][ODMotor#1]                   vel_kd: 1.400000
2026-04-08 13:55:52.515378[INFO][ODMotor#1]                   pos_kd: 0.000040
2026-04-08 13:55:52.515386[INFO][ODMotor#1]                   pos_kp: 0.006000
2026-04-08 13:55:52.515393[INFO][ODMotor#1]               resistance: 0.280000
2026-04-08 13:55:52.515401[INFO][ODMotor#1]         manufacture_flag: vvvvvv----------
2026-04-08 13:55:52.515409[INFO][ODMotor#1]                   vel_ki: 0.100000
2026-04-08 13:55:52.515416[INFO][ODMotor#1]               product_sn: PZ25C02402000244
2026-04-08 13:55:52.515423[INFO][ODMotor#1]               board_name: vesc-motor-control
2026-04-08 13:55:52.515430[INFO][ODMotor#1]                 board_sn: DJ25FL012421327D
2026-04-08 13:55:52.515439[INFO][ODMotor#1]                   vel_kp: 0.006000
2026-04-08 13:55:52.515448[INFO][ODMotor#1]               fw_version: 0.4.1.15
2026-04-08 13:55:52.515456[INFO][ODMotor#1]                    power: 0.000000
2026-04-08 13:55:52.515463[INFO][ODMotor#1]                   torque: 0.000000
2026-04-08 13:55:52.515471[INFO][ODMotor#1]          encoder_initial: 54.184570
2026-04-08 13:55:52.515478[INFO][ODMotor#1]                 board_id: 16777216
2026-04-08 13:55:52.515486[INFO][ODMotor#1]              encoder_raw: 54.162598
2026-04-08 13:55:52.515493[INFO][ODMotor#1]               position_1: -0.000032
2026-04-08 13:55:52.515501[INFO][ODMotor#1]             pos_kp_store: 0.000000
2026-04-08 13:55:52.515508[INFO][ODMotor#1]               hw_version: 0.3.0.0
2026-04-08 13:55:52.515515[INFO][ODMotor#1]             pos_ki_store: 0.000000
2026-04-08 13:55:52.515522[INFO][ODMotor#1]               pole_pairs: 14
2026-04-08 13:55:52.515530[INFO][ODMotor#1]             pos_kd_store: 0.000000
2026-04-08 13:55:52.515538[INFO][ODMotor#1]                 position: -0.000032
2026-04-08 13:55:52.515545[INFO][ODMotor#1]             vel_kp_store: 0.000000
2026-04-08 13:55:52.515552[INFO][ODMotor#1]             vel_ki_store: 0.000000
2026-04-08 13:55:52.515559[INFO][ODMotor#1]      pos_kd_filter_store: 0.000000
2026-04-08 13:55:52.515571[INFO][ODMotor#1]             vel_kd_store: 0.000000
2026-04-08 13:55:52.515584[INFO][ODMotor#1]            torque_factor: 1
2026-04-08 13:55:52.515591[INFO][ODMotor#1]            vel_kd_filter: 1.000000
2026-04-08 13:55:52.515598[INFO][ODMotor#1]      vel_kd_filter_store: 0.000000
2026-04-08 13:55:52.515606[INFO][ODMotor#1]               inductance: 0.000010
2026-04-08 13:55:52.515614[INFO][ODMotor#1]                 velocity: -0.005272
2026-04-08 13:55:53.357952[WARN][ODMotor#1] Motor 1 does not support explicit enabling
2026-04-08 14:21:56.229461[INFO][ODMotor#1] zlog version: 0.1.dev1+g3715879
2026-04-08 14:21:56.229477[INFO][ODMotor#1] zlog_cpp version: 1.0.1
2026-04-08 14:21:56.229486[INFO][ODMotor#1] AIRBOT Drivers: v0.2.9.2-manufacture
2026-04-08 14:21:56.536708[INFO][ODMotor#1]                  timeout: 500
2026-04-08 14:21:56.536765[INFO][ODMotor#1]         m_ntc_motor_beta: 3950.000000
2026-04-08 14:21:56.536773[INFO][ODMotor#1]              angle_ratio: 36.000000
2026-04-08 14:21:56.536779[INFO][ODMotor#1]               gear_ratio: 36.000000
2026-04-08 14:21:56.536786[INFO][ODMotor#1]                   pos_ki: 0.000000
2026-04-08 14:21:56.536792[INFO][ODMotor#1]            pos_kd_filter: 0.200000
2026-04-08 14:21:56.536797[INFO][ODMotor#1]                   vel_kd: 1.400000
2026-04-08 14:21:56.536804[INFO][ODMotor#1]                   pos_kd: 0.000040
2026-04-08 14:21:56.536810[INFO][ODMotor#1]                   pos_kp: 0.006000
2026-04-08 14:21:56.536815[INFO][ODMotor#1]               resistance: 0.280000
2026-04-08 14:21:56.536821[INFO][ODMotor#1]         manufacture_flag: vvvvvv----------
2026-04-08 14:21:56.536829[INFO][ODMotor#1]                   vel_ki: 0.100000
2026-04-08 14:21:56.536835[INFO][ODMotor#1]               product_sn: PZ25C02402000244
2026-04-08 14:21:56.536850[INFO][ODMotor#1]               board_name: vesc-motor-control
2026-04-08 14:21:56.536863[INFO][ODMotor#1]                 board_sn: DJ25FL012421327D
2026-04-08 14:21:56.536870[INFO][ODMotor#1]                   vel_kp: 0.006000
2026-04-08 14:21:56.536877[INFO][ODMotor#1]               fw_version: 0.4.1.15
2026-04-08 14:21:56.536885[INFO][ODMotor#1]                    power: 0.000000
2026-04-08 14:21:56.536892[INFO][ODMotor#1]                   torque: 0.000000
2026-04-08 14:21:56.536899[INFO][ODMotor#1]          encoder_initial: 54.184570
2026-04-08 14:21:56.536907[INFO][ODMotor#1]                 board_id: 16777216
2026-04-08 14:21:56.536914[INFO][ODMotor#1]              encoder_raw: 54.184570
2026-04-08 14:21:56.536921[INFO][ODMotor#1]               position_1: -0.000053
2026-04-08 14:21:56.536928[INFO][ODMotor#1]             pos_kp_store: 0.000000
2026-04-08 14:21:56.536934[INFO][ODMotor#1]               hw_version: 0.3.0.0
2026-04-08 14:21:56.536942[INFO][ODMotor#1]             pos_ki_store: 0.000000
2026-04-08 14:21:56.536948[INFO][ODMotor#1]               pole_pairs: 14
2026-04-08 14:21:56.536954[INFO][ODMotor#1]             pos_kd_store: 0.000000
2026-04-08 14:21:56.536961[INFO][ODMotor#1]                 position: -0.000043
2026-04-08 14:21:56.536969[INFO][ODMotor#1]             vel_kp_store: 0.000000
2026-04-08 14:21:56.536978[INFO][ODMotor#1]             vel_ki_store: 0.000000
2026-04-08 14:21:56.536985[INFO][ODMotor#1]      pos_kd_filter_store: 0.000000
2026-04-08 14:21:56.536995[INFO][ODMotor#1]             vel_kd_store: 0.000000
2026-04-08 14:21:56.537005[INFO][ODMotor#1]            torque_factor: 1
2026-04-08 14:21:56.537012[INFO][ODMotor#1]            vel_kd_filter: 1.000000
2026-04-08 14:21:56.537019[INFO][ODMotor#1]      vel_kd_filter_store: 0.000000
2026-04-08 14:21:56.537025[INFO][ODMotor#1]               inductance: 0.000010
2026-04-08 14:21:56.537040[INFO][ODMotor#1]                 velocity: -0.000663
2026-04-08 14:21:57.380072[WARN][ODMotor#1] Motor 1 does not support explicit enabling
2026-04-08 14:24:22.280881[INFO][ODMotor#1] zlog version: 0.1.dev1+g3715879
2026-04-08 14:24:22.280896[INFO][ODMotor#1] zlog_cpp version: 1.0.1
2026-04-08 14:24:22.280906[INFO][ODMotor#1] AIRBOT Drivers: v0.2.9.2-manufacture
2026-04-08 14:24:22.588100[INFO][ODMotor#1]                  timeout: 500
2026-04-08 14:24:22.588164[INFO][ODMotor#1]         m_ntc_motor_beta: 3950.000000
2026-04-08 14:24:22.588178[INFO][ODMotor#1]              angle_ratio: 36.000000
2026-04-08 14:24:22.588189[INFO][ODMotor#1]               gear_ratio: 36.000000
2026-04-08 14:24:22.588200[INFO][ODMotor#1]                   pos_ki: 0.000000
2026-04-08 14:24:22.588211[INFO][ODMotor#1]            pos_kd_filter: 0.200000
2026-04-08 14:24:22.588221[INFO][ODMotor#1]                   vel_kd: 1.400000
2026-04-08 14:24:22.588233[INFO][ODMotor#1]                   pos_kd: 0.000040
2026-04-08 14:24:22.588243[INFO][ODMotor#1]                   pos_kp: 0.006000
2026-04-08 14:24:22.588253[INFO][ODMotor#1]               resistance: 0.280000
2026-04-08 14:24:22.588264[INFO][ODMotor#1]         manufacture_flag: vvvvvv----------
2026-04-08 14:24:22.588274[INFO][ODMotor#1]                   vel_ki: 0.100000
2026-04-08 14:24:22.588284[INFO][ODMotor#1]               product_sn: PZ25C02402000244
2026-04-08 14:24:22.588293[INFO][ODMotor#1]               board_name: vesc-motor-control
2026-04-08 14:24:22.588303[INFO][ODMotor#1]                 board_sn: DJ25FL012421327D
2026-04-08 14:24:22.588313[INFO][ODMotor#1]                   vel_kp: 0.006000
2026-04-08 14:24:22.588325[INFO][ODMotor#1]               fw_version: 0.4.1.15
2026-04-08 14:24:22.588334[INFO][ODMotor#1]                    power: 0.000000
2026-04-08 14:24:22.588344[INFO][ODMotor#1]                   torque: 0.000000
2026-04-08 14:24:22.588356[INFO][ODMotor#1]          encoder_initial: 54.184570
2026-04-08 14:24:22.588367[INFO][ODMotor#1]                 board_id: 16777216
2026-04-08 14:24:22.588378[INFO][ODMotor#1]              encoder_raw: 54.162598
2026-04-08 14:24:22.588387[INFO][ODMotor#1]               position_1: -0.000032
2026-04-08 14:24:22.588404[INFO][ODMotor#1]             pos_kp_store: 0.000000
2026-04-08 14:24:22.588421[INFO][ODMotor#1]               hw_version: 0.3.0.0
2026-04-08 14:24:22.588431[INFO][ODMotor#1]             pos_ki_store: 0.000000
2026-04-08 14:24:22.588441[INFO][ODMotor#1]               pole_pairs: 14
2026-04-08 14:24:22.588452[INFO][ODMotor#1]             pos_kd_store: 0.000000
2026-04-08 14:24:22.588465[INFO][ODMotor#1]                 position: -0.000021
2026-04-08 14:24:22.588475[INFO][ODMotor#1]             vel_kp_store: 0.000000
2026-04-08 14:24:22.588486[INFO][ODMotor#1]             vel_ki_store: 0.000000
2026-04-08 14:24:22.588496[INFO][ODMotor#1]      pos_kd_filter_store: 0.000000
2026-04-08 14:24:22.588510[INFO][ODMotor#1]             vel_kd_store: 0.000000
2026-04-08 14:24:22.588524[INFO][ODMotor#1]            torque_factor: 1
2026-04-08 14:24:22.588534[INFO][ODMotor#1]            vel_kd_filter: 1.000000
2026-04-08 14:24:22.588543[INFO][ODMotor#1]      vel_kd_filter_store: 0.000000
2026-04-08 14:24:22.588553[INFO][ODMotor#1]               inductance: 0.000010
2026-04-08 14:24:22.588563[INFO][ODMotor#1]                 velocity: -0.001691
2026-04-08 14:24:23.431178[WARN][ODMotor#1] Motor 1 does not support explicit enabling
2026-04-08 14:28:55.370062[INFO][ODMotor#1] zlog version: 0.1.dev1+g3715879
2026-04-08 14:28:55.370586[INFO][ODMotor#1] zlog_cpp version: 1.0.1
2026-04-08 14:28:55.370607[INFO][ODMotor#1] AIRBOT Drivers: v0.2.9.2-manufacture
2026-04-08 14:28:55.523944[INFO][ODMotor#1]                  timeout: 500
2026-04-08 14:28:55.524019[INFO][ODMotor#1]         m_ntc_motor_beta: 3950.000000
2026-04-08 14:28:55.524029[INFO][ODMotor#1]              angle_ratio: 36.000000
2026-04-08 14:28:55.524042[INFO][ODMotor#1]               gear_ratio: 36.000000
2026-04-08 14:28:55.524049[INFO][ODMotor#1]                   pos_ki: 0.000000
2026-04-08 14:28:55.524057[INFO][ODMotor#1]            pos_kd_filter: 0.200000
2026-04-08 14:28:55.524064[INFO][ODMotor#1]                   pos_kd: 0.000040
2026-04-08 14:28:55.524072[INFO][ODMotor#1]                   pos_kp: 0.006000
2026-04-08 14:28:55.524078[INFO][ODMotor#1]               resistance: 0.280000
2026-04-08 14:28:55.524085[INFO][ODMotor#1]         manufacture_flag: vvvvvv----------
2026-04-08 14:28:55.524092[INFO][ODMotor#1]                   vel_ki: 0.100000
2026-04-08 14:28:55.524099[INFO][ODMotor#1]               product_sn: PZ25C02402000244
2026-04-08 14:28:55.524106[INFO][ODMotor#1]               board_name: vesc-motor-control
2026-04-08 14:28:55.524112[INFO][ODMotor#1]                 board_sn: DJ25FL012421327D
2026-04-08 14:28:55.524119[INFO][ODMotor#1]                   vel_kp: 0.006000
2026-04-08 14:28:55.524127[INFO][ODMotor#1]               fw_version: 0.4.1.15
2026-04-08 14:28:55.524135[INFO][ODMotor#1]                    power: 0.000000
2026-04-08 14:28:55.524142[INFO][ODMotor#1]                   torque: 0.000000
2026-04-08 14:28:55.524148[INFO][ODMotor#1]               pole_pairs: 14
2026-04-08 14:28:55.524155[INFO][ODMotor#1]             pos_kd_store: 0.000000
2026-04-08 14:28:55.524162[INFO][ODMotor#1]          encoder_initial: 54.184570
2026-04-08 14:28:55.524169[INFO][ODMotor#1]                   vel_kd: 1.400000
2026-04-08 14:28:55.524176[INFO][ODMotor#1]                 board_id: 16777216
2026-04-08 14:28:55.524183[INFO][ODMotor#1]              encoder_raw: 54.184570
2026-04-08 14:28:55.524190[INFO][ODMotor#1]               position_1: -0.000021
2026-04-08 14:28:55.524203[INFO][ODMotor#1]             pos_kp_store: 0.000000
2026-04-08 14:28:55.524214[INFO][ODMotor#1]               hw_version: 0.3.0.0
2026-04-08 14:28:55.524221[INFO][ODMotor#1]             pos_ki_store: 0.000000
2026-04-08 14:28:55.524228[INFO][ODMotor#1]                 position: -0.000032
2026-04-08 14:28:55.524235[INFO][ODMotor#1]             vel_kp_store: 0.000000
2026-04-08 14:28:55.524241[INFO][ODMotor#1]             vel_ki_store: 0.000000
2026-04-08 14:28:55.524248[INFO][ODMotor#1]      pos_kd_filter_store: 0.000000
2026-04-08 14:28:55.524256[INFO][ODMotor#1]             vel_kd_store: 0.000000
2026-04-08 14:28:55.524267[INFO][ODMotor#1]            torque_factor: 1
2026-04-08 14:28:55.524277[INFO][ODMotor#1]            vel_kd_filter: 1.000000
2026-04-08 14:28:55.524284[INFO][ODMotor#1]      vel_kd_filter_store: 0.000000
2026-04-08 14:28:55.524291[INFO][ODMotor#1]               inductance: 0.000010
2026-04-08 14:28:55.524297[INFO][ODMotor#1]                 velocity: 0.007640
2026-04-08 14:28:56.366495[WARN][ODMotor#1] Motor 1 does not support explicit enabling
2026-04-08 14:29:18.060207[INFO][ODMotor#1] zlog version: 0.1.dev1+g3715879
2026-04-08 14:29:18.060231[INFO][ODMotor#1] zlog_cpp version: 1.0.1
2026-04-08 14:29:18.060239[INFO][ODMotor#1] AIRBOT Drivers: v0.2.9.2-manufacture
2026-04-08 14:29:18.367482[INFO][ODMotor#1]                  timeout: 500
2026-04-08 14:29:18.367524[INFO][ODMotor#1]         m_ntc_motor_beta: 3950.000000
2026-04-08 14:29:18.367531[INFO][ODMotor#1]              angle_ratio: 36.000000
2026-04-08 14:29:18.367537[INFO][ODMotor#1]               gear_ratio: 36.000000
2026-04-08 14:29:18.367544[INFO][ODMotor#1]                   pos_ki: 0.000000
2026-04-08 14:29:18.367551[INFO][ODMotor#1]            pos_kd_filter: 0.200000
2026-04-08 14:29:18.367556[INFO][ODMotor#1]                   vel_kd: 1.400000
2026-04-08 14:29:18.367562[INFO][ODMotor#1]                   pos_kd: 0.000040
2026-04-08 14:29:18.367569[INFO][ODMotor#1]                   pos_kp: 0.006000
2026-04-08 14:29:18.367576[INFO][ODMotor#1]               resistance: 0.280000
2026-04-08 14:29:18.367582[INFO][ODMotor#1]         manufacture_flag: vvvvvv----------
2026-04-08 14:29:18.367588[INFO][ODMotor#1]                   vel_ki: 0.100000
2026-04-08 14:29:18.367592[INFO][ODMotor#1]               product_sn: PZ25C02402000244
2026-04-08 14:29:18.367598[INFO][ODMotor#1]               board_name: vesc-motor-control
2026-04-08 14:29:18.367603[INFO][ODMotor#1]                 board_sn: DJ25FL012421327D
2026-04-08 14:29:18.367608[INFO][ODMotor#1]                   vel_kp: 0.006000
2026-04-08 14:29:18.367615[INFO][ODMotor#1]               fw_version: 0.4.1.15
2026-04-08 14:29:18.367621[INFO][ODMotor#1]                    power: 0.019807
2026-04-08 14:29:18.367627[INFO][ODMotor#1]                   torque: 0.000000
2026-04-08 14:29:18.367632[INFO][ODMotor#1]          encoder_initial: 54.184570
2026-04-08 14:29:18.367638[INFO][ODMotor#1]                 board_id: 16777216
2026-04-08 14:29:18.367643[INFO][ODMotor#1]              encoder_raw: 35.046387
2026-04-08 14:29:18.367648[INFO][ODMotor#1]               position_1: -0.009300
2026-04-08 14:29:18.367654[INFO][ODMotor#1]             pos_kp_store: 0.000000
2026-04-08 14:29:18.367659[INFO][ODMotor#1]               hw_version: 0.3.0.0
2026-04-08 14:29:18.367665[INFO][ODMotor#1]             pos_ki_store: 0.000000
2026-04-08 14:29:18.367670[INFO][ODMotor#1]               pole_pairs: 14
2026-04-08 14:29:18.367677[INFO][ODMotor#1]             pos_kd_store: 0.000000
2026-04-08 14:29:18.367682[INFO][ODMotor#1]                 position: -0.009342
2026-04-08 14:29:18.367687[INFO][ODMotor#1]             vel_kp_store: 0.000000
2026-04-08 14:29:18.367692[INFO][ODMotor#1]             vel_ki_store: 0.000000
2026-04-08 14:29:18.367700[INFO][ODMotor#1]      pos_kd_filter_store: 0.000000
2026-04-08 14:29:18.367714[INFO][ODMotor#1]             vel_kd_store: 0.000000
2026-04-08 14:29:18.367722[INFO][ODMotor#1]            torque_factor: 1
2026-04-08 14:29:18.367727[INFO][ODMotor#1]            vel_kd_filter: 1.000000
2026-04-08 14:29:18.367733[INFO][ODMotor#1]      vel_kd_filter_store: 0.000000
2026-04-08 14:29:18.367739[INFO][ODMotor#1]               inductance: 0.000010
2026-04-08 14:29:18.367744[INFO][ODMotor#1]                 velocity: 0.001577
2026-04-08 14:29:19.209923[WARN][ODMotor#1] Motor 1 does not support explicit enabling
2026-04-08 14:38:31.930400[INFO][ODMotor#1] zlog version: 0.1.dev1+g3715879
2026-04-08 14:38:31.930417[INFO][ODMotor#1] zlog_cpp version: 1.0.1
2026-04-08 14:38:31.930427[INFO][ODMotor#1] AIRBOT Drivers: v0.2.9.2-manufacture
2026-04-08 14:38:32.237664[INFO][ODMotor#1]                  timeout: 500
2026-04-08 14:38:32.237738[INFO][ODMotor#1]         m_ntc_motor_beta: 3950.000000
2026-04-08 14:38:32.237750[INFO][ODMotor#1]              angle_ratio: 36.000000
2026-04-08 14:38:32.237763[INFO][ODMotor#1]               gear_ratio: 36.000000
2026-04-08 14:38:32.237774[INFO][ODMotor#1]                   pos_ki: 0.000000
2026-04-08 14:38:32.237785[INFO][ODMotor#1]            pos_kd_filter: 0.200000
2026-04-08 14:38:32.237795[INFO][ODMotor#1]                   vel_kd: 1.400000
2026-04-08 14:38:32.237805[INFO][ODMotor#1]                   pos_kd: 0.000040
2026-04-08 14:38:32.237815[INFO][ODMotor#1]                   pos_kp: 0.006000
2026-04-08 14:38:32.237826[INFO][ODMotor#1]               resistance: 0.280000
2026-04-08 14:38:32.237838[INFO][ODMotor#1]         manufacture_flag: vvvvvv----------
2026-04-08 14:38:32.237856[INFO][ODMotor#1]                   vel_ki: 0.100000
2026-04-08 14:38:32.237870[INFO][ODMotor#1]               product_sn: PZ25C02402000244
2026-04-08 14:38:32.237882[INFO][ODMotor#1]               board_name: vesc-motor-control
2026-04-08 14:38:32.237892[INFO][ODMotor#1]                 board_sn: DJ25FL012421327D
2026-04-08 14:38:32.237903[INFO][ODMotor#1]                   vel_kp: 0.006000
2026-04-08 14:38:32.237916[INFO][ODMotor#1]               fw_version: 0.4.1.15
2026-04-08 14:38:32.237925[INFO][ODMotor#1]                    power: 0.042504
2026-04-08 14:38:32.237936[INFO][ODMotor#1]                   torque: 0.000000
2026-04-08 14:38:32.237947[INFO][ODMotor#1]          encoder_initial: 54.184570
2026-04-08 14:38:32.237956[INFO][ODMotor#1]                 board_id: 16777216
2026-04-08 14:38:32.237966[INFO][ODMotor#1]              encoder_raw: 294.675293
2026-04-08 14:38:32.237976[INFO][ODMotor#1]               position_1: 0.989247
2026-04-08 14:38:32.237987[INFO][ODMotor#1]             pos_kp_store: 0.000000
2026-04-08 14:38:32.237997[INFO][ODMotor#1]               hw_version: 0.3.0.0
2026-04-08 14:38:32.238007[INFO][ODMotor#1]             pos_ki_store: 0.000000
2026-04-08 14:38:32.238017[INFO][ODMotor#1]               pole_pairs: 14
2026-04-08 14:38:32.238027[INFO][ODMotor#1]             pos_kd_store: 0.000000
2026-04-08 14:38:32.238045[INFO][ODMotor#1]                 position: 0.989268
2026-04-08 14:38:32.238055[INFO][ODMotor#1]             vel_kp_store: 0.000000
2026-04-08 14:38:32.238064[INFO][ODMotor#1]             vel_ki_store: 0.000000
2026-04-08 14:38:32.238074[INFO][ODMotor#1]      pos_kd_filter_store: 0.000000
2026-04-08 14:38:32.238113[INFO][ODMotor#1]             vel_kd_store: 0.000000
2026-04-08 14:38:32.238140[INFO][ODMotor#1]            torque_factor: 1
2026-04-08 14:38:32.238147[INFO][ODMotor#1]            vel_kd_filter: 1.000000
2026-04-08 14:38:32.238153[INFO][ODMotor#1]      vel_kd_filter_store: 0.000000
2026-04-08 14:38:32.238160[INFO][ODMotor#1]               inductance: 0.000010
2026-04-08 14:38:32.238166[INFO][ODMotor#1]                 velocity: 0.000638
2026-04-08 14:38:33.080622[WARN][ODMotor#1] Motor 1 does not support explicit enabling
2026-04-08 15:07:12.871748[INFO][ODMotor#1] zlog version: 0.1.dev1+g3715879
2026-04-08 15:07:12.871764[INFO][ODMotor#1] zlog_cpp version: 1.0.1
2026-04-08 15:07:12.871772[INFO][ODMotor#1] AIRBOT Drivers: v0.2.9.2-manufacture
2026-04-08 15:07:13.178969[INFO][ODMotor#1]                  timeout: 500
2026-04-08 15:07:13.179020[INFO][ODMotor#1]         m_ntc_motor_beta: 3950.000000
2026-04-08 15:07:13.179030[INFO][ODMotor#1]              angle_ratio: 36.000000
2026-04-08 15:07:13.179055[INFO][ODMotor#1]               gear_ratio: 36.000000
2026-04-08 15:07:13.179078[INFO][ODMotor#1]                   pos_ki: 0.000000
2026-04-08 15:07:13.179086[INFO][ODMotor#1]            pos_kd_filter: 0.200000
2026-04-08 15:07:13.179091[INFO][ODMotor#1]                   vel_kd: 1.400000
2026-04-08 15:07:13.179096[INFO][ODMotor#1]                   pos_kd: 0.000040
2026-04-08 15:07:13.179102[INFO][ODMotor#1]                   pos_kp: 0.006000
2026-04-08 15:07:13.179112[INFO][ODMotor#1]               resistance: 0.280000
2026-04-08 15:07:13.179122[INFO][ODMotor#1]         manufacture_flag: vvvvvv----------
2026-04-08 15:07:13.179128[INFO][ODMotor#1]                   vel_ki: 0.100000
2026-04-08 15:07:13.179133[INFO][ODMotor#1]               product_sn: PZ25C02402000244
2026-04-08 15:07:13.179138[INFO][ODMotor#1]               board_name: vesc-motor-control
2026-04-08 15:07:13.179143[INFO][ODMotor#1]                 board_sn: DJ25FL012421327D
2026-04-08 15:07:13.179148[INFO][ODMotor#1]                   vel_kp: 0.006000
2026-04-08 15:07:13.179154[INFO][ODMotor#1]               fw_version: 0.4.1.15
2026-04-08 15:07:13.179159[INFO][ODMotor#1]                    power: 0.015312
2026-04-08 15:07:13.179165[INFO][ODMotor#1]                   torque: 0.000000
2026-04-08 15:07:13.179171[INFO][ODMotor#1]          encoder_initial: 54.184570
2026-04-08 15:07:13.179176[INFO][ODMotor#1]                 board_id: 16777216
2026-04-08 15:07:13.179181[INFO][ODMotor#1]              encoder_raw: 69.499512
2026-04-08 15:07:13.179186[INFO][ODMotor#1]               position_1: 0.007361
2026-04-08 15:07:13.179191[INFO][ODMotor#1]             pos_kp_store: 0.000000
2026-04-08 15:07:13.179196[INFO][ODMotor#1]               hw_version: 0.3.0.0
2026-04-08 15:07:13.179201[INFO][ODMotor#1]             pos_ki_store: 0.000000
2026-04-08 15:07:13.179207[INFO][ODMotor#1]               pole_pairs: 14
2026-04-08 15:07:13.179212[INFO][ODMotor#1]             pos_kd_store: 0.000000
2026-04-08 15:07:13.179217[INFO][ODMotor#1]                 position: 0.007382
2026-04-08 15:07:13.179222[INFO][ODMotor#1]             vel_kp_store: 0.000000
2026-04-08 15:07:13.179227[INFO][ODMotor#1]             vel_ki_store: 0.000000
2026-04-08 15:07:13.179232[INFO][ODMotor#1]      pos_kd_filter_store: 0.000000
2026-04-08 15:07:13.179239[INFO][ODMotor#1]             vel_kd_store: 0.000000
2026-04-08 15:07:13.179247[INFO][ODMotor#1]            torque_factor: 1
2026-04-08 15:07:13.179253[INFO][ODMotor#1]            vel_kd_filter: 1.000000
2026-04-08 15:07:13.179258[INFO][ODMotor#1]      vel_kd_filter_store: 0.000000
2026-04-08 15:07:13.179263[INFO][ODMotor#1]               inductance: 0.000010
2026-04-08 15:07:13.179268[INFO][ODMotor#1]                 velocity: -0.008621
2026-04-08 15:07:14.021292[WARN][ODMotor#1] Motor 1 does not support explicit enabling
2026-04-08 15:07:21.043832[INFO][ODMotor#1] zlog version: 0.1.dev1+g3715879
2026-04-08 15:07:21.043861[INFO][ODMotor#1] zlog_cpp version: 1.0.1
2026-04-08 15:07:21.043871[INFO][ODMotor#1] AIRBOT Drivers: v0.2.9.2-manufacture
2026-04-08 15:07:21.197119[INFO][ODMotor#1]                  timeout: 500
2026-04-08 15:07:21.197157[INFO][ODMotor#1]         m_ntc_motor_beta: 3950.000000
2026-04-08 15:07:21.197166[INFO][ODMotor#1]              angle_ratio: 36.000000
2026-04-08 15:07:21.197173[INFO][ODMotor#1]               gear_ratio: 36.000000
2026-04-08 15:07:21.197180[INFO][ODMotor#1]                   pos_ki: 0.000000
2026-04-08 15:07:21.197187[INFO][ODMotor#1]            pos_kd_filter: 0.200000
2026-04-08 15:07:21.197194[INFO][ODMotor#1]                   pos_kd: 0.000040
2026-04-08 15:07:21.197205[INFO][ODMotor#1]                   pos_kp: 0.006000
2026-04-08 15:07:21.197217[INFO][ODMotor#1]               resistance: 0.280000
2026-04-08 15:07:21.197224[INFO][ODMotor#1]         manufacture_flag: vvvvvv----------
2026-04-08 15:07:21.197231[INFO][ODMotor#1]                   vel_ki: 0.100000
2026-04-08 15:07:21.197238[INFO][ODMotor#1]               product_sn: PZ25C02402000244
2026-04-08 15:07:21.197244[INFO][ODMotor#1]               board_name: vesc-motor-control
2026-04-08 15:07:21.197251[INFO][ODMotor#1]                 board_sn: DJ25FL012421327D
2026-04-08 15:07:21.197259[INFO][ODMotor#1]                   vel_kp: 0.006000
2026-04-08 15:07:21.197266[INFO][ODMotor#1]               fw_version: 0.4.1.15
2026-04-08 15:07:21.197273[INFO][ODMotor#1]                    power: -0.000036
2026-04-08 15:07:21.197280[INFO][ODMotor#1]                   torque: 0.000000
2026-04-08 15:07:21.197286[INFO][ODMotor#1]               pole_pairs: 14
2026-04-08 15:07:21.197295[INFO][ODMotor#1]             pos_kd_store: 0.000000
2026-04-08 15:07:21.197304[INFO][ODMotor#1]          encoder_initial: 54.184570
2026-04-08 15:07:21.197310[INFO][ODMotor#1]                   vel_kd: 1.400000
2026-04-08 15:07:21.197317[INFO][ODMotor#1]                 board_id: 16777216
2026-04-08 15:07:21.197324[INFO][ODMotor#1]              encoder_raw: 69.235840
2026-04-08 15:07:21.197331[INFO][ODMotor#1]               position_1: 0.007254
2026-04-08 15:07:21.197337[INFO][ODMotor#1]             pos_kp_store: 0.000000
2026-04-08 15:07:21.197343[INFO][ODMotor#1]               hw_version: 0.3.0.0
2026-04-08 15:07:21.197350[INFO][ODMotor#1]             pos_ki_store: 0.000000
2026-04-08 15:07:21.197356[INFO][ODMotor#1]                 position: 0.007265
2026-04-08 15:07:21.197362[INFO][ODMotor#1]             vel_kp_store: 0.000000
2026-04-08 15:07:21.197369[INFO][ODMotor#1]             vel_ki_store: 0.000000
2026-04-08 15:07:21.197375[INFO][ODMotor#1]      pos_kd_filter_store: 0.000000
2026-04-08 15:07:21.197381[INFO][ODMotor#1]             vel_kd_store: 0.000000
2026-04-08 15:07:21.197390[INFO][ODMotor#1]            torque_factor: 1
2026-04-08 15:07:21.197400[INFO][ODMotor#1]            vel_kd_filter: 1.000000
2026-04-08 15:07:21.197406[INFO][ODMotor#1]      vel_kd_filter_store: 0.000000
2026-04-08 15:07:21.197413[INFO][ODMotor#1]               inductance: 0.000010
2026-04-08 15:07:21.197419[INFO][ODMotor#1]                 velocity: 0.008197
2026-04-08 15:07:22.040076[WARN][ODMotor#1] Motor 1 does not support explicit enabling
