2026-04-08 13:48:51.851244[INFO][SocketcanComm[M_1]] zlog version: 0.1.dev1+g3715879
2026-04-08 13:48:51.851253[INFO][SocketcanComm[M_1]] zlog_cpp version: 1.0.1
2026-04-08 13:48:51.851257[INFO][SocketcanComm[M_1]] AIRBOT Drivers: v0.2.9.2-manufacture
2026-04-08 13:48:51.851290[INFO][SocketcanComm[M_1]] initialized on can0
2026-04-08 13:48:51.855624[ERROR][SocketcanComm[M_1]] strong write error: 14, Bad address
2026-04-08 13:49:00.952117[INFO][SocketcanComm[M_1]] zlog version: 0.1.dev1+g3715879
2026-04-08 13:49:00.952124[INFO][SocketcanComm[M_1]] zlog_cpp version: 1.0.1
2026-04-08 13:49:00.952129[INFO][SocketcanComm[M_1]] AIRBOT Drivers: v0.2.9.2-manufacture
2026-04-08 13:49:00.952169[INFO][SocketcanComm[M_1]] initialized on can0
2026-04-08 13:49:04.807267[INFO][SocketcanComm[M_1]] zlog version: 0.1.dev1+g3715879
2026-04-08 13:49:04.807274[INFO][SocketcanComm[M_1]] zlog_cpp version: 1.0.1
2026-04-08 13:49:04.807279[INFO][SocketcanComm[M_1]] AIRBOT Drivers: v0.2.9.2-manufacture
2026-04-08 13:49:04.807316[INFO][SocketcanComm[M_1]] initialized on can0
2026-04-08 13:49:04.811942[ERROR][SocketcanComm[M_1]] strong write error: 14, Bad address
2026-04-08 13:49:06.196742[INFO][SocketcanComm[M_1]] zlog version: 0.1.dev1+g3715879
2026-04-08 13:49:06.196751[INFO][SocketcanComm[M_1]] zlog_cpp version: 1.0.1
2026-04-08 13:49:06.196756[INFO][SocketcanComm[M_1]] AIRBOT Drivers: v0.2.9.2-manufacture
2026-04-08 13:49:06.196784[INFO][SocketcanComm[M_1]] initialized on can0
2026-04-08 13:49:06.201035[ERROR][SocketcanComm[M_1]] strong write error: 14, Bad address
2026-04-08 13:50:26.380196[INFO][SocketcanComm[M_1]] zlog version: 0.1.dev1+g3715879
2026-04-08 13:50:26.380210[INFO][SocketcanComm[M_1]] zlog_cpp version: 1.0.1
2026-04-08 13:50:26.380219[INFO][SocketcanComm[M_1]] AIRBOT Drivers: v0.2.9.2-manufacture
2026-04-08 13:50:26.380254[INFO][SocketcanComm[M_1]] initialized on can0
2026-04-08 13:50:26.384893[ERROR][SocketcanComm[M_1]] strong write error: 14, Bad address
2026-04-08 13:50:27.588581[WARN][SocketcanComm[M_1]] Strand operations did not complete within timeout
2026-04-08 13:53:06.203000[INFO][SocketcanComm[M_1]] zlog version: 0.1.dev1+g3715879
2026-04-08 13:53:06.203006[INFO][SocketcanComm[M_1]] zlog_cpp version: 1.0.1
2026-04-08 13:53:06.203010[INFO][SocketcanComm[M_1]] AIRBOT Drivers: v0.2.9.2-manufacture
2026-04-08 13:53:06.203049[INFO][SocketcanComm[M_1]] initialized on can0
2026-04-08 13:53:06.207556[ERROR][SocketcanComm[M_1]] strong write error: 14, Bad address
2026-04-08 13:53:07.585500[WARN][SocketcanComm[M_1]] Strand operations did not complete within timeout
2026-04-08 13:53:15.326185[INFO][SocketcanComm[M_1]] zlog version: 0.1.dev1+g3715879
2026-04-08 13:53:15.326193[INFO][SocketcanComm[M_1]] zlog_cpp version: 1.0.1
2026-04-08 13:53:15.326199[INFO][SocketcanComm[M_1]] AIRBOT Drivers: v0.2.9.2-manufacture
2026-04-08 13:53:15.326239[INFO][SocketcanComm[M_1]] initialized on can0
2026-04-08 13:53:15.331114[ERROR][SocketcanComm[M_1]] strong write error: 14, Bad address
2026-04-08 13:53:16.534979[WARN][SocketcanComm[M_1]] Strand operations did not complete within timeout
2026-04-08 13:55:52.208052[INFO][SocketcanComm[M_1]] zlog version: 0.1.dev1+g3715879
2026-04-08 13:55:52.208060[INFO][SocketcanComm[M_1]] zlog_cpp version: 1.0.1
2026-04-08 13:55:52.208066[INFO][SocketcanComm[M_1]] AIRBOT Drivers: v0.2.9.2-manufacture
2026-04-08 13:55:52.208105[INFO][SocketcanComm[M_1]] initialized on can0
2026-04-08 13:55:52.213152[ERROR][SocketcanComm[M_1]] strong write error: 14, Bad address
2026-04-08 13:55:53.432850[WARN][SocketcanComm[M_1]] Strand operations did not complete within timeout
2026-04-08 14:21:56.229507[INFO][SocketcanComm[M_1]] zlog version: 0.1.dev1+g3715879
2026-04-08 14:21:56.229518[INFO][SocketcanComm[M_1]] zlog_cpp version: 1.0.1
2026-04-08 14:21:56.229522[INFO][SocketcanComm[M_1]] AIRBOT Drivers: v0.2.9.2-manufacture
2026-04-08 14:21:56.229551[INFO][SocketcanComm[M_1]] initialized on can0
2026-04-08 14:21:56.233943[ERROR][SocketcanComm[M_1]] strong write error: 14, Bad address
2026-04-08 14:21:57.441968[WARN][SocketcanComm[M_1]] Strand operations did not complete within timeout
2026-04-08 14:24:22.280923[INFO][SocketcanComm[M_1]] zlog version: 0.1.dev1+g3715879
2026-04-08 14:24:22.280933[INFO][SocketcanComm[M_1]] zlog_cpp version: 1.0.1
2026-04-08 14:24:22.280938[INFO][SocketcanComm[M_1]] AIRBOT Drivers: v0.2.9.2-manufacture
2026-04-08 14:24:22.280971[INFO][SocketcanComm[M_1]] initialized on can0
2026-04-08 14:24:22.285579[ERROR][SocketcanComm[M_1]] strong write error: 14, Bad address
2026-04-08 14:24:23.492969[WARN][SocketcanComm[M_1]] Strand operations did not complete within timeout
2026-04-08 14:28:55.370760[INFO][SocketcanComm[M_1]] zlog version: 0.1.dev1+g3715879
2026-04-08 14:28:55.370768[INFO][SocketcanComm[M_1]] zlog_cpp version: 1.0.1
2026-04-08 14:28:55.370773[INFO][SocketcanComm[M_1]] AIRBOT Drivers: v0.2.9.2-manufacture
2026-04-08 14:28:55.370806[INFO][SocketcanComm[M_1]] initialized on can0
2026-04-08 14:29:18.060300[INFO][SocketcanComm[M_1]] zlog version: 0.1.dev1+g3715879
2026-04-08 14:29:18.060313[INFO][SocketcanComm[M_1]] zlog_cpp version: 1.0.1
2026-04-08 14:29:18.060322[INFO][SocketcanComm[M_1]] AIRBOT Drivers: v0.2.9.2-manufacture
2026-04-08 14:29:18.060356[INFO][SocketcanComm[M_1]] initialized on can0
2026-04-08 14:29:18.065079[ERROR][SocketcanComm[M_1]] strong write error: 14, Bad address
2026-04-08 14:38:31.930444[INFO][SocketcanComm[M_1]] zlog version: 0.1.dev1+g3715879
2026-04-08 14:38:31.930451[INFO][SocketcanComm[M_1]] zlog_cpp version: 1.0.1
2026-04-08 14:38:31.930456[INFO][SocketcanComm[M_1]] AIRBOT Drivers: v0.2.9.2-manufacture
2026-04-08 14:38:31.930487[INFO][SocketcanComm[M_1]] initialized on can0
2026-04-08 14:38:31.934968[ERROR][SocketcanComm[M_1]] strong write error: 14, Bad address
2026-04-08 15:07:12.871790[INFO][SocketcanComm[M_1]] zlog version: 0.1.dev1+g3715879
2026-04-08 15:07:12.871799[INFO][SocketcanComm[M_1]] zlog_cpp version: 1.0.1
2026-04-08 15:07:12.871803[INFO][SocketcanComm[M_1]] AIRBOT Drivers: v0.2.9.2-manufacture
2026-04-08 15:07:12.871833[INFO][SocketcanComm[M_1]] initialized on can0
2026-04-08 15:07:12.876244[ERROR][SocketcanComm[M_1]] strong write error: 14, Bad address
2026-04-08 15:07:21.043882[INFO][SocketcanComm[M_1]] zlog version: 0.1.dev1+g3715879
2026-04-08 15:07:21.043888[INFO][SocketcanComm[M_1]] zlog_cpp version: 1.0.1
2026-04-08 15:07:21.043893[INFO][SocketcanComm[M_1]] AIRBOT Drivers: v0.2.9.2-manufacture
2026-04-08 15:07:21.043928[INFO][SocketcanComm[M_1]] initialized on can0
